Startpoint: rst_ni (input port clocked by clk_i)
Endpoint: _46119_ (removal check against rising-edge clock clk_i)
Path Group: **async_default**
Path Type: min

  Delay    Time   Description
---------------------------------------------------------
   0.00    0.00   clock clk_i (rise edge)
   0.00    0.00   clock network delay (ideal)
   2.00    2.00 ^ input external delay
   4.51    6.51 ^ rst_ni (in)
   0.00    6.51 ^ _46119_/RESET_B (sky130_fd_sc_hd__dfrtp_4)
           6.51   data arrival time

   0.00    0.00   clock clk_i (rise edge)
   0.00    0.00   clock network delay (ideal)
   0.00    0.00   clock reconvergence pessimism
           0.00 ^ _46119_/CLK (sky130_fd_sc_hd__dfrtp_4)
   1.68    1.68   library removal time
           1.68   data required time
---------------------------------------------------------
           1.68   data required time
          -6.51   data arrival time
---------------------------------------------------------
           4.84   slack (MET)


Startpoint: _46167_ (rising edge-triggered flip-flop clocked by clk_i)
Endpoint: _46167_ (rising edge-triggered flip-flop clocked by clk_i)
Path Group: clk_i
Path Type: min

  Delay    Time   Description
---------------------------------------------------------
   0.00    0.00   clock clk_i (rise edge)
   0.00    0.00   clock network delay (ideal)
   0.00    0.00 ^ _46167_/CLK (sky130_fd_sc_hd__dfxtp_4)
   0.19    0.19 ^ _46167_/Q (sky130_fd_sc_hd__dfxtp_4)
   0.03    0.21 v _33520_/Y (sky130_fd_sc_hd__nand2_4)
   0.02    0.24 ^ _33522_/Y (sky130_fd_sc_hd__nand2_4)
   0.00    0.24 ^ _46167_/D (sky130_fd_sc_hd__dfxtp_4)
           0.24   data arrival time

   0.00    0.00   clock clk_i (rise edge)
   0.00    0.00   clock network delay (ideal)
   0.00    0.00   clock reconvergence pessimism
           0.00 ^ _46167_/CLK (sky130_fd_sc_hd__dfxtp_4)
  -0.02   -0.02   library hold time
          -0.02   data required time
---------------------------------------------------------
          -0.02   data required time
          -0.24   data arrival time
---------------------------------------------------------
           0.25   slack (MET)


Startpoint: rst_ni (input port clocked by clk_i)
Endpoint: _46119_ (recovery check against rising-edge clock clk_i)
Path Group: **async_default**
Path Type: max

  Delay    Time   Description
---------------------------------------------------------
   0.00    0.00   clock clk_i (rise edge)
   0.00    0.00   clock network delay (ideal)
   2.00    2.00 ^ input external delay
   8.57   10.57 ^ rst_ni (in)
   0.00   10.57 ^ _46119_/RESET_B (sky130_fd_sc_hd__dfrtp_4)
          10.57   data arrival time

  10.00   10.00   clock clk_i (rise edge)
   0.00   10.00   clock network delay (ideal)
   0.00   10.00   clock reconvergence pessimism
          10.00 ^ _46119_/CLK (sky130_fd_sc_hd__dfrtp_4)
  -5.69    4.31   library recovery time
           4.31   data required time
---------------------------------------------------------
           4.31   data required time
         -10.57   data arrival time
---------------------------------------------------------
          -6.26   slack (VIOLATED)


Startpoint: _46276_ (rising edge-triggered flip-flop clocked by clk_i)
Endpoint: _46337_ (rising edge-triggered flip-flop clocked by clk_i)
Path Group: clk_i
Path Type: max

  Delay    Time   Description
---------------------------------------------------------
   0.00    0.00   clock clk_i (rise edge)
   0.00    0.00   clock network delay (ideal)
   0.00    0.00 ^ _46276_/CLK (sky130_fd_sc_hd__dfxtp_4)
   0.66    0.66 ^ _46276_/Q (sky130_fd_sc_hd__dfxtp_4)
   0.75    1.41 ^ _33934_/X (sky130_fd_sc_hd__buf_1)
   0.77    2.18 ^ _33936_/X (sky130_fd_sc_hd__and4_4)
   0.60    2.77 ^ _33937_/X (sky130_fd_sc_hd__buf_1)
   0.75    3.53 ^ _34152_/X (sky130_fd_sc_hd__buf_1)
   0.48    4.01 ^ _34261_/X (sky130_fd_sc_hd__o21a_4)
   0.49    4.50 ^ _34262_/X (sky130_fd_sc_hd__and4_4)
   0.28    4.77 ^ _34263_/X (sky130_fd_sc_hd__buf_1)
   0.81    5.59 ^ _34264_/X (sky130_fd_sc_hd__buf_1)
   0.87    6.46 ^ _34677_/X (sky130_fd_sc_hd__buf_1)
   0.82    7.28 ^ _35841_/X (sky130_fd_sc_hd__buf_1)
   0.91    8.20 ^ _36142_/X (sky130_fd_sc_hd__buf_1)
   0.41    8.61 v _38660_/Y (sky130_fd_sc_hd__a2bb2oi_4)
   0.46    9.07 v _38661_/X (sky130_fd_sc_hd__o21a_4)
   0.53    9.60 v _38744_/X (sky130_fd_sc_hd__a211o_4)
   0.33    9.94 v _38748_/X (sky130_fd_sc_hd__and4_4)
   0.18   10.11 ^ _38749_/Y (sky130_fd_sc_hd__nand2_4)
   0.11   10.22 v _39076_/Y (sky130_fd_sc_hd__nor2_4)
   0.46   10.68 ^ _39512_/Y (sky130_fd_sc_hd__a21oi_4)
   0.26   10.94 v _39757_/Y (sky130_fd_sc_hd__o21ai_4)
   0.17   11.11 ^ _40477_/Y (sky130_fd_sc_hd__nand2_4)
   0.37   11.48 ^ _40481_/X (sky130_fd_sc_hd__and3_4)
   0.60   12.08 ^ _40482_/X (sky130_fd_sc_hd__buf_1)
   0.22   12.30 v _40483_/Y (sky130_fd_sc_hd__nor2_4)
   0.37   12.66 ^ _40484_/Y (sky130_fd_sc_hd__nor3_4)
   0.25   12.91 v _40490_/Y (sky130_fd_sc_hd__nand3_4)
   0.16   13.07 ^ _40511_/Y (sky130_fd_sc_hd__nand2_4)
   0.15   13.22 v _40512_/Y (sky130_fd_sc_hd__nand2_4)
   0.13   13.35 ^ _40517_/Y (sky130_fd_sc_hd__nand3_4)
   0.13   13.48 v _40519_/Y (sky130_fd_sc_hd__nand2_4)
   0.12   13.60 ^ _40540_/Y (sky130_fd_sc_hd__nand2_4)
   0.32   13.91 v _40596_/Y (sky130_fd_sc_hd__nand4_4)
   0.28   14.20 ^ _28402_/Y (sky130_fd_sc_hd__nor2_4)
   0.10   14.30 v _28403_/Y (sky130_fd_sc_hd__nor2_4)
   0.57   14.87 ^ _28404_/Y (sky130_fd_sc_hd__nor4_4)
   0.49   15.36 v _28410_/Y (sky130_fd_sc_hd__nand4_4)
   0.56   15.92 ^ _28418_/Y (sky130_fd_sc_hd__a21oi_4)
   0.17   16.09 v _31184_/Y (sky130_fd_sc_hd__inv_8)
   0.12   16.21 ^ _31186_/Y (sky130_fd_sc_hd__nand3_4)
   0.49   16.71 ^ _31187_/X (sky130_fd_sc_hd__buf_1)
   0.46   17.16 ^ _31925_/X (sky130_fd_sc_hd__buf_1)
   0.72   17.88 ^ _31926_/X (sky130_fd_sc_hd__buf_1)
   0.27   18.15 v _31929_/Y (sky130_fd_sc_hd__nand3_4)
   0.27   18.42 v _31930_/Y (sky130_fd_sc_hd__a21boi_4)
   0.00   18.42 v _46337_/D (sky130_fd_sc_hd__dfxtp_4)
          18.42   data arrival time

  10.00   10.00   clock clk_i (rise edge)
   0.00   10.00   clock network delay (ideal)
   0.00   10.00   clock reconvergence pessimism
          10.00 ^ _46337_/CLK (sky130_fd_sc_hd__dfxtp_4)
  -0.31    9.69   library setup time
           9.69   data required time
---------------------------------------------------------
           9.69   data required time
         -18.42   data arrival time
---------------------------------------------------------
          -8.73   slack (VIOLATED)


