Startpoint: rst_ni (input port clocked by clk_i)
Endpoint: _46119_ (removal check against rising-edge clock clk_i)
Path Group: **async_default**
Path Type: min

  Delay    Time   Description
---------------------------------------------------------
   0.00    0.00   clock clk_i (rise edge)
   0.00    0.00   clock network delay (ideal)
   2.00    2.00 ^ input external delay
   4.51    6.51 ^ rst_ni (in)
   0.00    6.51 ^ _46119_/RESET_B (sky130_fd_sc_hd__dfrtp_4)
           6.51   data arrival time

   0.00    0.00   clock clk_i (rise edge)
   0.00    0.00   clock network delay (ideal)
   0.00    0.00   clock reconvergence pessimism
           0.00 ^ _46119_/CLK (sky130_fd_sc_hd__dfrtp_4)
   1.68    1.68   library removal time
           1.68   data required time
---------------------------------------------------------
           1.68   data required time
          -6.51   data arrival time
---------------------------------------------------------
           4.84   slack (MET)


Startpoint: _46344_ (rising edge-triggered flip-flop clocked by clk_i)
Endpoint: _46344_ (rising edge-triggered flip-flop clocked by clk_i)
Path Group: clk_i
Path Type: min

  Delay    Time   Description
---------------------------------------------------------
   0.00    0.00   clock clk_i (rise edge)
   0.00    0.00   clock network delay (ideal)
   0.00    0.00 ^ _46344_/CLK (sky130_fd_sc_hd__dfxtp_4)
   0.20    0.20 ^ _46344_/Q (sky130_fd_sc_hd__dfxtp_4)
   0.06    0.26 ^ _31861_/X (sky130_fd_sc_hd__a21o_4)
   0.00    0.26 ^ _46344_/D (sky130_fd_sc_hd__dfxtp_4)
           0.26   data arrival time

   0.00    0.00   clock clk_i (rise edge)
   0.00    0.00   clock network delay (ideal)
   0.00    0.00   clock reconvergence pessimism
           0.00 ^ _46344_/CLK (sky130_fd_sc_hd__dfxtp_4)
  -0.02   -0.02   library hold time
          -0.02   data required time
---------------------------------------------------------
          -0.02   data required time
          -0.26   data arrival time
---------------------------------------------------------
           0.28   slack (MET)


Startpoint: rst_ni (input port clocked by clk_i)
Endpoint: _46119_ (recovery check against rising-edge clock clk_i)
Path Group: **async_default**
Path Type: max

  Delay    Time   Description
---------------------------------------------------------
   0.00    0.00   clock clk_i (rise edge)
   0.00    0.00   clock network delay (ideal)
   2.00    2.00 ^ input external delay
   8.57   10.57 ^ rst_ni (in)
   0.00   10.57 ^ _46119_/RESET_B (sky130_fd_sc_hd__dfrtp_4)
          10.57   data arrival time

  10.00   10.00   clock clk_i (rise edge)
   0.00   10.00   clock network delay (ideal)
   0.00   10.00   clock reconvergence pessimism
          10.00 ^ _46119_/CLK (sky130_fd_sc_hd__dfrtp_4)
  -5.69    4.31   library recovery time
           4.31   data required time
---------------------------------------------------------
           4.31   data required time
         -10.57   data arrival time
---------------------------------------------------------
          -6.26   slack (VIOLATED)


Startpoint: _46279_ (rising edge-triggered flip-flop clocked by clk_i)
Endpoint: _46336_ (rising edge-triggered flip-flop clocked by clk_i)
Path Group: clk_i
Path Type: max

  Delay    Time   Description
---------------------------------------------------------
   0.00    0.00   clock clk_i (rise edge)
   0.00    0.00   clock network delay (ideal)
   0.00    0.00 ^ _46279_/CLK (sky130_fd_sc_hd__dfxtp_4)
   0.68    0.68 ^ _46279_/Q (sky130_fd_sc_hd__dfxtp_4)
   0.75    1.42 ^ _33917_/X (sky130_fd_sc_hd__buf_1)
   0.26    1.69 v _33930_/Y (sky130_fd_sc_hd__inv_8)
   0.55    2.23 ^ _33931_/Y (sky130_fd_sc_hd__nor3_4)
   0.56    2.80 ^ _35770_/X (sky130_fd_sc_hd__and3_4)
   0.82    3.62 ^ _35771_/X (sky130_fd_sc_hd__buf_1)
   0.34    3.96 v _35772_/Y (sky130_fd_sc_hd__o21ai_4)
   0.19    4.15 ^ _35773_/Y (sky130_fd_sc_hd__nand3_4)
   0.09    4.24 v _35774_/Y (sky130_fd_sc_hd__a21oi_4)
   0.46    4.70 v _35787_/X (sky130_fd_sc_hd__buf_1)
   0.32    5.02 ^ _35788_/Y (sky130_fd_sc_hd__nand3_4)
   0.22    5.24 v _35789_/Y (sky130_fd_sc_hd__nand2_4)
   0.14    5.38 ^ _35809_/Y (sky130_fd_sc_hd__nand3_4)
   0.23    5.61 v _35822_/Y (sky130_fd_sc_hd__nand3_4)
   0.46    6.06 v _35823_/X (sky130_fd_sc_hd__buf_1)
   0.26    6.33 ^ _35838_/Y (sky130_fd_sc_hd__nor2_4)
   0.49    6.81 ^ _35839_/X (sky130_fd_sc_hd__buf_1)
   0.76    7.57 ^ _36208_/X (sky130_fd_sc_hd__buf_1)
   0.75    8.32 ^ _38416_/X (sky130_fd_sc_hd__buf_1)
   0.79    9.11 ^ _39900_/X (sky130_fd_sc_hd__buf_1)
   0.48    9.59 ^ _39967_/X (sky130_fd_sc_hd__a21o_4)
   0.21    9.80 ^ _40047_/X (sky130_fd_sc_hd__a21o_4)
   0.24   10.04 ^ _40049_/X (sky130_fd_sc_hd__and2_4)
   0.62   10.66 ^ _40050_/X (sky130_fd_sc_hd__buf_1)
   0.74   11.40 ^ _40311_/X (sky130_fd_sc_hd__and4_4)
   0.33   11.72 ^ _40312_/X (sky130_fd_sc_hd__and2_4)
   0.13   11.86 v _40313_/Y (sky130_fd_sc_hd__nand2_4)
   0.11   11.96 ^ _40452_/Y (sky130_fd_sc_hd__nand2_4)
   0.17   12.13 v _40454_/Y (sky130_fd_sc_hd__nand2_4)
   0.30   12.43 ^ _40466_/Y (sky130_fd_sc_hd__a21oi_4)
   0.26   12.69 v _40467_/Y (sky130_fd_sc_hd__nand4_4)
   0.25   12.94 ^ _40468_/Y (sky130_fd_sc_hd__nor2_4)
   0.30   13.25 v _40490_/Y (sky130_fd_sc_hd__nand3_4)
   0.22   13.47 ^ _40511_/Y (sky130_fd_sc_hd__nand2_4)
   0.15   13.62 v _40512_/Y (sky130_fd_sc_hd__nand2_4)
   0.11   13.73 ^ _40517_/Y (sky130_fd_sc_hd__nand3_4)
   0.13   13.86 v _40519_/Y (sky130_fd_sc_hd__nand2_4)
   0.15   14.02 ^ _40540_/Y (sky130_fd_sc_hd__nand2_4)
   0.33   14.35 v _40596_/Y (sky130_fd_sc_hd__nand4_4)
   0.27   14.62 ^ _28402_/Y (sky130_fd_sc_hd__nor2_4)
   0.10   14.72 v _28403_/Y (sky130_fd_sc_hd__nor2_4)
   0.57   15.29 ^ _28404_/Y (sky130_fd_sc_hd__nor4_4)
   0.48   15.78 v _28410_/Y (sky130_fd_sc_hd__nand4_4)
   0.55   16.32 ^ _28418_/Y (sky130_fd_sc_hd__a21oi_4)
   0.16   16.49 v _31184_/Y (sky130_fd_sc_hd__inv_8)
   0.10   16.58 ^ _31186_/Y (sky130_fd_sc_hd__nand3_4)
   0.56   17.14 ^ _31187_/X (sky130_fd_sc_hd__buf_1)
   0.43   17.57 ^ _31925_/X (sky130_fd_sc_hd__buf_1)
   0.76   18.33 ^ _31926_/X (sky130_fd_sc_hd__buf_1)
   0.26   18.60 v _31937_/Y (sky130_fd_sc_hd__nand3_4)
   0.27   18.87 v _31938_/Y (sky130_fd_sc_hd__a21boi_4)
   0.00   18.87 v _46336_/D (sky130_fd_sc_hd__dfxtp_4)
          18.87   data arrival time

  10.00   10.00   clock clk_i (rise edge)
   0.00   10.00   clock network delay (ideal)
   0.00   10.00   clock reconvergence pessimism
          10.00 ^ _46336_/CLK (sky130_fd_sc_hd__dfxtp_4)
  -0.32    9.68   library setup time
           9.68   data required time
---------------------------------------------------------
           9.68   data required time
         -18.87   data arrival time
---------------------------------------------------------
          -9.19   slack (VIOLATED)


