OpenROAD 0.9.0 d03ebfc244
This program is licensed under the BSD-3 license. See the LICENSE file for details. 
Components of this program may be licensed under more restrictive licenses which must be honored.
Error: cannot open '/.openroad'.
Notice 0: Reading LEF file:  /openLANE_flow/designs/soc_mem/runs/18-12_21-23/tmp/merged_unpadded.lef
Notice 0: error: undefined layer (nwell) referenced
Notice 0: error: undefined layer (pwell) referenced
Notice 0:     Created 11 technology layers
Notice 0:     Created 25 technology vias
Notice 0:     Created 438 library cells
Notice 0: Finished LEF file:  /openLANE_flow/designs/soc_mem/runs/18-12_21-23/tmp/merged_unpadded.lef
Notice 0: 
Reading DEF file: /openLANE_flow/designs/soc_mem/runs/18-12_21-23/results/floorplan/openstriVe_soc_mem.floorplan.def
Notice 0: Design: openstriVe_soc_mem
Notice 0: 		Created 100000 Insts
Notice 0: 		Created 200000 Insts
Notice 0: 		Created 300000 Insts
Notice 0: 		Created 100000 Nets
Notice 0: 		Created 200000 Nets
Notice 0:     Created 92 pins.
Notice 0:     Created 392762 components and 1535991 component-terminals.
Notice 0:     Created 228369 nets and 750467 connections.
Notice 0: Finished DEF file: /openLANE_flow/designs/soc_mem/runs/18-12_21-23/results/floorplan/openstriVe_soc_mem.floorplan.def
[INFO] [PDNG-0016] Power Delivery Network Generator: Generating PDN
[INFO] [PDNG-0016]   config: /pdks/sky130A/libs.tech/openlane/common_pdn.tcl
[INFO] [PDNG-0008] Design Name is openstriVe_soc_mem
[INFO] [PDNG-0009] Reading technology data
[INFO] [PDNG-0011] ****** INFO ******
Type: stdcell, grid
    Stdcell Rails
      Layer: met1 -  width: 0.480  pitch: 2.720  offset: 0.000 
    Straps
      Layer: met4 -  width: 1.600  pitch: 153.600  offset: 16.320 
    Connect:  {met1 met4}
Type: macro, macro_1
    Macro orientation: R0 R180 MX MY R90 R270 MXR90 MYR90
    Straps
    Connect: {met4_PIN_ver met5}
[INFO] [PDNG-0012] **** END INFO ****
[INFO] [PDNG-0013] Inserting stdcell grid - grid
[INFO] [PDNG-0015] Writing to database
