Startpoint: HRESETn (input port clocked by HCLK)
Endpoint: _45391_ (removal check against rising-edge clock HCLK)
Path Group: **async_default**
Path Type: min

  Delay    Time   Description
---------------------------------------------------------
   0.00    0.00   clock HCLK (rise edge)
   0.00    0.00   clock network delay (ideal)
   2.00    2.00 ^ input external delay
   4.54    6.54 ^ HRESETn (in)
   0.00    6.54 ^ _45391_/RESET_B (sky130_fd_sc_hd__dfrtp_4)
           6.54   data arrival time

   0.00    0.00   clock HCLK (rise edge)
   0.00    0.00   clock network delay (ideal)
   0.00    0.00   clock reconvergence pessimism
           0.00 ^ _45391_/CLK (sky130_fd_sc_hd__dfrtp_4)
   1.68    1.68   library removal time
           1.68   data required time
---------------------------------------------------------
           1.68   data required time
          -6.54   data arrival time
---------------------------------------------------------
           4.85   slack (MET)


Startpoint: _45529_ (rising edge-triggered flip-flop clocked by HCLK)
Endpoint: _45529_ (rising edge-triggered flip-flop clocked by HCLK)
Path Group: HCLK
Path Type: min

  Delay    Time   Description
---------------------------------------------------------
   0.00    0.00   clock HCLK (rise edge)
   0.00    0.00   clock network delay (ideal)
   0.00    0.00 ^ _45529_/CLK (sky130_fd_sc_hd__dfxtp_4)
   0.20    0.20 ^ _45529_/Q (sky130_fd_sc_hd__dfxtp_4)
   0.06    0.26 ^ _31126_/X (sky130_fd_sc_hd__a21bo_4)
   0.00    0.26 ^ _45529_/D (sky130_fd_sc_hd__dfxtp_4)
           0.26   data arrival time

   0.00    0.00   clock HCLK (rise edge)
   0.00    0.00   clock network delay (ideal)
   0.00    0.00   clock reconvergence pessimism
           0.00 ^ _45529_/CLK (sky130_fd_sc_hd__dfxtp_4)
  -0.02   -0.02   library hold time
          -0.02   data required time
---------------------------------------------------------
          -0.02   data required time
          -0.26   data arrival time
---------------------------------------------------------
           0.27   slack (MET)


Startpoint: HRESETn (input port clocked by HCLK)
Endpoint: _45391_ (recovery check against rising-edge clock HCLK)
Path Group: **async_default**
Path Type: max

  Delay    Time   Description
---------------------------------------------------------
   0.00    0.00   clock HCLK (rise edge)
   0.00    0.00   clock network delay (ideal)
   2.00    2.00 ^ input external delay
   8.62   10.62 ^ HRESETn (in)
   0.00   10.62 ^ _45391_/RESET_B (sky130_fd_sc_hd__dfrtp_4)
          10.62   data arrival time

  10.00   10.00   clock HCLK (rise edge)
   0.00   10.00   clock network delay (ideal)
   0.00   10.00   clock reconvergence pessimism
          10.00 ^ _45391_/CLK (sky130_fd_sc_hd__dfrtp_4)
  -5.73    4.27   library recovery time
           4.27   data required time
---------------------------------------------------------
           4.27   data required time
         -10.62   data arrival time
---------------------------------------------------------
          -6.35   slack (VIOLATED)


Startpoint: _45461_ (rising edge-triggered flip-flop clocked by HCLK)
Endpoint: _45425_ (rising edge-triggered flip-flop clocked by HCLK)
Path Group: HCLK
Path Type: max

  Delay    Time   Description
---------------------------------------------------------
   0.00    0.00   clock HCLK (rise edge)
   0.00    0.00   clock network delay (ideal)
   0.00    0.00 ^ _45461_/CLK (sky130_fd_sc_hd__dfxtp_4)
   0.66    0.66 v _45461_/Q (sky130_fd_sc_hd__dfxtp_4)
   0.22    0.88 ^ _33117_/Y (sky130_fd_sc_hd__inv_2)
   0.21    1.09 v _33118_/Y (sky130_fd_sc_hd__nand3_4)
   0.40    1.50 v _33150_/X (sky130_fd_sc_hd__buf_2)
   0.60    2.10 ^ _33151_/Y (sky130_fd_sc_hd__nor4_4)
   0.22    2.32 v _33152_/Y (sky130_fd_sc_hd__inv_2)
   0.49    2.81 v _33464_/X (sky130_fd_sc_hd__a211o_4)
   0.29    3.09 v _33467_/X (sky130_fd_sc_hd__and3_4)
   0.33    3.43 v _33468_/X (sky130_fd_sc_hd__buf_2)
   0.20    3.63 ^ _33469_/Y (sky130_fd_sc_hd__inv_2)
   0.45    4.07 ^ _33493_/X (sky130_fd_sc_hd__buf_2)
   0.22    4.29 v _33494_/Y (sky130_fd_sc_hd__nand3_4)
   0.44    4.74 v _33497_/X (sky130_fd_sc_hd__a21o_4)
   0.27    5.00 v _34338_/X (sky130_fd_sc_hd__and4_4)
   0.26    5.26 v _34339_/X (sky130_fd_sc_hd__buf_2)
   0.38    5.64 v _35503_/X (sky130_fd_sc_hd__buf_2)
   0.16    5.79 ^ _36500_/Y (sky130_fd_sc_hd__nand3_4)
   0.17    5.97 v _36503_/Y (sky130_fd_sc_hd__nand3_4)
   0.14    6.10 ^ _36578_/Y (sky130_fd_sc_hd__nand2_4)
   0.13    6.23 v _36587_/Y (sky130_fd_sc_hd__nand2_4)
   0.28    6.52 ^ _36594_/Y (sky130_fd_sc_hd__a21oi_4)
   0.19    6.71 v _36931_/Y (sky130_fd_sc_hd__o21ai_4)
   0.36    7.07 v _42807_/X (sky130_fd_sc_hd__buf_2)
   0.42    7.49 v _42821_/X (sky130_fd_sc_hd__a21o_4)
   0.10    7.59 ^ _42823_/Y (sky130_fd_sc_hd__nand2_4)
   0.41    8.00 ^ _22727_/X (sky130_fd_sc_hd__buf_2)
   0.21    8.21 v _31356_/Y (sky130_fd_sc_hd__nand3_4)
   0.41    8.61 v _31361_/X (sky130_fd_sc_hd__a21o_4)
   0.28    8.89 v _31362_/X (sky130_fd_sc_hd__o21a_4)
   0.20    9.09 ^ _32402_/Y (sky130_fd_sc_hd__nor2_4)
   0.35    9.44 ^ _32403_/Y (sky130_fd_sc_hd__a21boi_4)
   0.49    9.93 ^ _32404_/X (sky130_fd_sc_hd__and4_4)
   0.29   10.22 ^ _32405_/X (sky130_fd_sc_hd__buf_2)
   0.19   10.41 v _32406_/Y (sky130_fd_sc_hd__inv_2)
   0.55   10.96 ^ _32407_/Y (sky130_fd_sc_hd__nor4_4)
   0.77   11.73 ^ _32414_/X (sky130_fd_sc_hd__and4_4)
   0.16   11.89 v _32415_/Y (sky130_fd_sc_hd__inv_2)
   0.54   12.43 ^ _32416_/Y (sky130_fd_sc_hd__nor4_4)
   0.77   13.20 ^ _32422_/X (sky130_fd_sc_hd__and4_4)
   0.16   13.36 v _32423_/Y (sky130_fd_sc_hd__inv_2)
   0.47   13.83 ^ _32424_/Y (sky130_fd_sc_hd__nor4_4)
   0.66   14.49 ^ _32428_/X (sky130_fd_sc_hd__and4_4)
   0.09   14.58 v _32429_/Y (sky130_fd_sc_hd__inv_2)
   0.35   14.93 v _32437_/X (sky130_fd_sc_hd__buf_2)
   0.38   15.31 ^ _32438_/Y (sky130_fd_sc_hd__nor3_4)
   0.30   15.61 v _32439_/Y (sky130_fd_sc_hd__nand4_4)
   0.13   15.74 ^ _32443_/Y (sky130_fd_sc_hd__nand2_4)
   0.37   16.11 v _32447_/X (sky130_fd_sc_hd__a2bb2o_4)
   0.00   16.11 v _45425_/D (sky130_fd_sc_hd__dfxtp_4)
          16.11   data arrival time

  10.00   10.00   clock HCLK (rise edge)
   0.00   10.00   clock network delay (ideal)
   0.00   10.00   clock reconvergence pessimism
          10.00 ^ _45425_/CLK (sky130_fd_sc_hd__dfxtp_4)
  -0.28    9.72   library setup time
           9.72   data required time
---------------------------------------------------------
           9.72   data required time
         -16.11   data arrival time
---------------------------------------------------------
          -6.39   slack (VIOLATED)


