
47. Printing statistics.

=== ibex_wrapper ===

   Number of wires:              24621
   Number of wire bits:          24738
   Number of public wires:        1971
   Number of public wire bits:    2088
   Number of memories:               0
   Number of memory bits:            0
   Number of processes:              0
   Number of cells:              24678
     sky130_fd_sc_hd__a2111o_4      59
     sky130_fd_sc_hd__a2111oi_4     35
     sky130_fd_sc_hd__a211o_4      690
     sky130_fd_sc_hd__a21bo_4      132
     sky130_fd_sc_hd__a21boi_4     354
     sky130_fd_sc_hd__a21o_4      1823
     sky130_fd_sc_hd__a21oi_4      922
     sky130_fd_sc_hd__a22oi_4      133
     sky130_fd_sc_hd__a2bb2o_4      80
     sky130_fd_sc_hd__a2bb2oi_4      4
     sky130_fd_sc_hd__a32o_4        51
     sky130_fd_sc_hd__a32oi_4       26
     sky130_fd_sc_hd__a41o_4        79
     sky130_fd_sc_hd__a41oi_4      122
     sky130_fd_sc_hd__and2_4      1052
     sky130_fd_sc_hd__and3_4       133
     sky130_fd_sc_hd__and4_4       280
     sky130_fd_sc_hd__buf_2       4605
     sky130_fd_sc_hd__conb_1         3
     sky130_fd_sc_hd__dfrtp_4     1658
     sky130_fd_sc_hd__dfstp_4       10
     sky130_fd_sc_hd__dfxtp_4      268
     sky130_fd_sc_hd__dlclkp_1       1
     sky130_fd_sc_hd__inv_2       1747
     sky130_fd_sc_hd__nand2_4     3430
     sky130_fd_sc_hd__nand3_4     2688
     sky130_fd_sc_hd__nand4_4      593
     sky130_fd_sc_hd__nor2_4      1011
     sky130_fd_sc_hd__nor3_4       195
     sky130_fd_sc_hd__nor4_4       103
     sky130_fd_sc_hd__o21a_4       607
     sky130_fd_sc_hd__o21ai_4     1104
     sky130_fd_sc_hd__o22a_4        37
     sky130_fd_sc_hd__o32a_4        11
     sky130_fd_sc_hd__o32ai_4       57
     sky130_fd_sc_hd__o41a_4        46
     sky130_fd_sc_hd__o41ai_4       31
     sky130_fd_sc_hd__or2_4        140
     sky130_fd_sc_hd__or3_4         20
     sky130_fd_sc_hd__or4_4          4
     sky130_fd_sc_hd__xnor2_4      124
     sky130_fd_sc_hd__xor2_4       210

   Chip area for module '\ibex_wrapper': 331849.520000

