Notice 0: Reading LEF file:  /openLANE_flow/designs/ibex/runs/03-12_09-57/tmp/merged.lef
Notice 0:     Created 11 technology layers
Notice 0:     Created 25 technology vias
Notice 0:     Created 437 library cells
Notice 0: Finished LEF file:  /openLANE_flow/designs/ibex/runs/03-12_09-57/tmp/merged.lef
Notice 0: 
Reading DEF file: /openLANE_flow/designs/ibex/runs/03-12_09-57/results/routing/ibex_core.def
Notice 0: Design: ibex_core
Notice 0: 		Created 100000 Insts
Notice 0:     Created 266 pins.
Notice 0:     Created 132696 components and 339362 component-terminals.
Notice 0:     Created 2 special nets and 0 connections.
Notice 0:     Created 22166 nets and 73964 connections.
Notice 0: Finished DEF file: /openLANE_flow/designs/ibex/runs/03-12_09-57/results/routing/ibex_core.def
Top-level design name: ibex_core
Found port VPWR of type SIGNAL
Found port VGND of type SIGNAL
Power net:  VPWR
Ground net: VGND
Modified power connections of 132696 cells (Remaining: 0 ).
