
Magic 8.3 revision 93 - Compiled on Mon Dec  7 16:32:25 UTC 2020.
Starting magic under Tcl interpreter
Using the terminal as the console.
Using NULL graphics device.
Processing system .magicrc file
Sourcing design .magicrc for technology sky130A ...
2 Magic internal units = 1 Lambda
Input style sky130: scaleFactor=2, multiplier=2
Scaled tech values by 2 / 1 to match internal grid scaling
Loading sky130A Device Generator Menu ...
Loading "/openLANE_flow/scripts/magic/mag_gds.tcl" from command line.
Reading LEF data from file /pdks/sky130A/libs.ref/sky130_fd_sc_hd/techlef/sky130_fd_sc_hd.tlef.
This action cannot be undone.
LEF read, Line 61 (Message): Unknown keyword "ANTENNAMODEL" in LEF file; ignoring.
LEF read, Line 62 (Message): Unknown keyword "ANTENNADIFFSIDEAREARATIO" in LEF file; ignoring.
LEF read, Line 95 (Message): Unknown keyword "ANTENNAMODEL" in LEF file; ignoring.
LEF read, Line 96 (Message): Unknown keyword "ANTENNADIFFSIDEAREARATIO" in LEF file; ignoring.
LEF read, Line 102 (Message): Unknown keyword "MAXIMUMDENSITY" in LEF file; ignoring.
LEF read, Line 103 (Message): Unknown keyword "DENSITYCHECKWINDOW" in LEF file; ignoring.
LEF read, Line 104 (Message): Unknown keyword "DENSITYCHECKSTEP" in LEF file; ignoring.
LEF read, Line 142 (Message): Unknown keyword "ANTENNAMODEL" in LEF file; ignoring.
LEF read, Line 143 (Message): Unknown keyword "ANTENNADIFFSIDEAREARATIO" in LEF file; ignoring.
LEF read, Line 145 (Message): Unknown keyword "MAXIMUMDENSITY" in LEF file; ignoring.
LEF read, Line 146 (Message): Unknown keyword "DENSITYCHECKWINDOW" in LEF file; ignoring.
LEF read, Line 147 (Message): Unknown keyword "DENSITYCHECKSTEP" in LEF file; ignoring.
LEF read, Line 183 (Message): Unknown keyword "ANTENNAMODEL" in LEF file; ignoring.
LEF read, Line 184 (Message): Unknown keyword "ANTENNADIFFSIDEAREARATIO" in LEF file; ignoring.
LEF read, Line 186 (Message): Unknown keyword "MAXIMUMDENSITY" in LEF file; ignoring.
LEF read, Line 187 (Message): Unknown keyword "DENSITYCHECKWINDOW" in LEF file; ignoring.
LEF read, Line 188 (Message): Unknown keyword "DENSITYCHECKSTEP" in LEF file; ignoring.
LEF read, Line 224 (Message): Unknown keyword "ANTENNAMODEL" in LEF file; ignoring.
LEF read, Line 225 (Message): Unknown keyword "ANTENNADIFFSIDEAREARATIO" in LEF file; ignoring.
LEF read, Line 227 (Message): Unknown keyword "MAXIMUMDENSITY" in LEF file; ignoring.
LEF read, Line 228 (Message): Unknown keyword "DENSITYCHECKWINDOW" in LEF file; ignoring.
LEF read, Line 229 (Message): Unknown keyword "DENSITYCHECKSTEP" in LEF file; ignoring.
LEF read, Line 265 (Message): Unknown keyword "ANTENNAMODEL" in LEF file; ignoring.
LEF read, Line 266 (Message): Unknown keyword "ANTENNADIFFSIDEAREARATIO" in LEF file; ignoring.
LEF read: Processed 772 lines.
Reading DEF data from file /openLANE_flow/designs/ibex_wrapper/runs/18-12_18-19/results/routing/ibex_wrapper.def.
This action cannot be undone.
  Processed 5 vias total.
  Processed 131308 subcell instances total.
  Processed 145 pins total.
  Processed 2 special nets total.
  Processed 25008 nets total.
DEF read: Processed 648390 lines.
[INFO]: Zeroizing Origin
[INFO]: Current Box Values: 0 0 232634 234778
   Writing cell ibex_wrapper
   Writing cell sky130_fd_sc_hd__decap_12
   Writing cell sky130_fd_sc_hd__decap_3
   Writing cell sky130_fd_sc_hd__decap_4
   Writing cell sky130_fd_sc_hd__tapvpwrvgnd_1
   Writing cell sky130_fd_sc_hd__fill_2
   Writing cell sky130_fd_sc_hd__decap_8
   Writing cell sky130_fd_sc_hd__decap_6
   Writing cell sky130_fd_sc_hd__dfrtp_4
   Writing cell sky130_fd_sc_hd__a21o_4
   Writing cell sky130_fd_sc_hd__fill_1
   Writing cell sky130_fd_sc_hd__and2_4
   Writing cell sky130_fd_sc_hd__diode_2
   Writing cell sky130_fd_sc_hd__clkbuf_1
   Writing cell sky130_fd_sc_hd__buf_2
   Writing cell sky130_fd_sc_hd__nand2_4
   Writing cell sky130_fd_sc_hd__a21oi_4
   Writing cell sky130_fd_sc_hd__nand3_4
   Writing cell sky130_fd_sc_hd__inv_2
   Writing cell sky130_fd_sc_hd__a211o_4
   Writing cell sky130_fd_sc_hd__nor2_4
   Writing cell sky130_fd_sc_hd__o21ai_4
   Writing cell sky130_fd_sc_hd__clkbuf_16
   Writing cell sky130_fd_sc_hd__o21a_4
   Writing cell sky130_fd_sc_hd__a21boi_4
   Writing cell sky130_fd_sc_hd__dfxtp_4
   Writing cell sky130_fd_sc_hd__nand4_4
   Writing cell sky130_fd_sc_hd__nor4_4
   Writing cell sky130_fd_sc_hd__a32o_4
   Writing cell sky130_fd_sc_hd__nor3_4
   Writing cell sky130_fd_sc_hd__and4_4
   Writing cell sky130_fd_sc_hd__conb_1
   Writing cell sky130_fd_sc_hd__a21bo_4
   Writing cell sky130_fd_sc_hd__a41o_4
   Writing cell sky130_fd_sc_hd__a32oi_4
   Writing cell sky130_fd_sc_hd__a2bb2o_4
   Writing cell sky130_fd_sc_hd__or2_4
   Writing cell sky130_fd_sc_hd__o32a_4
   Writing cell sky130_fd_sc_hd__a22oi_4
   Writing cell sky130_fd_sc_hd__a2111oi_4
   Writing cell sky130_fd_sc_hd__and3_4
   Writing cell sky130_fd_sc_hd__o41ai_4
   Writing cell sky130_fd_sc_hd__o32ai_4
   Writing cell sky130_fd_sc_hd__a2bb2oi_4
   Writing cell sky130_fd_sc_hd__a41oi_4
   Writing cell sky130_fd_sc_hd__a2111o_4
   Writing cell sky130_fd_sc_hd__dfstp_4
   Writing cell sky130_fd_sc_hd__dlclkp_1
   Writing cell sky130_fd_sc_hd__o41a_4
   Writing cell sky130_fd_sc_hd__o22a_4
   Writing cell sky130_fd_sc_hd__xnor2_4
   Writing cell sky130_fd_sc_hd__xor2_4
   Writing cell sky130_fd_sc_hd__or3_4
   Writing cell sky130_fd_sc_hd__or4_4
[INFO]: GDS Write Complete
