OpenROAD 0.9.0 e582f2522b
This program is licensed under the BSD-3 license. See the LICENSE file for details. 
Components of this program may be licensed under more restrictive licenses which must be honored.
Warning: /pdks/sky130A/libs.ref/sky130_fd_sc_hd/lib/sky130_fd_sc_hd__tt_025C_1v80.lib, line 31 default_operating_condition tt_025C_1v80 not found.
Notice 0: Reading LEF file:  /openLANE_flow/designs/ibex/runs/03-12_09-57/tmp/merged_unpadded.lef
Notice 0:     Created 11 technology layers
Notice 0:     Created 25 technology vias
Notice 0:     Created 437 library cells
Notice 0: Finished LEF file:  /openLANE_flow/designs/ibex/runs/03-12_09-57/tmp/merged_unpadded.lef
Warning: LEF macro sky130_fd_sc_hd__lpflow_lsbuf_lh_isowell_tap_1 pin VPB missing from liberty cell
Warning: LEF macro sky130_fd_sc_hd__lpflow_lsbuf_lh_hl_isowell_tap_1 pin VPB missing from liberty cell
Warning: LEF macro sky130_fd_sc_hd__lpflow_lsbuf_lh_isowell_tap_4 pin VPB missing from liberty cell
Warning: LEF macro sky130_fd_sc_hd__lpflow_lsbuf_lh_hl_isowell_tap_2 pin VPB missing from liberty cell
Warning: LEF macro sky130_fd_sc_hd__lpflow_lsbuf_lh_hl_isowell_tap_4 pin VPB missing from liberty cell
Warning: LEF macro sky130_fd_sc_hd__lpflow_lsbuf_lh_isowell_tap_2 pin VPB missing from liberty cell
Notice 0: 
Reading DEF file: /openLANE_flow/designs/ibex/runs/03-12_09-57/tmp/routing/fastroute.def
Notice 0: Design: ibex_core
Notice 0:     Created 266 pins.
Notice 0:     Created 41120 components and 156210 component-terminals.
Notice 0:     Created 2 special nets and 0 connections.
Notice 0:     Created 22166 nets and 73964 connections.
Notice 0: Finished DEF file: /openLANE_flow/designs/ibex/runs/03-12_09-57/tmp/routing/fastroute.def
[PARAMS] Min routing layer: 2
[PARAMS] Max routing layer: 6
[PARAMS] Global adjustment: 0
[PARAMS] Unidirectional routing: 1
[PARAMS] Grid origin: (-1, -1)
[INFO] #DB Obstructions: 0
[INFO] #DB Obstacles: 1137926
[INFO] #DB Macros: 0
[INFO] Found 0 clock nets
[INFO] Minimum degree: 2
[INFO] Maximum degree: 1660
[INFO] Processing 847471 obstacles in layer 1
[INFO] Processing 127277 obstacles in layer 2
[INFO] Processing 16 obstacles in layer 5
[INFO] Processing 16 obstacles in layer 6
[INFO] Reducing resources of layer 1 by 99%
[INFO] WIRELEN : 215635, WIRELEN1 : 0
[INFO] NumSeg  : 53351
[INFO] NumShift: 0
First L Route
[INFO] WIRELEN : 215433, WIRELEN1 : 215433
[INFO] NumSeg  : 53180
[INFO] NumShift: 1737
[Overflow Report] Total hCap    : 838650
[Overflow Report] Total vCap    : 647438
[Overflow Report] Total Usage   : 215433
[Overflow Report] Max H Overflow: 0
[Overflow Report] Max V Overflow: 0
[Overflow Report] Max Overflow  : 0
[Overflow Report] Num Overflow e: 0
[Overflow Report] H   Overflow  : 0
[Overflow Report] V   Overflow  : 0
[Overflow Report] Final Overflow: 0

Second L Route
[Overflow Report] Total hCap    : 838650
[Overflow Report] Total vCap    : 647438
[Overflow Report] Total Usage   : 215433
[Overflow Report] Max H Overflow: 0
[Overflow Report] Max V Overflow: 0
[Overflow Report] Max Overflow  : 0
[Overflow Report] Num Overflow e: 0
[Overflow Report] H   Overflow  : 0
[Overflow Report] V   Overflow  : 0
[Overflow Report] Final Overflow: 0

First Z Route
[Overflow Report] Total hCap    : 838650
[Overflow Report] Total vCap    : 647438
[Overflow Report] Total Usage   : 215433
[Overflow Report] Max H Overflow: 0
[Overflow Report] Max V Overflow: 0
[Overflow Report] Max Overflow  : 0
[Overflow Report] Num Overflow e: 0
[Overflow Report] H   Overflow  : 0
[Overflow Report] V   Overflow  : 0
[Overflow Report] Final Overflow: 0

[INFO] LV routing round 0, enlarge 10 
[INFO] 10 threshold, 10 expand
[Overflow Report] total Usage   : 215433
[Overflow Report] Max H Overflow: 0
[Overflow Report] Max V Overflow: 1
[Overflow Report] Max Overflow  : 1
[Overflow Report] Num Overflow e: 1
[Overflow Report] H   Overflow  : 0
[Overflow Report] V   Overflow  : 1
[Overflow Report] Final Overflow: 1

[INFO] LV routing round 1, enlarge 15 
[INFO] 5 threshold, 15 expand
[Overflow Report] total Usage   : 215433
[Overflow Report] Max H Overflow: 0
[Overflow Report] Max V Overflow: 1
[Overflow Report] Max Overflow  : 1
[Overflow Report] Num Overflow e: 1
[Overflow Report] H   Overflow  : 0
[Overflow Report] V   Overflow  : 1
[Overflow Report] Final Overflow: 1

[INFO] LV routing round 2, enlarge 20 
[INFO] 1 threshold, 20 expand
[Overflow Report] total Usage   : 215433
[Overflow Report] Max H Overflow: 0
[Overflow Report] Max V Overflow: 1
[Overflow Report] Max Overflow  : 1
[Overflow Report] Num Overflow e: 1
[Overflow Report] H   Overflow  : 0
[Overflow Report] V   Overflow  : 1
[Overflow Report] Final Overflow: 1

Running extra iterations to remove overflow...
Update congestion history type 1
[INFO] iteration 1, enlarge 20, costheight 9, threshold 10 via cost 2 
[INFO] log_coef 2.000000, healingTrigger 0 cost_step 5 L 1 cost_type 1 updatetype 1
[Overflow Report] total Usage   : 215433
[Overflow Report] Max H Overflow: 0
[Overflow Report] Max V Overflow: 0
[Overflow Report] Max Overflow  : 0
[Overflow Report] Num Overflow e: 0
[Overflow Report] H   Overflow  : 0
[Overflow Report] V   Overflow  : 0
[Overflow Report] Final Overflow: 0

Usage checked
Maze routing finished
[INFO] P3 runtime: 0.010000 sec
[INFO] Final 2D results: 
[Overflow Report] total Usage   : 215433
[Overflow Report] Max H Overflow: 0
[Overflow Report] Max V Overflow: 0
[Overflow Report] Max Overflow  : 0
[Overflow Report] Num Overflow e: 0
[Overflow Report] H   Overflow  : 0
[Overflow Report] V   Overflow  : 0
[Overflow Report] Final Overflow: 0

Layer Assignment Begins
Layer assignment finished
[INFO] 2D + Layer Assignment Runtime: 5.160000 sec
Post Processing Begins 
Post Processsing finished
 Starting via filling
[INFO] Via related to pin nodes 101711
[INFO] Via related stiner nodes 7288
Via filling finished

Final usage/overflow report: 
[INFO] Usage per layer: 
    Layer 1 usage: 0
    Layer 2 usage: 99415
    Layer 3 usage: 100212
    Layer 4 usage: 11104
    Layer 5 usage: 5179
    Layer 6 usage: 0

[INFO] Capacity per layer: 
    Layer 1 capacity: 0
    Layer 2 capacity: 485390
    Layer 3 capacity: 443072
    Layer 4 capacity: 294610
    Layer 5 capacity: 204366
    Layer 6 capacity: 58650

[INFO] Use percentage per layer: 
    Layer 1 use percentage: 0.0%
    Layer 2 use percentage: 20.48%
    Layer 3 use percentage: 22.62%
    Layer 4 use percentage: 3.77%
    Layer 5 use percentage: 2.53%
    Layer 6 use percentage: 0.00%

[INFO] Overflow per layer: 
    Layer 1 overflow: 0
    Layer 2 overflow: 0
    Layer 3 overflow: 0
    Layer 4 overflow: 0
    Layer 5 overflow: 0
    Layer 6 overflow: 0

[Overflow Report] Total Usage   : 215910
[Overflow Report] Total Capacity: 1486088
[Overflow Report] Max H Overflow: 0
[Overflow Report] Max V Overflow: 0
[Overflow Report] Max Overflow  : 0
[Overflow Report] H   Overflow  : 0
[Overflow Report] V   Overflow  : 0
[Overflow Report] Final Overflow: 0

[INFO] Final usage          : 215910
[INFO] Final number of vias : 122117
[INFO] Final usage 3D       : 582261
[INFO] Total wirelength: 1951085 um
[INFO] Num routed nets: 22158
Warning: /pdks/sky130A/libs.ref/sky130_fd_sc_hd/lib/sky130_fd_sc_hd__ss_100C_1v60.lib, line 32 default_operating_condition ss_100C_1v60 not found.
Warning: /pdks/sky130A/libs.ref/sky130_fd_sc_hd/lib/sky130_fd_sc_hd__ff_n40C_1v95.lib, line 31 default_operating_condition ff_n40C_1v95 not found.
create_clock [get_ports $::env(CLOCK_PORT)]  -name $::env(CLOCK_PORT)  -period $::env(CLOCK_PERIOD)
set IO_PCT  0.2
set input_delay_value [expr $::env(CLOCK_PERIOD) * $IO_PCT]
set output_delay_value [expr $::env(CLOCK_PERIOD) * $IO_PCT]
puts "\[INFO\]: Setting output delay to: $output_delay_value"
[INFO]: Setting output delay to: 2.0
puts "\[INFO\]: Setting input delay to: $input_delay_value"
[INFO]: Setting input delay to: 2.0
set clk_indx [lsearch [all_inputs] [get_port $::env(CLOCK_PORT)]]
#set rst_indx [lsearch [all_inputs] [get_port resetn]]
set all_inputs_wo_clk [lreplace [all_inputs] $clk_indx $clk_indx]
#set all_inputs_wo_clk_rst [lreplace $all_inputs_wo_clk $rst_indx $rst_indx]
set all_inputs_wo_clk_rst $all_inputs_wo_clk
# correct resetn
set_input_delay $input_delay_value  -clock [get_clocks $::env(CLOCK_PORT)] $all_inputs_wo_clk_rst
#set_input_delay 0.0 -clock [get_clocks $::env(CLOCK_PORT)] {resetn}
set_output_delay $output_delay_value  -clock [get_clocks $::env(CLOCK_PORT)] [all_outputs]
# TODO set this as parameter
set_driving_cell -lib_cell $::env(SYNTH_DRIVING_CELL) -pin $::env(SYNTH_DRIVING_CELL_PIN) [all_inputs]
set cap_load [expr $::env(SYNTH_CAP_LOAD) / 1000.0]
puts "\[INFO\]: Setting load to: $cap_load"
[INFO]: Setting load to: 0.01765
set_load  $cap_load [all_outputs]
Warning: missing route to pin _40069_/RESET_B
Warning: missing route to pin _40066_/RESET_B
Warning: missing route to pin _40016_/RESET_B
Warning: missing route to pin _40015_/RESET_B
Warning: missing route to pin _39979_/RESET_B
Warning: missing route to pin _39948_/RESET_B
Warning: missing route to pin _39942_/RESET_B
Warning: missing route to pin _39938_/RESET_B
Warning: missing route to pin _39855_/RESET_B
Warning: missing route to pin _39835_/RESET_B
Warning: missing route to pin _39815_/RESET_B
Warning: missing route to pin _39792_/RESET_B
Warning: missing route to pin _39774_/RESET_B
Warning: missing route to pin _39718_/RESET_B
Warning: missing route to pin _39670_/RESET_B
Warning: missing route to pin _39660_/RESET_B
Warning: missing route to pin _39645_/RESET_B
Warning: missing route to pin _39638_/RESET_B
Warning: missing route to pin _39592_/RESET_B
Warning: missing route to pin _39580_/RESET_B
Warning: missing route to pin _39553_/RESET_B
Warning: missing route to pin _39540_/RESET_B
Warning: missing route to pin _39478_/RESET_B
Warning: missing route to pin _39454_/RESET_B
Warning: missing route to pin _39440_/RESET_B
Warning: missing route to pin _39400_/RESET_B
Warning: missing route to pin _39360_/RESET_B
Warning: missing route to pin _39274_/RESET_B
Warning: missing route to pin _39264_/RESET_B
Warning: missing route to pin _39260_/RESET_B
Warning: missing route to pin _39230_/RESET_B
Warning: missing route to pin _39198_/RESET_B
Warning: missing route to pin _39196_/RESET_B
Warning: missing route to pin _39165_/RESET_B
Warning: missing route to pin _39133_/RESET_B
Warning: missing route to pin _39104_/RESET_B
Warning: missing route to pin _39100_/RESET_B
Warning: missing route to pin _39076_/RESET_B
Warning: missing route to pin _39042_/RESET_B
Warning: missing route to pin _39035_/RESET_B
Warning: missing route to pin _39028_/RESET_B
Warning: missing route to pin _39025_/RESET_B
Warning: missing route to pin _38969_/RESET_B
Warning: missing route to pin _38950_/RESET_B
Warning: missing route to pin _38888_/RESET_B
Warning: missing route to pin _38882_/RESET_B
Warning: missing route to pin _38860_/RESET_B
Warning: missing route to pin _38855_/RESET_B
Warning: missing route to pin _38833_/RESET_B
Warning: missing route to pin _38813_/RESET_B
Warning: missing route to pin _38786_/RESET_B
Warning: missing route to pin _38778_/RESET_B
Warning: missing route to pin _38718_/RESET_B
Warning: missing route to pin _38706_/RESET_B
Warning: missing route to pin _38592_/RESET_B
Warning: missing route to pin _38558_/RESET_B
Warning: missing route to pin _38551_/RESET_B
Warning: missing route to pin _38549_/RESET_B
Warning: missing route to pin _38548_/RESET_B
Warning: missing route to pin _38522_/RESET_B
Warning: missing route to pin _38509_/RESET_B
Warning: missing route to pin _38501_/RESET_B
Warning: missing route to pin _38429_/RESET_B
