Startpoint: rst_ni (input port clocked by clk_i)
Endpoint: _38141_ (removal check against rising-edge clock clk_i)
Path Group: **async_default**
Path Type: min

  Delay    Time   Description
---------------------------------------------------------
   0.00    0.00   clock clk_i (rise edge)
   0.00    0.00   clock network delay (ideal)
   2.00    2.00 ^ input external delay
   4.51    6.51 ^ rst_ni (in)
   0.00    6.51 ^ _38141_/RESET_B (sky130_fd_sc_hd__dfrtp_4)
           6.51   data arrival time

   0.00    0.00   clock clk_i (rise edge)
   0.00    0.00   clock network delay (ideal)
   0.00    0.00   clock reconvergence pessimism
           0.00 ^ _38141_/CLK (sky130_fd_sc_hd__dfrtp_4)
   1.68    1.68   library removal time
           1.68   data required time
---------------------------------------------------------
           1.68   data required time
          -6.51   data arrival time
---------------------------------------------------------
           4.84   slack (MET)


Startpoint: _38352_ (rising edge-triggered flip-flop clocked by clk_i)
Endpoint: _38352_ (rising edge-triggered flip-flop clocked by clk_i)
Path Group: clk_i
Path Type: min

  Delay    Time   Description
---------------------------------------------------------
   0.00    0.00   clock clk_i (rise edge)
   0.00    0.00   clock network delay (ideal)
   0.00    0.00 ^ _38352_/CLK (sky130_fd_sc_hd__dfxtp_4)
   0.19    0.19 ^ _38352_/Q (sky130_fd_sc_hd__dfxtp_4)
   0.01    0.20 v _20953_/Y (sky130_fd_sc_hd__inv_8)
   0.03    0.23 ^ _24590_/Y (sky130_fd_sc_hd__a32oi_4)
   0.00    0.23 ^ _38352_/D (sky130_fd_sc_hd__dfxtp_4)
           0.23   data arrival time

   0.00    0.00   clock clk_i (rise edge)
   0.00    0.00   clock network delay (ideal)
   0.00    0.00   clock reconvergence pessimism
           0.00 ^ _38352_/CLK (sky130_fd_sc_hd__dfxtp_4)
  -0.02   -0.02   library hold time
          -0.02   data required time
---------------------------------------------------------
          -0.02   data required time
          -0.23   data arrival time
---------------------------------------------------------
           0.25   slack (MET)


Startpoint: rst_ni (input port clocked by clk_i)
Endpoint: _38141_ (recovery check against rising-edge clock clk_i)
Path Group: **async_default**
Path Type: max

  Delay    Time   Description
---------------------------------------------------------
   0.00    0.00   clock clk_i (rise edge)
   0.00    0.00   clock network delay (ideal)
   2.00    2.00 ^ input external delay
   8.57   10.57 ^ rst_ni (in)
   0.00   10.57 ^ _38141_/RESET_B (sky130_fd_sc_hd__dfrtp_4)
          10.57   data arrival time

  10.00   10.00   clock clk_i (rise edge)
   0.00   10.00   clock network delay (ideal)
   0.00   10.00   clock reconvergence pessimism
          10.00 ^ _38141_/CLK (sky130_fd_sc_hd__dfrtp_4)
  -5.69    4.31   library recovery time
           4.31   data required time
---------------------------------------------------------
           4.31   data required time
         -10.57   data arrival time
---------------------------------------------------------
          -6.26   slack (VIOLATED)


Startpoint: _38326_ (rising edge-triggered flip-flop clocked by clk_i)
Endpoint: _39849_ (rising edge-triggered flip-flop clocked by clk_i)
Path Group: clk_i
Path Type: max

  Delay    Time   Description
---------------------------------------------------------
   0.00    0.00   clock clk_i (rise edge)
   0.00    0.00   clock network delay (ideal)
   0.00    0.00 ^ _38326_/CLK (sky130_fd_sc_hd__dfxtp_4)
   0.60    0.60 v _38326_/Q (sky130_fd_sc_hd__dfxtp_4)
   1.03    1.63 v _25961_/X (sky130_fd_sc_hd__or4_4)
   0.23    1.86 v _25962_/X (sky130_fd_sc_hd__buf_1)
   1.00    2.87 v _26009_/X (sky130_fd_sc_hd__or4_4)
   0.76    3.62 v _26010_/X (sky130_fd_sc_hd__or3_4)
   0.10    3.72 ^ _26011_/Y (sky130_fd_sc_hd__inv_8)
   0.19    3.91 ^ _26023_/X (sky130_fd_sc_hd__or4_4)
   0.18    4.09 ^ _26024_/X (sky130_fd_sc_hd__or4_4)
   0.46    4.55 ^ _26025_/X (sky130_fd_sc_hd__buf_1)
   0.14    4.70 v _27903_/Y (sky130_fd_sc_hd__inv_8)
   0.19    4.89 ^ _27904_/Y (sky130_fd_sc_hd__nor3_4)
   0.34    5.23 ^ _27912_/X (sky130_fd_sc_hd__o21a_4)
   0.32    5.54 ^ _27913_/X (sky130_fd_sc_hd__buf_1)
   0.27    5.82 ^ _28267_/X (sky130_fd_sc_hd__or2_4)
   0.32    6.14 ^ _28268_/X (sky130_fd_sc_hd__and2_4)
   0.21    6.35 ^ _28279_/X (sky130_fd_sc_hd__or2_4)
   0.47    6.82 ^ _28280_/X (sky130_fd_sc_hd__buf_1)
   0.15    6.98 v _28281_/Y (sky130_fd_sc_hd__inv_8)
   0.22    7.19 v _28282_/X (sky130_fd_sc_hd__o21a_4)
   0.49    7.68 v _28283_/X (sky130_fd_sc_hd__a211o_4)
   0.82    8.50 v _28284_/X (sky130_fd_sc_hd__or4_4)
   0.32    8.81 v _28285_/X (sky130_fd_sc_hd__buf_1)
   0.31    9.12 v _28471_/X (sky130_fd_sc_hd__buf_1)
   0.28    9.40 v _28472_/X (sky130_fd_sc_hd__buf_1)
   0.24    9.64 v _28473_/X (sky130_fd_sc_hd__buf_1)
   0.48   10.12 v _30806_/X (sky130_fd_sc_hd__or2_4)
   0.56   10.69 v _30812_/X (sky130_fd_sc_hd__a32o_4)
   0.31   10.99 v _30814_/X (sky130_fd_sc_hd__and2_4)
   0.49   11.48 v _30977_/X (sky130_fd_sc_hd__or2_4)
   0.51   11.99 v _30979_/X (sky130_fd_sc_hd__or2_4)
   0.50   12.48 v _31357_/X (sky130_fd_sc_hd__or2_4)
   0.33   12.81 ^ _32819_/Y (sky130_fd_sc_hd__nor3_4)
   0.12   12.94 v _32820_/Y (sky130_fd_sc_hd__nor4_4)
   0.19   13.13 v _32821_/X (sky130_fd_sc_hd__buf_1)
   0.45   13.58 ^ _33055_/X (sky130_fd_sc_hd__a2bb2o_4)
   0.07   13.65 v _33056_/Y (sky130_fd_sc_hd__inv_8)
   0.91   14.56 v _33059_/X (sky130_fd_sc_hd__or4_4)
   0.83   15.39 v _33060_/X (sky130_fd_sc_hd__or4_4)
   0.83   16.22 v _33072_/X (sky130_fd_sc_hd__or4_4)
   0.83   17.05 v _33093_/X (sky130_fd_sc_hd__or4_4)
   0.31   17.37 v _33094_/X (sky130_fd_sc_hd__buf_1)
   0.23   17.59 v psn_inst_psn_buff_65/X (sky130_fd_sc_hd__buf_1)
   0.12   17.72 v psn_inst_psn_buff_21/X (sky130_fd_sc_hd__buf_1)
   0.46   18.18 v _33111_/X (sky130_fd_sc_hd__a32o_4)
   0.24   18.42 v _33112_/X (sky130_fd_sc_hd__and2_4)
   0.20   18.62 v psn_inst_psn_buff_19/X (sky130_fd_sc_hd__buf_1)
   0.10   18.72 ^ _33113_/Y (sky130_fd_sc_hd__nand3_4)
   0.17   18.89 ^ psn_inst_psn_buff_62/X (sky130_fd_sc_hd__buf_1)
   0.23   19.12 ^ psn_inst_psn_buff_18/X (sky130_fd_sc_hd__buf_1)
   0.13   19.25 v _33116_/Y (sky130_fd_sc_hd__a21oi_4)
   0.68   19.93 v _33117_/X (sky130_fd_sc_hd__or3_4)
   0.19   20.12 v psn_inst_psn_buff_17/X (sky130_fd_sc_hd__buf_1)
   0.64   20.76 v _33118_/X (sky130_fd_sc_hd__or3_4)
   0.18   20.93 v psn_inst_psn_buff_125/X (sky130_fd_sc_hd__buf_1)
   0.14   21.07 v psn_inst_psn_buff_93/X (sky130_fd_sc_hd__buf_1)
   0.14   21.22 v psn_inst_psn_buff_61/X (sky130_fd_sc_hd__buf_1)
   0.15   21.36 v psn_inst_psn_buff_16/X (sky130_fd_sc_hd__buf_1)
   0.81   22.17 v _33119_/X (sky130_fd_sc_hd__or4_4)
   0.16   22.33 v _33120_/X (sky130_fd_sc_hd__buf_1)
   0.13   22.47 v psn_inst_psn_buff_168/X (sky130_fd_sc_hd__buf_1)
   0.14   22.61 v psn_inst_psn_buff_146/X (sky130_fd_sc_hd__buf_1)
   0.14   22.76 v psn_inst_psn_buff_124/X (sky130_fd_sc_hd__buf_1)
   0.14   22.90 v psn_inst_psn_buff_92/X (sky130_fd_sc_hd__buf_1)
   0.14   23.04 v psn_inst_psn_buff_60/X (sky130_fd_sc_hd__buf_1)
   0.27   23.31 v psn_inst_psn_buff_15/X (sky130_fd_sc_hd__buf_1)
   0.12   23.43 ^ _33121_/Y (sky130_fd_sc_hd__inv_8)
   0.14   23.57 ^ psn_inst_psn_buff_208/X (sky130_fd_sc_hd__buf_1)
   0.14   23.71 ^ psn_inst_psn_buff_195/X (sky130_fd_sc_hd__buf_1)
   0.14   23.86 ^ psn_inst_psn_buff_182/X (sky130_fd_sc_hd__buf_1)
   0.15   24.00 ^ psn_inst_psn_buff_167/X (sky130_fd_sc_hd__buf_1)
   0.14   24.15 ^ psn_inst_psn_buff_145/X (sky130_fd_sc_hd__buf_1)
   0.14   24.29 ^ psn_inst_psn_buff_123/X (sky130_fd_sc_hd__buf_1)
   0.14   24.43 ^ psn_inst_psn_buff_91/X (sky130_fd_sc_hd__buf_1)
   0.15   24.58 ^ psn_inst_psn_buff_59/X (sky130_fd_sc_hd__buf_1)
   0.15   24.73 ^ psn_inst_psn_buff_14/X (sky130_fd_sc_hd__buf_1)
   0.43   25.16 ^ _33122_/X (sky130_fd_sc_hd__and4_4)
   0.20   25.36 ^ _33123_/X (sky130_fd_sc_hd__or4_4)
   0.14   25.49 ^ psn_inst_psn_buff_300/X (sky130_fd_sc_hd__buf_1)
   0.15   25.64 ^ psn_inst_psn_buff_294/X (sky130_fd_sc_hd__buf_1)
   0.15   25.79 ^ psn_inst_psn_buff_285/X (sky130_fd_sc_hd__buf_1)
   0.15   25.94 ^ psn_inst_psn_buff_274/X (sky130_fd_sc_hd__buf_1)
   0.15   26.09 ^ psn_inst_psn_buff_265/X (sky130_fd_sc_hd__buf_1)
   0.14   26.23 ^ psn_inst_psn_buff_256/X (sky130_fd_sc_hd__buf_1)
   0.14   26.37 ^ psn_inst_psn_buff_233/X (sky130_fd_sc_hd__buf_1)
   0.15   26.52 ^ psn_inst_psn_buff_220/X (sky130_fd_sc_hd__buf_1)
   0.15   26.66 ^ psn_inst_psn_buff_207/X (sky130_fd_sc_hd__buf_1)
   0.14   26.81 ^ psn_inst_psn_buff_194/X (sky130_fd_sc_hd__buf_1)
   0.14   26.95 ^ psn_inst_psn_buff_181/X (sky130_fd_sc_hd__buf_1)
   0.14   27.09 ^ psn_inst_psn_buff_166/X (sky130_fd_sc_hd__buf_1)
   0.14   27.24 ^ psn_inst_psn_buff_144/X (sky130_fd_sc_hd__buf_1)
   0.14   27.38 ^ psn_inst_psn_buff_122/X (sky130_fd_sc_hd__buf_1)
   0.14   27.52 ^ psn_inst_psn_buff_90/X (sky130_fd_sc_hd__buf_1)
   0.14   27.67 ^ psn_inst_psn_buff_58/X (sky130_fd_sc_hd__buf_1)
   0.15   27.81 ^ psn_inst_psn_buff_13/X (sky130_fd_sc_hd__buf_1)
   0.28   28.10 ^ _33124_/X (sky130_fd_sc_hd__and2_4)
   0.15   28.25 ^ psn_inst_psn_buff_431/X (sky130_fd_sc_hd__buf_1)
   0.15   28.39 ^ psn_inst_psn_buff_426/X (sky130_fd_sc_hd__buf_1)
   0.14   28.54 ^ psn_inst_psn_buff_419/X (sky130_fd_sc_hd__buf_1)
   0.14   28.68 ^ psn_inst_psn_buff_414/X (sky130_fd_sc_hd__buf_1)
   0.14   28.82 ^ psn_inst_psn_buff_409/X (sky130_fd_sc_hd__buf_1)
   0.15   28.97 ^ psn_inst_psn_buff_404/X (sky130_fd_sc_hd__buf_1)
   0.15   29.12 ^ psn_inst_psn_buff_398/X (sky130_fd_sc_hd__buf_1)
   0.14   29.26 ^ psn_inst_psn_buff_391/X (sky130_fd_sc_hd__buf_1)
   0.14   29.40 ^ psn_inst_psn_buff_382/X (sky130_fd_sc_hd__buf_1)
   0.14   29.55 ^ psn_inst_psn_buff_377/X (sky130_fd_sc_hd__buf_1)
   0.14   29.69 ^ psn_inst_psn_buff_368/X (sky130_fd_sc_hd__buf_1)
   0.14   29.84 ^ psn_inst_psn_buff_363/X (sky130_fd_sc_hd__buf_1)
   0.14   29.98 ^ psn_inst_psn_buff_356/X (sky130_fd_sc_hd__buf_1)
   0.14   30.12 ^ psn_inst_psn_buff_350/X (sky130_fd_sc_hd__buf_1)
   0.14   30.26 ^ psn_inst_psn_buff_343/X (sky130_fd_sc_hd__buf_1)
   0.14   30.41 ^ psn_inst_psn_buff_335/X (sky130_fd_sc_hd__buf_1)
   0.14   30.55 ^ psn_inst_psn_buff_327/X (sky130_fd_sc_hd__buf_1)
   0.14   30.69 ^ psn_inst_psn_buff_316/X (sky130_fd_sc_hd__buf_1)
   0.14   30.84 ^ psn_inst_psn_buff_311/X (sky130_fd_sc_hd__buf_1)
   0.14   30.98 ^ psn_inst_psn_buff_306/X (sky130_fd_sc_hd__buf_1)
   0.15   31.13 ^ psn_inst_psn_buff_299/X (sky130_fd_sc_hd__buf_1)
   0.15   31.28 ^ psn_inst_psn_buff_293/X (sky130_fd_sc_hd__buf_1)
   0.14   31.42 ^ psn_inst_psn_buff_284/X (sky130_fd_sc_hd__buf_1)
   0.14   31.56 ^ psn_inst_psn_buff_273/X (sky130_fd_sc_hd__buf_1)
   0.14   31.70 ^ psn_inst_psn_buff_264/X (sky130_fd_sc_hd__buf_1)
   0.14   31.85 ^ psn_inst_psn_buff_255/X (sky130_fd_sc_hd__buf_1)
   0.14   31.99 ^ psn_inst_psn_buff_232/X (sky130_fd_sc_hd__buf_1)
   0.14   32.13 ^ psn_inst_psn_buff_219/X (sky130_fd_sc_hd__buf_1)
   0.14   32.28 ^ psn_inst_psn_buff_206/X (sky130_fd_sc_hd__buf_1)
   0.14   32.42 ^ psn_inst_psn_buff_193/X (sky130_fd_sc_hd__buf_1)
   0.14   32.56 ^ psn_inst_psn_buff_180/X (sky130_fd_sc_hd__buf_1)
   0.14   32.70 ^ psn_inst_psn_buff_165/X (sky130_fd_sc_hd__buf_1)
   0.14   32.85 ^ psn_inst_psn_buff_143/X (sky130_fd_sc_hd__buf_1)
   0.14   32.99 ^ psn_inst_psn_buff_121/X (sky130_fd_sc_hd__buf_1)
   0.14   33.13 ^ psn_inst_psn_buff_89/X (sky130_fd_sc_hd__buf_1)
   0.14   33.28 ^ psn_inst_psn_buff_57/X (sky130_fd_sc_hd__buf_1)
   0.15   33.42 ^ psn_inst_psn_buff_12/X (sky130_fd_sc_hd__buf_1)
   0.19   33.61 ^ _33125_/X (sky130_fd_sc_hd__or4_4)
   0.24   33.85 ^ _33133_/X (sky130_fd_sc_hd__buf_1)
   0.21   34.06 ^ psn_inst_psn_buff_163/X (sky130_fd_sc_hd__buf_1)
   0.14   34.21 ^ psn_inst_psn_buff_10/X (sky130_fd_sc_hd__buf_1)
   0.22   34.42 ^ _35710_/X (sky130_fd_sc_hd__buf_1)
   0.50   34.92 ^ _37202_/X (sky130_fd_sc_hd__buf_1)
   0.41   35.33 ^ _37237_/X (sky130_fd_sc_hd__o22a_4)
   0.27   35.60 ^ _37238_/X (sky130_fd_sc_hd__buf_1)
   0.82   36.42 ^ _37960_/X (sky130_fd_sc_hd__buf_1)
   0.31   36.73 v _37962_/Y (sky130_fd_sc_hd__o21ai_4)
   0.00   36.73 v _39849_/D (sky130_fd_sc_hd__dfrtp_4)
          36.73   data arrival time

  10.00   10.00   clock clk_i (rise edge)
   0.00   10.00   clock network delay (ideal)
   0.00   10.00   clock reconvergence pessimism
          10.00 ^ _39849_/CLK (sky130_fd_sc_hd__dfrtp_4)
  -0.32    9.68   library setup time
           9.68   data required time
---------------------------------------------------------
           9.68   data required time
         -36.73   data arrival time
---------------------------------------------------------
         -27.05   slack (VIOLATED)


