Startpoint: rst_ni (input port clocked by clk_i)
Endpoint: _38141_ (removal check against rising-edge clock clk_i)
Path Group: **async_default**
Path Type: min

  Delay    Time   Description
---------------------------------------------------------
   0.00    0.00   clock clk_i (rise edge)
   0.00    0.00   clock network delay (ideal)
   2.00    2.00 ^ input external delay
   4.51    6.51 ^ rst_ni (in)
   0.00    6.51 ^ _38141_/RESET_B (sky130_fd_sc_hd__dfrtp_4)
           6.51   data arrival time

   0.00    0.00   clock clk_i (rise edge)
   0.00    0.00   clock network delay (ideal)
   0.00    0.00   clock reconvergence pessimism
           0.00 ^ _38141_/CLK (sky130_fd_sc_hd__dfrtp_4)
   1.68    1.68   library removal time
           1.68   data required time
---------------------------------------------------------
           1.68   data required time
          -6.51   data arrival time
---------------------------------------------------------
           4.84   slack (MET)


Startpoint: _38278_ (rising edge-triggered flip-flop clocked by clk_i)
Endpoint: _38278_ (rising edge-triggered flip-flop clocked by clk_i)
Path Group: clk_i
Path Type: min

  Delay    Time   Description
---------------------------------------------------------
   0.00    0.00   clock clk_i (rise edge)
   0.00    0.00   clock network delay (ideal)
   0.00    0.00 ^ _38278_/CLK (sky130_fd_sc_hd__dfxtp_4)
   0.20    0.20 ^ _38278_/Q (sky130_fd_sc_hd__dfxtp_4)
   0.06    0.26 ^ _25362_/X (sky130_fd_sc_hd__o22a_4)
   0.00    0.26 ^ _38278_/D (sky130_fd_sc_hd__dfxtp_4)
           0.26   data arrival time

   0.00    0.00   clock clk_i (rise edge)
   0.00    0.00   clock network delay (ideal)
   0.00    0.00   clock reconvergence pessimism
           0.00 ^ _38278_/CLK (sky130_fd_sc_hd__dfxtp_4)
  -0.02   -0.02   library hold time
          -0.02   data required time
---------------------------------------------------------
          -0.02   data required time
          -0.26   data arrival time
---------------------------------------------------------
           0.27   slack (MET)


Startpoint: rst_ni (input port clocked by clk_i)
Endpoint: _38141_ (recovery check against rising-edge clock clk_i)
Path Group: **async_default**
Path Type: max

  Delay    Time   Description
---------------------------------------------------------
   0.00    0.00   clock clk_i (rise edge)
   0.00    0.00   clock network delay (ideal)
   2.00    2.00 ^ input external delay
   8.57   10.57 ^ rst_ni (in)
   0.00   10.57 ^ _38141_/RESET_B (sky130_fd_sc_hd__dfrtp_4)
          10.57   data arrival time

  10.00   10.00   clock clk_i (rise edge)
   0.00   10.00   clock network delay (ideal)
   0.00   10.00   clock reconvergence pessimism
          10.00 ^ _38141_/CLK (sky130_fd_sc_hd__dfrtp_4)
  -5.69    4.31   library recovery time
           4.31   data required time
---------------------------------------------------------
           4.31   data required time
         -10.57   data arrival time
---------------------------------------------------------
          -6.26   slack (VIOLATED)


Startpoint: _38326_ (rising edge-triggered flip-flop clocked by clk_i)
Endpoint: _39397_ (rising edge-triggered flip-flop clocked by clk_i)
Path Group: clk_i
Path Type: max

  Delay    Time   Description
---------------------------------------------------------
   0.00    0.00   clock clk_i (rise edge)
   0.00    0.00   clock network delay (ideal)
   0.00    0.00 ^ _38326_/CLK (sky130_fd_sc_hd__dfxtp_4)
   0.63    0.63 v _38326_/Q (sky130_fd_sc_hd__dfxtp_4)
   1.04    1.66 v _25961_/X (sky130_fd_sc_hd__or4_4)
   0.27    1.93 v _25962_/X (sky130_fd_sc_hd__buf_1)
   1.02    2.95 v _26009_/X (sky130_fd_sc_hd__or4_4)
   0.76    3.71 v _26010_/X (sky130_fd_sc_hd__or3_4)
   0.10    3.81 ^ _26011_/Y (sky130_fd_sc_hd__inv_8)
   0.19    3.99 ^ _26023_/X (sky130_fd_sc_hd__or4_4)
   0.18    4.17 ^ _26024_/X (sky130_fd_sc_hd__or4_4)
   0.52    4.69 ^ _26025_/X (sky130_fd_sc_hd__buf_1)
   0.14    4.83 v _27903_/Y (sky130_fd_sc_hd__inv_8)
   0.20    5.03 ^ _27904_/Y (sky130_fd_sc_hd__nor3_4)
   0.33    5.36 ^ _27912_/X (sky130_fd_sc_hd__o21a_4)
   0.30    5.67 ^ _27913_/X (sky130_fd_sc_hd__buf_1)
   0.28    5.95 ^ _28267_/X (sky130_fd_sc_hd__or2_4)
   0.34    6.29 ^ _28268_/X (sky130_fd_sc_hd__and2_4)
   0.21    6.50 ^ _28279_/X (sky130_fd_sc_hd__or2_4)
   0.46    6.96 ^ _28280_/X (sky130_fd_sc_hd__buf_1)
   0.14    7.10 v _28281_/Y (sky130_fd_sc_hd__inv_8)
   0.21    7.31 v _28282_/X (sky130_fd_sc_hd__o21a_4)
   0.49    7.80 v _28283_/X (sky130_fd_sc_hd__a211o_4)
   0.81    8.61 v _28284_/X (sky130_fd_sc_hd__or4_4)
   0.36    8.97 v _28285_/X (sky130_fd_sc_hd__buf_1)
   0.13    9.10 ^ _28286_/Y (sky130_fd_sc_hd__inv_8)
   0.27    9.38 ^ _28287_/X (sky130_fd_sc_hd__buf_1)
   0.34    9.72 ^ _28288_/X (sky130_fd_sc_hd__buf_1)
   0.34   10.06 ^ _28289_/X (sky130_fd_sc_hd__buf_1)
   0.34   10.40 ^ _28290_/X (sky130_fd_sc_hd__buf_1)
   0.28   10.68 ^ _30058_/X (sky130_fd_sc_hd__or2_4)
   0.41   11.09 ^ _30068_/X (sky130_fd_sc_hd__a32o_4)
   0.24   11.33 ^ _30069_/X (sky130_fd_sc_hd__or2_4)
   0.44   11.77 v _30070_/X (sky130_fd_sc_hd__a21bo_4)
   0.50   12.26 v _30283_/X (sky130_fd_sc_hd__or2_4)
   0.53   12.79 v _30650_/X (sky130_fd_sc_hd__or2_4)
   0.37   13.16 ^ _32819_/Y (sky130_fd_sc_hd__nor3_4)
   0.12   13.28 v _32820_/Y (sky130_fd_sc_hd__nor4_4)
   0.19   13.47 v _32821_/X (sky130_fd_sc_hd__buf_1)
   0.22   13.69 v psn_inst_psn_buff_28/X (sky130_fd_sc_hd__buf_1)
   0.19   13.88 v psn_inst_psn_buff_30/X (sky130_fd_sc_hd__buf_1)
   0.37   14.26 v _33061_/X (sky130_fd_sc_hd__o21a_4)
   0.41   14.67 ^ _33062_/X (sky130_fd_sc_hd__a2bb2o_4)
   0.06   14.73 v _33063_/Y (sky130_fd_sc_hd__inv_8)
   0.91   15.65 v _33071_/X (sky130_fd_sc_hd__or4_4)
   0.95   16.60 v _33072_/X (sky130_fd_sc_hd__or4_4)
   0.83   17.42 v _33093_/X (sky130_fd_sc_hd__or4_4)
   0.33   17.75 v _33094_/X (sky130_fd_sc_hd__buf_1)
   0.22   17.98 v psn_inst_psn_buff_65/X (sky130_fd_sc_hd__buf_1)
   0.18   18.16 v psn_inst_psn_buff_21/X (sky130_fd_sc_hd__buf_1)
   0.49   18.65 v _33111_/X (sky130_fd_sc_hd__a32o_4)
   0.24   18.89 v _33112_/X (sky130_fd_sc_hd__and2_4)
   0.20   19.09 v psn_inst_psn_buff_19/X (sky130_fd_sc_hd__buf_1)
   0.10   19.19 ^ _33113_/Y (sky130_fd_sc_hd__nand3_4)
   0.16   19.35 ^ psn_inst_psn_buff_62/X (sky130_fd_sc_hd__buf_1)
   0.23   19.58 ^ psn_inst_psn_buff_18/X (sky130_fd_sc_hd__buf_1)
   0.13   19.70 v _33116_/Y (sky130_fd_sc_hd__a21oi_4)
   0.68   20.38 v _33117_/X (sky130_fd_sc_hd__or3_4)
   0.19   20.57 v psn_inst_psn_buff_17/X (sky130_fd_sc_hd__buf_1)
   0.63   21.20 v _33118_/X (sky130_fd_sc_hd__or3_4)
   0.17   21.38 v psn_inst_psn_buff_125/X (sky130_fd_sc_hd__buf_1)
   0.14   21.52 v psn_inst_psn_buff_93/X (sky130_fd_sc_hd__buf_1)
   0.14   21.66 v psn_inst_psn_buff_61/X (sky130_fd_sc_hd__buf_1)
   0.14   21.80 v psn_inst_psn_buff_16/X (sky130_fd_sc_hd__buf_1)
   0.80   22.60 v _33119_/X (sky130_fd_sc_hd__or4_4)
   0.22   22.83 v _33120_/X (sky130_fd_sc_hd__buf_1)
   0.16   22.99 v psn_inst_psn_buff_168/X (sky130_fd_sc_hd__buf_1)
   0.14   23.13 v psn_inst_psn_buff_146/X (sky130_fd_sc_hd__buf_1)
   0.14   23.27 v psn_inst_psn_buff_124/X (sky130_fd_sc_hd__buf_1)
   0.14   23.41 v psn_inst_psn_buff_92/X (sky130_fd_sc_hd__buf_1)
   0.14   23.55 v psn_inst_psn_buff_60/X (sky130_fd_sc_hd__buf_1)
   0.27   23.81 v psn_inst_psn_buff_15/X (sky130_fd_sc_hd__buf_1)
   0.11   23.93 ^ _33121_/Y (sky130_fd_sc_hd__inv_8)
   0.13   24.06 ^ psn_inst_psn_buff_208/X (sky130_fd_sc_hd__buf_1)
   0.14   24.20 ^ psn_inst_psn_buff_195/X (sky130_fd_sc_hd__buf_1)
   0.14   24.34 ^ psn_inst_psn_buff_182/X (sky130_fd_sc_hd__buf_1)
   0.14   24.48 ^ psn_inst_psn_buff_167/X (sky130_fd_sc_hd__buf_1)
   0.14   24.62 ^ psn_inst_psn_buff_145/X (sky130_fd_sc_hd__buf_1)
   0.14   24.75 ^ psn_inst_psn_buff_123/X (sky130_fd_sc_hd__buf_1)
   0.14   24.89 ^ psn_inst_psn_buff_91/X (sky130_fd_sc_hd__buf_1)
   0.14   25.03 ^ psn_inst_psn_buff_59/X (sky130_fd_sc_hd__buf_1)
   0.14   25.17 ^ psn_inst_psn_buff_14/X (sky130_fd_sc_hd__buf_1)
   0.43   25.60 ^ _33122_/X (sky130_fd_sc_hd__and4_4)
   0.21   25.81 ^ _33123_/X (sky130_fd_sc_hd__or4_4)
   0.14   25.94 ^ psn_inst_psn_buff_300/X (sky130_fd_sc_hd__buf_1)
   0.14   26.08 ^ psn_inst_psn_buff_294/X (sky130_fd_sc_hd__buf_1)
   0.14   26.22 ^ psn_inst_psn_buff_285/X (sky130_fd_sc_hd__buf_1)
   0.14   26.36 ^ psn_inst_psn_buff_274/X (sky130_fd_sc_hd__buf_1)
   0.14   26.50 ^ psn_inst_psn_buff_265/X (sky130_fd_sc_hd__buf_1)
   0.14   26.64 ^ psn_inst_psn_buff_256/X (sky130_fd_sc_hd__buf_1)
   0.14   26.77 ^ psn_inst_psn_buff_233/X (sky130_fd_sc_hd__buf_1)
   0.14   26.91 ^ psn_inst_psn_buff_220/X (sky130_fd_sc_hd__buf_1)
   0.14   27.05 ^ psn_inst_psn_buff_207/X (sky130_fd_sc_hd__buf_1)
   0.14   27.19 ^ psn_inst_psn_buff_194/X (sky130_fd_sc_hd__buf_1)
   0.14   27.33 ^ psn_inst_psn_buff_181/X (sky130_fd_sc_hd__buf_1)
   0.14   27.46 ^ psn_inst_psn_buff_166/X (sky130_fd_sc_hd__buf_1)
   0.14   27.60 ^ psn_inst_psn_buff_144/X (sky130_fd_sc_hd__buf_1)
   0.14   27.74 ^ psn_inst_psn_buff_122/X (sky130_fd_sc_hd__buf_1)
   0.14   27.88 ^ psn_inst_psn_buff_90/X (sky130_fd_sc_hd__buf_1)
   0.14   28.02 ^ psn_inst_psn_buff_58/X (sky130_fd_sc_hd__buf_1)
   0.14   28.16 ^ psn_inst_psn_buff_13/X (sky130_fd_sc_hd__buf_1)
   0.28   28.44 ^ _33124_/X (sky130_fd_sc_hd__and2_4)
   0.14   28.58 ^ psn_inst_psn_buff_431/X (sky130_fd_sc_hd__buf_1)
   0.14   28.72 ^ psn_inst_psn_buff_426/X (sky130_fd_sc_hd__buf_1)
   0.14   28.86 ^ psn_inst_psn_buff_419/X (sky130_fd_sc_hd__buf_1)
   0.14   29.00 ^ psn_inst_psn_buff_414/X (sky130_fd_sc_hd__buf_1)
   0.14   29.13 ^ psn_inst_psn_buff_409/X (sky130_fd_sc_hd__buf_1)
   0.14   29.27 ^ psn_inst_psn_buff_404/X (sky130_fd_sc_hd__buf_1)
   0.14   29.41 ^ psn_inst_psn_buff_398/X (sky130_fd_sc_hd__buf_1)
   0.14   29.55 ^ psn_inst_psn_buff_391/X (sky130_fd_sc_hd__buf_1)
   0.14   29.69 ^ psn_inst_psn_buff_382/X (sky130_fd_sc_hd__buf_1)
   0.14   29.82 ^ psn_inst_psn_buff_377/X (sky130_fd_sc_hd__buf_1)
   0.14   29.96 ^ psn_inst_psn_buff_368/X (sky130_fd_sc_hd__buf_1)
   0.14   30.10 ^ psn_inst_psn_buff_363/X (sky130_fd_sc_hd__buf_1)
   0.14   30.24 ^ psn_inst_psn_buff_356/X (sky130_fd_sc_hd__buf_1)
   0.14   30.38 ^ psn_inst_psn_buff_350/X (sky130_fd_sc_hd__buf_1)
   0.14   30.52 ^ psn_inst_psn_buff_343/X (sky130_fd_sc_hd__buf_1)
   0.14   30.65 ^ psn_inst_psn_buff_335/X (sky130_fd_sc_hd__buf_1)
   0.14   30.79 ^ psn_inst_psn_buff_327/X (sky130_fd_sc_hd__buf_1)
   0.14   30.93 ^ psn_inst_psn_buff_316/X (sky130_fd_sc_hd__buf_1)
   0.14   31.07 ^ psn_inst_psn_buff_311/X (sky130_fd_sc_hd__buf_1)
   0.14   31.21 ^ psn_inst_psn_buff_306/X (sky130_fd_sc_hd__buf_1)
   0.14   31.35 ^ psn_inst_psn_buff_299/X (sky130_fd_sc_hd__buf_1)
   0.14   31.48 ^ psn_inst_psn_buff_293/X (sky130_fd_sc_hd__buf_1)
   0.14   31.62 ^ psn_inst_psn_buff_284/X (sky130_fd_sc_hd__buf_1)
   0.14   31.76 ^ psn_inst_psn_buff_273/X (sky130_fd_sc_hd__buf_1)
   0.14   31.90 ^ psn_inst_psn_buff_264/X (sky130_fd_sc_hd__buf_1)
   0.14   32.04 ^ psn_inst_psn_buff_255/X (sky130_fd_sc_hd__buf_1)
   0.14   32.17 ^ psn_inst_psn_buff_232/X (sky130_fd_sc_hd__buf_1)
   0.14   32.31 ^ psn_inst_psn_buff_219/X (sky130_fd_sc_hd__buf_1)
   0.14   32.45 ^ psn_inst_psn_buff_206/X (sky130_fd_sc_hd__buf_1)
   0.14   32.59 ^ psn_inst_psn_buff_193/X (sky130_fd_sc_hd__buf_1)
   0.14   32.73 ^ psn_inst_psn_buff_180/X (sky130_fd_sc_hd__buf_1)
   0.14   32.87 ^ psn_inst_psn_buff_165/X (sky130_fd_sc_hd__buf_1)
   0.14   33.00 ^ psn_inst_psn_buff_143/X (sky130_fd_sc_hd__buf_1)
   0.14   33.14 ^ psn_inst_psn_buff_121/X (sky130_fd_sc_hd__buf_1)
   0.14   33.28 ^ psn_inst_psn_buff_89/X (sky130_fd_sc_hd__buf_1)
   0.14   33.42 ^ psn_inst_psn_buff_57/X (sky130_fd_sc_hd__buf_1)
   0.14   33.56 ^ psn_inst_psn_buff_12/X (sky130_fd_sc_hd__buf_1)
   0.20   33.76 ^ _33125_/X (sky130_fd_sc_hd__or4_4)
   0.22   33.98 ^ _33133_/X (sky130_fd_sc_hd__buf_1)
   0.19   34.17 ^ psn_inst_psn_buff_163/X (sky130_fd_sc_hd__buf_1)
   0.14   34.31 ^ psn_inst_psn_buff_10/X (sky130_fd_sc_hd__buf_1)
   0.25   34.56 ^ _35710_/X (sky130_fd_sc_hd__buf_1)
   0.50   35.06 ^ _37202_/X (sky130_fd_sc_hd__buf_1)
   0.43   35.49 ^ _37423_/X (sky130_fd_sc_hd__o22a_4)
   0.29   35.78 ^ _37424_/X (sky130_fd_sc_hd__buf_1)
   0.81   36.58 ^ _19613_/X (sky130_fd_sc_hd__buf_1)
   0.29   36.88 v _19909_/Y (sky130_fd_sc_hd__o21ai_4)
   0.00   36.88 v _39397_/D (sky130_fd_sc_hd__dfrtp_4)
          36.88   data arrival time

  10.00   10.00   clock clk_i (rise edge)
   0.00   10.00   clock network delay (ideal)
   0.00   10.00   clock reconvergence pessimism
          10.00 ^ _39397_/CLK (sky130_fd_sc_hd__dfrtp_4)
  -0.31    9.69   library setup time
           9.69   data required time
---------------------------------------------------------
           9.69   data required time
         -36.88   data arrival time
---------------------------------------------------------
         -27.19   slack (VIOLATED)


