OpenROAD 0.9.0 d03ebfc244
This program is licensed under the BSD-3 license. See the LICENSE file for details. 
Components of this program may be licensed under more restrictive licenses which must be honored.
Error: cannot open '/.openroad'.
Notice 0: Reading LEF file:  /openLANE_flow/designs/ibex_wrapper/runs/18-12_18-19/tmp/merged_unpadded.lef
Notice 0: error: undefined layer (nwell) referenced
Notice 0: error: undefined layer (pwell) referenced
Notice 0:     Created 11 technology layers
Notice 0:     Created 25 technology vias
Notice 0:     Created 438 library cells
Notice 0: Finished LEF file:  /openLANE_flow/designs/ibex_wrapper/runs/18-12_18-19/tmp/merged_unpadded.lef
Notice 0: 
Reading DEF file: /openLANE_flow/designs/ibex_wrapper/runs/18-12_18-19/tmp/floorplan/ioPlacer.def
Notice 0: Design: ibex_wrapper
Notice 0:     Created 130 pins.
Notice 0:     Created 24678 components and 132080 component-terminals.
Notice 0:     Created 24738 nets and 82721 connections.
Notice 0: Finished DEF file: /openLANE_flow/designs/ibex_wrapper/runs/18-12_18-19/tmp/floorplan/ioPlacer.def
Running tapcell...
Step 1: Cut rows...
[INFO] Macro blocks found: 0
[INFO] #Original rows: 423
[INFO] #Cut rows: 0
Step 2: Insert endcaps...
[INFO] #Endcaps inserted: 846
Step 3: Insert tapcells...
Warning: Tapcell at position (1155980, 13600) will cause overlap with endcap. Skipping...
Warning: Tapcell at position (1155980, 19040) will cause overlap with endcap. Skipping...
Warning: Tapcell at position (1155980, 24480) will cause overlap with endcap. Skipping...
Warning: Tapcell at position (1155980, 29920) will cause overlap with endcap. Skipping...
Warning: Tapcell at position (1155980, 35360) will cause overlap with endcap. Skipping...
Warning: Tapcell at position (1155980, 40800) will cause overlap with endcap. Skipping...
Warning: Tapcell at position (1155980, 46240) will cause overlap with endcap. Skipping...
Warning: Tapcell at position (1155980, 51680) will cause overlap with endcap. Skipping...
Warning: Tapcell at position (1155980, 57120) will cause overlap with endcap. Skipping...
Warning: Tapcell at position (1155980, 62560) will cause overlap with endcap. Skipping...
Warning: Tapcell at position (1155980, 68000) will cause overlap with endcap. Skipping...
Warning: Tapcell at position (1155980, 73440) will cause overlap with endcap. Skipping...
Warning: Tapcell at position (1155980, 78880) will cause overlap with endcap. Skipping...
Warning: Tapcell at position (1155980, 84320) will cause overlap with endcap. Skipping...
Warning: Tapcell at position (1155980, 89760) will cause overlap with endcap. Skipping...
Warning: Tapcell at position (1155980, 95200) will cause overlap with endcap. Skipping...
Warning: Tapcell at position (1155980, 100640) will cause overlap with endcap. Skipping...
Warning: Tapcell at position (1155980, 106080) will cause overlap with endcap. Skipping...
Warning: Tapcell at position (1155980, 111520) will cause overlap with endcap. Skipping...
Warning: Tapcell at position (1155980, 116960) will cause overlap with endcap. Skipping...
Warning: Tapcell at position (1155980, 122400) will cause overlap with endcap. Skipping...
Warning: Tapcell at position (1155980, 127840) will cause overlap with endcap. Skipping...
Warning: Tapcell at position (1155980, 133280) will cause overlap with endcap. Skipping...
Warning: Tapcell at position (1155980, 138720) will cause overlap with endcap. Skipping...
Warning: Tapcell at position (1155980, 144160) will cause overlap with endcap. Skipping...
Warning: Tapcell at position (1155980, 149600) will cause overlap with endcap. Skipping...
Warning: Tapcell at position (1155980, 155040) will cause overlap with endcap. Skipping...
Warning: Tapcell at position (1155980, 160480) will cause overlap with endcap. Skipping...
Warning: Tapcell at position (1155980, 165920) will cause overlap with endcap. Skipping...
Warning: Tapcell at position (1155980, 171360) will cause overlap with endcap. Skipping...
Warning: Tapcell at position (1155980, 176800) will cause overlap with endcap. Skipping...
Warning: Tapcell at position (1155980, 182240) will cause overlap with endcap. Skipping...
Warning: Tapcell at position (1155980, 187680) will cause overlap with endcap. Skipping...
Warning: Tapcell at position (1155980, 193120) will cause overlap with endcap. Skipping...
Warning: Tapcell at position (1155980, 198560) will cause overlap with endcap. Skipping...
Warning: Tapcell at position (1155980, 204000) will cause overlap with endcap. Skipping...
Warning: Tapcell at position (1155980, 209440) will cause overlap with endcap. Skipping...
Warning: Tapcell at position (1155980, 214880) will cause overlap with endcap. Skipping...
Warning: Tapcell at position (1155980, 220320) will cause overlap with endcap. Skipping...
Warning: Tapcell at position (1155980, 225760) will cause overlap with endcap. Skipping...
Warning: Tapcell at position (1155980, 231200) will cause overlap with endcap. Skipping...
Warning: Tapcell at position (1155980, 236640) will cause overlap with endcap. Skipping...
Warning: Tapcell at position (1155980, 242080) will cause overlap with endcap. Skipping...
Warning: Tapcell at position (1155980, 247520) will cause overlap with endcap. Skipping...
Warning: Tapcell at position (1155980, 252960) will cause overlap with endcap. Skipping...
Warning: Tapcell at position (1155980, 258400) will cause overlap with endcap. Skipping...
Warning: Tapcell at position (1155980, 263840) will cause overlap with endcap. Skipping...
Warning: Tapcell at position (1155980, 269280) will cause overlap with endcap. Skipping...
Warning: Tapcell at position (1155980, 274720) will cause overlap with endcap. Skipping...
Warning: Tapcell at position (1155980, 280160) will cause overlap with endcap. Skipping...
Warning: Tapcell at position (1155980, 285600) will cause overlap with endcap. Skipping...
Warning: Tapcell at position (1155980, 291040) will cause overlap with endcap. Skipping...
Warning: Tapcell at position (1155980, 296480) will cause overlap with endcap. Skipping...
Warning: Tapcell at position (1155980, 301920) will cause overlap with endcap. Skipping...
Warning: Tapcell at position (1155980, 307360) will cause overlap with endcap. Skipping...
Warning: Tapcell at position (1155980, 312800) will cause overlap with endcap. Skipping...
Warning: Tapcell at position (1155980, 318240) will cause overlap with endcap. Skipping...
Warning: Tapcell at position (1155980, 323680) will cause overlap with endcap. Skipping...
Warning: Tapcell at position (1155980, 329120) will cause overlap with endcap. Skipping...
Warning: Tapcell at position (1155980, 334560) will cause overlap with endcap. Skipping...
Warning: Tapcell at position (1155980, 340000) will cause overlap with endcap. Skipping...
Warning: Tapcell at position (1155980, 345440) will cause overlap with endcap. Skipping...
Warning: Tapcell at position (1155980, 350880) will cause overlap with endcap. Skipping...
Warning: Tapcell at position (1155980, 356320) will cause overlap with endcap. Skipping...
Warning: Tapcell at position (1155980, 361760) will cause overlap with endcap. Skipping...
Warning: Tapcell at position (1155980, 367200) will cause overlap with endcap. Skipping...
Warning: Tapcell at position (1155980, 372640) will cause overlap with endcap. Skipping...
Warning: Tapcell at position (1155980, 378080) will cause overlap with endcap. Skipping...
Warning: Tapcell at position (1155980, 383520) will cause overlap with endcap. Skipping...
Warning: Tapcell at position (1155980, 388960) will cause overlap with endcap. Skipping...
Warning: Tapcell at position (1155980, 394400) will cause overlap with endcap. Skipping...
Warning: Tapcell at position (1155980, 399840) will cause overlap with endcap. Skipping...
Warning: Tapcell at position (1155980, 405280) will cause overlap with endcap. Skipping...
Warning: Tapcell at position (1155980, 410720) will cause overlap with endcap. Skipping...
Warning: Tapcell at position (1155980, 416160) will cause overlap with endcap. Skipping...
Warning: Tapcell at position (1155980, 421600) will cause overlap with endcap. Skipping...
Warning: Tapcell at position (1155980, 427040) will cause overlap with endcap. Skipping...
Warning: Tapcell at position (1155980, 432480) will cause overlap with endcap. Skipping...
Warning: Tapcell at position (1155980, 437920) will cause overlap with endcap. Skipping...
Warning: Tapcell at position (1155980, 443360) will cause overlap with endcap. Skipping...
Warning: Tapcell at position (1155980, 448800) will cause overlap with endcap. Skipping...
Warning: Tapcell at position (1155980, 454240) will cause overlap with endcap. Skipping...
Warning: Tapcell at position (1155980, 459680) will cause overlap with endcap. Skipping...
Warning: Tapcell at position (1155980, 465120) will cause overlap with endcap. Skipping...
Warning: Tapcell at position (1155980, 470560) will cause overlap with endcap. Skipping...
Warning: Tapcell at position (1155980, 476000) will cause overlap with endcap. Skipping...
Warning: Tapcell at position (1155980, 481440) will cause overlap with endcap. Skipping...
Warning: Tapcell at position (1155980, 486880) will cause overlap with endcap. Skipping...
Warning: Tapcell at position (1155980, 492320) will cause overlap with endcap. Skipping...
Warning: Tapcell at position (1155980, 497760) will cause overlap with endcap. Skipping...
Warning: Tapcell at position (1155980, 503200) will cause overlap with endcap. Skipping...
Warning: Tapcell at position (1155980, 508640) will cause overlap with endcap. Skipping...
Warning: Tapcell at position (1155980, 514080) will cause overlap with endcap. Skipping...
Warning: Tapcell at position (1155980, 519520) will cause overlap with endcap. Skipping...
Warning: Tapcell at position (1155980, 524960) will cause overlap with endcap. Skipping...
Warning: Tapcell at position (1155980, 530400) will cause overlap with endcap. Skipping...
Warning: Tapcell at position (1155980, 535840) will cause overlap with endcap. Skipping...
Warning: Tapcell at position (1155980, 541280) will cause overlap with endcap. Skipping...
Warning: Tapcell at position (1155980, 546720) will cause overlap with endcap. Skipping...
Warning: Tapcell at position (1155980, 552160) will cause overlap with endcap. Skipping...
Warning: Tapcell at position (1155980, 557600) will cause overlap with endcap. Skipping...
Warning: Tapcell at position (1155980, 563040) will cause overlap with endcap. Skipping...
Warning: Tapcell at position (1155980, 568480) will cause overlap with endcap. Skipping...
Warning: Tapcell at position (1155980, 573920) will cause overlap with endcap. Skipping...
Warning: Tapcell at position (1155980, 579360) will cause overlap with endcap. Skipping...
Warning: Tapcell at position (1155980, 584800) will cause overlap with endcap. Skipping...
Warning: Tapcell at position (1155980, 590240) will cause overlap with endcap. Skipping...
Warning: Tapcell at position (1155980, 595680) will cause overlap with endcap. Skipping...
Warning: Tapcell at position (1155980, 601120) will cause overlap with endcap. Skipping...
Warning: Tapcell at position (1155980, 606560) will cause overlap with endcap. Skipping...
Warning: Tapcell at position (1155980, 612000) will cause overlap with endcap. Skipping...
Warning: Tapcell at position (1155980, 617440) will cause overlap with endcap. Skipping...
Warning: Tapcell at position (1155980, 622880) will cause overlap with endcap. Skipping...
Warning: Tapcell at position (1155980, 628320) will cause overlap with endcap. Skipping...
Warning: Tapcell at position (1155980, 633760) will cause overlap with endcap. Skipping...
Warning: Tapcell at position (1155980, 639200) will cause overlap with endcap. Skipping...
Warning: Tapcell at position (1155980, 644640) will cause overlap with endcap. Skipping...
Warning: Tapcell at position (1155980, 650080) will cause overlap with endcap. Skipping...
Warning: Tapcell at position (1155980, 655520) will cause overlap with endcap. Skipping...
Warning: Tapcell at position (1155980, 660960) will cause overlap with endcap. Skipping...
Warning: Tapcell at position (1155980, 666400) will cause overlap with endcap. Skipping...
Warning: Tapcell at position (1155980, 671840) will cause overlap with endcap. Skipping...
Warning: Tapcell at position (1155980, 677280) will cause overlap with endcap. Skipping...
Warning: Tapcell at position (1155980, 682720) will cause overlap with endcap. Skipping...
Warning: Tapcell at position (1155980, 688160) will cause overlap with endcap. Skipping...
Warning: Tapcell at position (1155980, 693600) will cause overlap with endcap. Skipping...
Warning: Tapcell at position (1155980, 699040) will cause overlap with endcap. Skipping...
Warning: Tapcell at position (1155980, 704480) will cause overlap with endcap. Skipping...
Warning: Tapcell at position (1155980, 709920) will cause overlap with endcap. Skipping...
Warning: Tapcell at position (1155980, 715360) will cause overlap with endcap. Skipping...
Warning: Tapcell at position (1155980, 720800) will cause overlap with endcap. Skipping...
Warning: Tapcell at position (1155980, 726240) will cause overlap with endcap. Skipping...
Warning: Tapcell at position (1155980, 731680) will cause overlap with endcap. Skipping...
Warning: Tapcell at position (1155980, 737120) will cause overlap with endcap. Skipping...
Warning: Tapcell at position (1155980, 742560) will cause overlap with endcap. Skipping...
Warning: Tapcell at position (1155980, 748000) will cause overlap with endcap. Skipping...
Warning: Tapcell at position (1155980, 753440) will cause overlap with endcap. Skipping...
Warning: Tapcell at position (1155980, 758880) will cause overlap with endcap. Skipping...
Warning: Tapcell at position (1155980, 764320) will cause overlap with endcap. Skipping...
Warning: Tapcell at position (1155980, 769760) will cause overlap with endcap. Skipping...
Warning: Tapcell at position (1155980, 775200) will cause overlap with endcap. Skipping...
Warning: Tapcell at position (1155980, 780640) will cause overlap with endcap. Skipping...
Warning: Tapcell at position (1155980, 786080) will cause overlap with endcap. Skipping...
Warning: Tapcell at position (1155980, 791520) will cause overlap with endcap. Skipping...
Warning: Tapcell at position (1155980, 796960) will cause overlap with endcap. Skipping...
Warning: Tapcell at position (1155980, 802400) will cause overlap with endcap. Skipping...
Warning: Tapcell at position (1155980, 807840) will cause overlap with endcap. Skipping...
Warning: Tapcell at position (1155980, 813280) will cause overlap with endcap. Skipping...
Warning: Tapcell at position (1155980, 818720) will cause overlap with endcap. Skipping...
Warning: Tapcell at position (1155980, 824160) will cause overlap with endcap. Skipping...
Warning: Tapcell at position (1155980, 829600) will cause overlap with endcap. Skipping...
Warning: Tapcell at position (1155980, 835040) will cause overlap with endcap. Skipping...
Warning: Tapcell at position (1155980, 840480) will cause overlap with endcap. Skipping...
Warning: Tapcell at position (1155980, 845920) will cause overlap with endcap. Skipping...
Warning: Tapcell at position (1155980, 851360) will cause overlap with endcap. Skipping...
Warning: Tapcell at position (1155980, 856800) will cause overlap with endcap. Skipping...
Warning: Tapcell at position (1155980, 862240) will cause overlap with endcap. Skipping...
Warning: Tapcell at position (1155980, 867680) will cause overlap with endcap. Skipping...
Warning: Tapcell at position (1155980, 873120) will cause overlap with endcap. Skipping...
Warning: Tapcell at position (1155980, 878560) will cause overlap with endcap. Skipping...
Warning: Tapcell at position (1155980, 884000) will cause overlap with endcap. Skipping...
Warning: Tapcell at position (1155980, 889440) will cause overlap with endcap. Skipping...
Warning: Tapcell at position (1155980, 894880) will cause overlap with endcap. Skipping...
Warning: Tapcell at position (1155980, 900320) will cause overlap with endcap. Skipping...
Warning: Tapcell at position (1155980, 905760) will cause overlap with endcap. Skipping...
Warning: Tapcell at position (1155980, 911200) will cause overlap with endcap. Skipping...
Warning: Tapcell at position (1155980, 916640) will cause overlap with endcap. Skipping...
Warning: Tapcell at position (1155980, 922080) will cause overlap with endcap. Skipping...
Warning: Tapcell at position (1155980, 927520) will cause overlap with endcap. Skipping...
Warning: Tapcell at position (1155980, 932960) will cause overlap with endcap. Skipping...
Warning: Tapcell at position (1155980, 938400) will cause overlap with endcap. Skipping...
Warning: Tapcell at position (1155980, 943840) will cause overlap with endcap. Skipping...
Warning: Tapcell at position (1155980, 949280) will cause overlap with endcap. Skipping...
Warning: Tapcell at position (1155980, 954720) will cause overlap with endcap. Skipping...
Warning: Tapcell at position (1155980, 960160) will cause overlap with endcap. Skipping...
Warning: Tapcell at position (1155980, 965600) will cause overlap with endcap. Skipping...
Warning: Tapcell at position (1155980, 971040) will cause overlap with endcap. Skipping...
Warning: Tapcell at position (1155980, 976480) will cause overlap with endcap. Skipping...
Warning: Tapcell at position (1155980, 981920) will cause overlap with endcap. Skipping...
Warning: Tapcell at position (1155980, 987360) will cause overlap with endcap. Skipping...
Warning: Tapcell at position (1155980, 992800) will cause overlap with endcap. Skipping...
Warning: Tapcell at position (1155980, 998240) will cause overlap with endcap. Skipping...
Warning: Tapcell at position (1155980, 1003680) will cause overlap with endcap. Skipping...
Warning: Tapcell at position (1155980, 1009120) will cause overlap with endcap. Skipping...
Warning: Tapcell at position (1155980, 1014560) will cause overlap with endcap. Skipping...
Warning: Tapcell at position (1155980, 1020000) will cause overlap with endcap. Skipping...
Warning: Tapcell at position (1155980, 1025440) will cause overlap with endcap. Skipping...
Warning: Tapcell at position (1155980, 1030880) will cause overlap with endcap. Skipping...
Warning: Tapcell at position (1155980, 1036320) will cause overlap with endcap. Skipping...
Warning: Tapcell at position (1155980, 1041760) will cause overlap with endcap. Skipping...
Warning: Tapcell at position (1155980, 1047200) will cause overlap with endcap. Skipping...
Warning: Tapcell at position (1155980, 1052640) will cause overlap with endcap. Skipping...
Warning: Tapcell at position (1155980, 1058080) will cause overlap with endcap. Skipping...
Warning: Tapcell at position (1155980, 1063520) will cause overlap with endcap. Skipping...
Warning: Tapcell at position (1155980, 1068960) will cause overlap with endcap. Skipping...
Warning: Tapcell at position (1155980, 1074400) will cause overlap with endcap. Skipping...
Warning: Tapcell at position (1155980, 1079840) will cause overlap with endcap. Skipping...
Warning: Tapcell at position (1155980, 1085280) will cause overlap with endcap. Skipping...
Warning: Tapcell at position (1155980, 1090720) will cause overlap with endcap. Skipping...
Warning: Tapcell at position (1155980, 1096160) will cause overlap with endcap. Skipping...
Warning: Tapcell at position (1155980, 1101600) will cause overlap with endcap. Skipping...
Warning: Tapcell at position (1155980, 1107040) will cause overlap with endcap. Skipping...
Warning: Tapcell at position (1155980, 1112480) will cause overlap with endcap. Skipping...
Warning: Tapcell at position (1155980, 1117920) will cause overlap with endcap. Skipping...
Warning: Tapcell at position (1155980, 1123360) will cause overlap with endcap. Skipping...
Warning: Tapcell at position (1155980, 1128800) will cause overlap with endcap. Skipping...
Warning: Tapcell at position (1155980, 1134240) will cause overlap with endcap. Skipping...
Warning: Tapcell at position (1155980, 1139680) will cause overlap with endcap. Skipping...
Warning: Tapcell at position (1155980, 1145120) will cause overlap with endcap. Skipping...
Warning: Tapcell at position (1155980, 1150560) will cause overlap with endcap. Skipping...
Warning: Tapcell at position (1155980, 1156000) will cause overlap with endcap. Skipping...
[INFO] #Tapcells inserted: 17210
Running tapcell... Done!
