Sat Dec 19 05:59:22 UTC 2020 - Executing "/openLANE_flow/scripts/mergeLef.py -i /pdks/sky130A/libs.ref/sky130_fd_sc_hd/techlef/sky130_fd_sc_hd.tlef {/pdks/sky130A/libs.ref/sky130_fd_sc_hd/lef/sky130_fd_sc_hd.lef /pdks/sky130A/libs.ref/sky130_fd_sc_hd/lef/sky130_ef_sc_hd__fakediode_2.lef} -o /project/openlane/user_project_wrapper/runs/user_project_wrapper/tmp/merged_unpadded.lef |& tee >&@stdout"

Sat Dec 19 05:59:22 UTC 2020 - Executing "/openLANE_flow/scripts/libtrim.pl /pdks/sky130A/libs.ref/sky130_fd_sc_hd/lib/sky130_fd_sc_hd__tt_025C_1v80.lib /pdks/sky130A/libs.tech/openlane/sky130_fd_sc_hd/no_synth.cells > /project/openlane/user_project_wrapper/runs/user_project_wrapper/tmp/trimmed.lib"

Sat Dec 19 05:59:22 UTC 2020 - Executing "sed -E {s/^([[:space:]]+)pg_pin(.*)/\1pin\2\n\1    direction : "inout";/g} /pdks/sky130A/libs.ref/sky130_fd_sc_hd/lib/sky130_fd_sc_hd__tt_025C_1v80.lib > /project/openlane/user_project_wrapper/runs/user_project_wrapper/tmp/sky130_fd_sc_hd__tt_025C_1v80.no_pg.lib"

Sat Dec 19 05:59:22 UTC 2020 - Executing "yosys -c /openLANE_flow/scripts/synth.tcl -l /project/openlane/user_project_wrapper/runs/user_project_wrapper/logs/synthesis/yosys.log |& tee >&@stdout"

Sat Dec 19 06:08:10 UTC 2020 - Executing "sed -i -e {s/\(set ::env(CURRENT_NETLIST)\).*/\1 \/project\/openlane\/user_project_wrapper\/runs\/user_project_wrapper\/results\/synthesis\/user_project_wrapper.synthesis.v/} /project/openlane/user_project_wrapper/runs/user_project_wrapper/config.tcl"

Sat Dec 19 06:08:10 UTC 2020 - Executing "sed -i -e {s/\(set ::env(PREV_NETLIST)\).*/\1 0/} /project/openlane/user_project_wrapper/runs/user_project_wrapper/config.tcl"

Sat Dec 19 06:08:10 UTC 2020 - Executing "sed -i /defparam/d /project/openlane/user_project_wrapper/runs/user_project_wrapper/results/synthesis/user_project_wrapper.synthesis.v"

Sat Dec 19 06:08:13 UTC 2020 - Executing "sta /openLANE_flow/scripts/sta.tcl |& tee >&@stdout /project/openlane/user_project_wrapper/runs/user_project_wrapper/logs/synthesis/opensta.log"

Sat Dec 19 06:08:26 UTC 2020 - Executing "sed -E {s/^([[:space:]]+)pg_pin(.*)/\1pin\2\n\1    direction : "inout";/g} /pdks/sky130A/libs.ref/sky130_fd_sc_hd/lib/sky130_fd_sc_hd__tt_025C_1v80.lib > /project/openlane/user_project_wrapper/runs/user_project_wrapper/tmp/sky130_fd_sc_hd__tt_025C_1v80.no_pg.lib"

Sat Dec 19 06:08:26 UTC 2020 - Executing "yosys -c /openLANE_flow/scripts/synth.tcl -l /project/openlane/user_project_wrapper/runs/user_project_wrapper/logs/synthesis/yosys.log |& tee >&@stdout"

Sat Dec 19 06:17:17 UTC 2020 - Executing "sed -i /defparam/d /project/openlane/user_project_wrapper/runs/user_project_wrapper/results/synthesis/user_project_wrapper.synthesis.v"

Sat Dec 19 06:17:19 UTC 2020 - Executing "openroad -exit /openLANE_flow/scripts/openroad/or_floorplan.tcl |& tee >&@stdout /project/openlane/user_project_wrapper/runs/user_project_wrapper/logs/floorplan/verilog2def.openroad.log"

Sat Dec 19 06:17:26 UTC 2020 - Executing "python3 /openLANE_flow/scripts/io_place.py --input-lef /project/openlane/user_project_wrapper/runs/user_project_wrapper/tmp/merged.lef --input-def /project/openlane/user_project_wrapper/runs/user_project_wrapper/tmp/floorplan/verilog2def_openroad.def --config /project/openlane/user_project_wrapper/pin_order.cfg --hor-layer 4 --ver-layer 3 --ver-width-mult 4 --hor-width-mult 4 --hor-extension 4.8 --ver-extension 4.8 --length 2.4 -o /project/openlane/user_project_wrapper/runs/user_project_wrapper/tmp/floorplan/ioPlacer.def |& tee /project/openlane/user_project_wrapper/runs/user_project_wrapper/logs/floorplan/place_io_ol.log >&@stdout"

Sat Dec 19 06:17:33 UTC 2020 - Executing "python3 /openLANE_flow/scripts/apply_def_template.py -t /project/openlane/user_project_wrapper/../../def/user_project_wrapper_empty.def -u /project/openlane/user_project_wrapper/runs/user_project_wrapper/tmp/floorplan/ioPlacer.def -s /openLANE_flow/scripts"

Sat Dec 19 06:17:35 UTC 2020 - Executing "openroad -exit /openLANE_flow/scripts/openroad/or_tapcell.tcl |& tee >&@stdout /project/openlane/user_project_wrapper/runs/user_project_wrapper/logs/floorplan/tapcell.log"

Sat Dec 19 06:17:57 UTC 2020 - Executing "openroad -exit /openLANE_flow/scripts/new_pdn.tcl |& tee >&@stdout /project/openlane/user_project_wrapper/runs/user_project_wrapper/logs/floorplan/pdn.log"

Sat Dec 19 06:18:28 UTC 2020 - Executing "openroad -exit /openLANE_flow/scripts/new_pdn.tcl |& tee >&@stdout /project/openlane/user_project_wrapper/runs/user_project_wrapper/logs/floorplan/pdn.log"

Sat Dec 19 06:18:58 UTC 2020 - Executing "openroad -exit /openLANE_flow/scripts/new_pdn.tcl |& tee >&@stdout /project/openlane/user_project_wrapper/runs/user_project_wrapper/logs/floorplan/pdn.log"

Sat Dec 19 06:19:27 UTC 2020 - Executing "openroad -exit /openLANE_flow/scripts/new_pdn.tcl |& tee >&@stdout /project/openlane/user_project_wrapper/runs/user_project_wrapper/logs/floorplan/pdn.log"

Sat Dec 19 06:19:57 UTC 2020 - Executing "openroad -exit /openLANE_flow/scripts/openroad/or_replace.tcl |& tee >&@stdout /project/openlane/user_project_wrapper/runs/user_project_wrapper/logs/placement/replace.log"

Sat Dec 19 06:23:12 UTC 2020 - Executing "/openLANE_flow/scripts/libtrim.pl /pdks/sky130A/libs.ref/sky130_fd_sc_hd/lib/sky130_fd_sc_hd__ss_100C_1v60.lib /pdks/sky130A/libs.tech/openlane/sky130_fd_sc_hd/no_synth.cells > /project/openlane/user_project_wrapper/runs/user_project_wrapper/tmp/opt.lib"

Sat Dec 19 06:23:12 UTC 2020 - Executing "Psn /openLANE_flow/scripts/openPhySyn.tcl |& tee >&@stdout /project/openlane/user_project_wrapper/runs/user_project_wrapper/logs/placement/openphysyn.log"

Sat Dec 19 06:27:16 UTC 2020 - Executing "openroad -exit /openLANE_flow/scripts/openroad/or_write_verilog.tcl |& tee >&@stdout /project/openlane/user_project_wrapper/runs/user_project_wrapper/logs/write_verilog.log"

Sat Dec 19 06:27:22 UTC 2020 - Executing "sed -i -e {s/\(set ::env(CURRENT_NETLIST)\).*/\1 \/project\/openlane\/user_project_wrapper\/runs\/user_project_wrapper\/results\/synthesis\/user_project_wrapper.synthesis_optimized.v/} /project/openlane/user_project_wrapper/runs/user_project_wrapper/config.tcl"

Sat Dec 19 06:27:22 UTC 2020 - Executing "sed -i -e {s/\(set ::env(PREV_NETLIST)\).*/\1 \/project\/openlane\/user_project_wrapper\/runs\/user_project_wrapper\/results\/synthesis\/user_project_wrapper.synthesis.v/} /project/openlane/user_project_wrapper/runs/user_project_wrapper/config.tcl"

Sat Dec 19 06:27:22 UTC 2020 - Executing "sta /openLANE_flow/scripts/sta.tcl |& tee >&@stdout /project/openlane/user_project_wrapper/runs/user_project_wrapper/logs/synthesis/opensta_post_openphysyn.log"

Sat Dec 19 06:27:34 UTC 2020 - Executing "opendp -lef /project/openlane/user_project_wrapper/runs/user_project_wrapper/tmp/merged.lef -def /project/openlane/user_project_wrapper/runs/user_project_wrapper/tmp/placement/openphysyn.def -output_def /project/openlane/user_project_wrapper/runs/user_project_wrapper/results/placement/user_project_wrapper.placement.def |& tee >&@stdout /project/openlane/user_project_wrapper/runs/user_project_wrapper/logs/placement/opendp.log"

Sat Dec 19 06:27:49 UTC 2020 - Executing "openroad -exit /openLANE_flow/scripts/openroad/or_cts.tcl |& tee >&@stdout /project/openlane/user_project_wrapper/runs/user_project_wrapper/logs/cts/cts.log"

