Thu Dec 03 09:57:46 UTC 2020 - Executing "/openLANE_flow/scripts/mergeLef.py -i /pdks/sky130A/libs.ref/sky130_fd_sc_hd/techlef/sky130_fd_sc_hd.tlef /pdks/sky130A/libs.ref/sky130_fd_sc_hd/lef/sky130_fd_sc_hd.lef -o /openLANE_flow/designs/ibex/runs/03-12_09-57/tmp/merged_unpadded.lef |& tee >&@stdout"

Thu Dec 03 09:57:46 UTC 2020 - Executing "/openLANE_flow/scripts/padLefMacro.py -s unithd -r 8 -i /openLANE_flow/designs/ibex/runs/03-12_09-57/tmp/merged_unpadded.lef -o /openLANE_flow/designs/ibex/runs/03-12_09-57/tmp/merged.lef -e {sky130_fd_sc_hd__tap* sky130_fd_sc_hd__decap* sky130_fd_sc_hd__fill*} |& tee >&@stdout"

Thu Dec 03 09:57:52 UTC 2020 - Executing "/openLANE_flow/scripts/libtrim.pl /pdks/sky130A/libs.ref/sky130_fd_sc_hd/lib/sky130_fd_sc_hd__tt_025C_1v80.lib /pdks/sky130A/libs.tech/openlane/sky130_fd_sc_hd/no_synth.cells > /openLANE_flow/designs/ibex/runs/03-12_09-57/tmp/trimmed.lib"

Thu Dec 03 09:57:52 UTC 2020 - Executing "yosys -c /openLANE_flow/scripts/synth.tcl -l /openLANE_flow/designs/ibex/runs/03-12_09-57/logs/synthesis/yosys.log |& tee >&@stdout"

Thu Dec 03 09:58:34 UTC 2020 - Executing "sed -i -e {s/\(set ::env(CURRENT_NETLIST)\).*/\1 \/openLANE_flow\/designs\/ibex\/runs\/03-12_09-57\/results\/synthesis\/ibex_core.synthesis.v/} /openLANE_flow/designs/ibex/runs/03-12_09-57/config.tcl"

Thu Dec 03 09:58:34 UTC 2020 - Executing "sed -i -e {s/\(set ::env(PREV_NETLIST)\).*/\1 0/} /openLANE_flow/designs/ibex/runs/03-12_09-57/config.tcl"

Thu Dec 03 09:58:34 UTC 2020 - Executing "sta /openLANE_flow/scripts/sta.tcl |& tee >&@stdout /openLANE_flow/designs/ibex/runs/03-12_09-57/logs/synthesis/opensta.log"

Thu Dec 03 09:58:36 UTC 2020 - Executing "openroad -exit /openLANE_flow/scripts/openroad/or_floorplan.tcl |& tee >&@stdout /openLANE_flow/designs/ibex/runs/03-12_09-57/logs/floorplan/verilog2def.openroad.log"

Thu Dec 03 09:58:37 UTC 2020 - Executing "openroad -exit /openLANE_flow/scripts/openroad/or_ioplacer.tcl |& tee >&@stdout /openLANE_flow/designs/ibex/runs/03-12_09-57/logs/floorplan/ioPlacer.log"

Thu Dec 03 09:58:38 UTC 2020 - Executing "openroad -exit /openLANE_flow/scripts/openroad/or_tapcell.tcl |& tee >&@stdout /openLANE_flow/designs/ibex/runs/03-12_09-57/logs/floorplan/tapcell.log"

Thu Dec 03 09:58:40 UTC 2020 - Executing "openroad -exit /openLANE_flow/scripts/openroad/or_replace.tcl |& tee >&@stdout /openLANE_flow/designs/ibex/runs/03-12_09-57/logs/placement/replace.log"

Thu Dec 03 09:58:56 UTC 2020 - Executing "/openLANE_flow/scripts/libtrim.pl /pdks/sky130A/libs.ref/sky130_fd_sc_hd/lib/sky130_fd_sc_hd__ss_100C_1v60.lib /pdks/sky130A/libs.tech/openlane/sky130_fd_sc_hd/no_synth.cells > /openLANE_flow/designs/ibex/runs/03-12_09-57/tmp/opt.lib"

Thu Dec 03 09:58:56 UTC 2020 - Executing "Psn /openLANE_flow/scripts/openPhySyn.tcl |& tee >&@stdout /openLANE_flow/designs/ibex/runs/03-12_09-57/logs/placement/openphysyn.log"

Thu Dec 03 10:13:25 UTC 2020 - Executing "openroad -exit /openLANE_flow/scripts/openroad/or_write_verilog.tcl |& tee >&@stdout /openLANE_flow/designs/ibex/runs/03-12_09-57/logs/write_verilog.log"

Thu Dec 03 10:13:26 UTC 2020 - Executing "sed -i -e {s/\(set ::env(CURRENT_NETLIST)\).*/\1 \/openLANE_flow\/designs\/ibex\/runs\/03-12_09-57\/results\/synthesis\/ibex_core.synthesis_optimized.v/} /openLANE_flow/designs/ibex/runs/03-12_09-57/config.tcl"

Thu Dec 03 10:13:26 UTC 2020 - Executing "sed -i -e {s/\(set ::env(PREV_NETLIST)\).*/\1 \/openLANE_flow\/designs\/ibex\/runs\/03-12_09-57\/results\/synthesis\/ibex_core.synthesis.v/} /openLANE_flow/designs/ibex/runs/03-12_09-57/config.tcl"

Thu Dec 03 10:13:26 UTC 2020 - Executing "sta /openLANE_flow/scripts/sta.tcl |& tee >&@stdout /openLANE_flow/designs/ibex/runs/03-12_09-57/logs/synthesis/opensta_post_openphysyn.log"

Thu Dec 03 10:13:28 UTC 2020 - Executing "opendp -lef /openLANE_flow/designs/ibex/runs/03-12_09-57/tmp/merged.lef -def /openLANE_flow/designs/ibex/runs/03-12_09-57/tmp/placement/openphysyn.def -output_def /openLANE_flow/designs/ibex/runs/03-12_09-57/results/placement/ibex_core.placement.def |& tee >&@stdout /openLANE_flow/designs/ibex/runs/03-12_09-57/logs/placement/opendp.log"

Thu Dec 03 10:13:30 UTC 2020 - Executing "openroad -exit /openLANE_flow/scripts/openroad/or_cts.tcl |& tee >&@stdout /openLANE_flow/designs/ibex/runs/03-12_09-57/logs/cts/cts.log"

Thu Dec 03 10:14:28 UTC 2020 - Executing "openroad -exit /openLANE_flow/scripts/openroad/or_write_verilog.tcl |& tee >&@stdout /openLANE_flow/designs/ibex/runs/03-12_09-57/logs/write_verilog.log"

Thu Dec 03 10:14:29 UTC 2020 - Executing "sed -i -e {s/\(set ::env(CURRENT_NETLIST)\).*/\1 \/openLANE_flow\/designs\/ibex\/runs\/03-12_09-57\/results\/synthesis\/ibex_core.synthesis_cts.v/} /openLANE_flow/designs/ibex/runs/03-12_09-57/config.tcl"

Thu Dec 03 10:14:29 UTC 2020 - Executing "sed -i -e {s/\(set ::env(PREV_NETLIST)\).*/\1 \/openLANE_flow\/designs\/ibex\/runs\/03-12_09-57\/results\/synthesis\/ibex_core.synthesis_optimized.v/} /openLANE_flow/designs/ibex/runs/03-12_09-57/config.tcl"

Thu Dec 03 10:14:29 UTC 2020 - Executing "openroad -exit /openLANE_flow/scripts/new_pdn.tcl |& tee >&@stdout /openLANE_flow/designs/ibex/runs/03-12_09-57/logs/floorplan/pdn.log"

Thu Dec 03 10:14:32 UTC 2020 - Executing "openroad -exit /openLANE_flow/scripts/openroad/or_route.tcl |& tee >&@stdout /openLANE_flow/designs/ibex/runs/03-12_09-57/logs/routing/fastroute.log"

Thu Dec 03 10:14:42 UTC 2020 - Executing "openroad -exit /openLANE_flow/scripts/openroad/or_route.tcl |& tee >&@stdout /openLANE_flow/designs/ibex/runs/03-12_09-57/logs/routing/fastroute_post_antenna.log"

Thu Dec 03 10:14:57 UTC 2020 - Executing "openroad -exit /openLANE_flow/scripts/openroad/or_fill.tcl |& tee >&@stdout /openLANE_flow/designs/ibex/runs/03-12_09-57/logs/routing/addspacers.log"

Thu Dec 03 10:14:58 UTC 2020 - Executing "openroad -exit /openLANE_flow/scripts/openroad/or_write_verilog.tcl |& tee >&@stdout /openLANE_flow/designs/ibex/runs/03-12_09-57/logs/write_verilog.log"

Thu Dec 03 10:14:59 UTC 2020 - Executing "sed -i -e {s/\(set ::env(CURRENT_NETLIST)\).*/\1 \/openLANE_flow\/designs\/ibex\/runs\/03-12_09-57\/results\/synthesis\/ibex_core.synthesis_preroute.v/} /openLANE_flow/designs/ibex/runs/03-12_09-57/config.tcl"

Thu Dec 03 10:14:59 UTC 2020 - Executing "sed -i -e {s/\(set ::env(PREV_NETLIST)\).*/\1 \/openLANE_flow\/designs\/ibex\/runs\/03-12_09-57\/results\/synthesis\/ibex_core.synthesis_cts.v/} /openLANE_flow/designs/ibex/runs/03-12_09-57/config.tcl"

Thu Dec 03 10:14:59 UTC 2020 - Executing "envsubst < /openLANE_flow/scripts/tritonRoute.param > /openLANE_flow/designs/ibex/runs/03-12_09-57/tmp/routing/tritonRoute.param"

Thu Dec 03 10:14:59 UTC 2020 - Executing "TritonRoute /openLANE_flow/designs/ibex/runs/03-12_09-57/tmp/routing/tritonRoute.param |& tee >&@stdout /openLANE_flow/designs/ibex/runs/03-12_09-57/logs/routing/tritonRoute.log"

Thu Dec 03 10:25:26 UTC 2020 - Executing "python3 /openLANE_flow/scripts/spef_extractor/main.py -l /openLANE_flow/designs/ibex/runs/03-12_09-57/tmp/merged_unpadded.lef -d /openLANE_flow/designs/ibex/runs/03-12_09-57/results/routing/ibex_core.def -mw L -ec 1 |& tee >&@stdout /openLANE_flow/designs/ibex/runs/03-12_09-57/logs/routing/spef_extraction.log"

Thu Dec 03 10:27:22 UTC 2020 - Executing "sta /openLANE_flow/scripts/sta.tcl |& tee >&@stdout /openLANE_flow/designs/ibex/runs/03-12_09-57/logs/synthesis/opensta_spef.log"

Thu Dec 03 10:27:28 UTC 2020 - Executing "python3 /openLANE_flow/scripts/write_powered_def.py -d /openLANE_flow/designs/ibex/runs/03-12_09-57/results/routing/ibex_core.def -l /openLANE_flow/designs/ibex/runs/03-12_09-57/tmp/merged.lef -v VPWR -g VGND -o /openLANE_flow/designs/ibex/runs/03-12_09-57/tmp/routing/ibex_core.powered.def |& tee >&@stdout /openLANE_flow/designs/ibex/runs/03-12_09-57/logs/lvs/write_powered_verilog.log"

Thu Dec 03 10:27:34 UTC 2020 - Executing "openroad -exit /openLANE_flow/scripts/openroad/or_write_verilog.tcl |& tee >&@stdout /openLANE_flow/designs/ibex/runs/03-12_09-57/logs/write_verilog.log"

Thu Dec 03 10:27:37 UTC 2020 - Executing "yosys -c /openLANE_flow/scripts/yosys_rewrite_verilog.tcl -l /openLANE_flow/designs/ibex/runs/03-12_09-57/logs/synthesis/yosys_rewrite_verilog.log"

Thu Dec 03 10:29:14 UTC 2020 - Executing "sed -i -e {s/\(set ::env(CURRENT_NETLIST)\).*/\1 \/openLANE_flow\/designs\/ibex\/runs\/03-12_09-57\/results\/lvs\/ibex_core.lvs.powered.v/} /openLANE_flow/designs/ibex/runs/03-12_09-57/config.tcl"

Thu Dec 03 10:29:14 UTC 2020 - Executing "sed -i -e {s/\(set ::env(PREV_NETLIST)\).*/\1 \/openLANE_flow\/designs\/ibex\/runs\/03-12_09-57\/results\/synthesis\/ibex_core.synthesis_preroute.v/} /openLANE_flow/designs/ibex/runs/03-12_09-57/config.tcl"

Thu Dec 03 10:29:14 UTC 2020 - Executing "magic -noconsole -dnull -rcfile /pdks/sky130A/libs.tech/magic/sky130A.magicrc /openLANE_flow/scripts/magic.tcl </dev/null |& tee >&@stdout /openLANE_flow/designs/ibex/runs/03-12_09-57/logs/magic/magic.log"

Thu Dec 03 10:30:15 UTC 2020 - Executing "magic -noconsole -dnull -rcfile /pdks/sky130A/libs.tech/magic/sky130A.magicrc /openLANE_flow/designs/ibex/runs/03-12_09-57/tmp/magic_spice.tcl </dev/null |& tee >&@stdout /openLANE_flow/designs/ibex/runs/03-12_09-57/logs/magic/magic_spice.log"

Thu Dec 03 10:31:51 UTC 2020 - Executing "magic -noconsole -dnull -rcfile /pdks/sky130A/libs.tech/magic/sky130A.magicrc /openLANE_flow/scripts/magic_drc.tcl </dev/null |& tee >&@stdout /openLANE_flow/designs/ibex/runs/03-12_09-57/logs/magic/magic.drc.log"

Thu Dec 03 10:34:17 UTC 2020 - Executing "netgen -batch lvs {/openLANE_flow/designs/ibex/runs/03-12_09-57/results/magic/ibex_core.spice ibex_core} {/openLANE_flow/designs/ibex/runs/03-12_09-57/results/lvs/ibex_core.lvs.powered.v ibex_core} /pdks/sky130A/libs.tech/netgen/sky130A_setup.tcl /openLANE_flow/designs/ibex/runs/03-12_09-57/results/lvs/ibex_core.lvs.log -json |& tee >&@stdout /openLANE_flow/designs/ibex/runs/03-12_09-57/logs/lvs/lvs.log"

Thu Dec 03 10:35:00 UTC 2020 - Executing "openroad -exit /openLANE_flow/scripts/openroad/or_antenna_check.tcl |& tee >&@stdout /openLANE_flow/designs/ibex/runs/03-12_09-57/logs/routing/or_antenna.log"

Thu Dec 03 10:35:30 UTC 2020 - Executing "python3 /openLANE_flow/report_generation_wrapper.py -d /openLANE_flow/designs/ibex -dn ibex_core -t 03-12_09-57 -o /openLANE_flow/designs/ibex/runs/03-12_09-57/reports/final_summary_report.csv -r /openLANE_flow/designs/ibex/runs/03-12_09-57"

