Startpoint: _417026_ (rising edge-triggered flip-flop clocked by clk)
Endpoint: _417026_ (rising edge-triggered flip-flop clocked by clk)
Path Group: clk
Path Type: min

  Delay    Time   Description
---------------------------------------------------------
   0.00    0.00   clock clk (rise edge)
   0.00    0.00   clock network delay (ideal)
   0.00    0.00 ^ _417026_/CLK (sky130_fd_sc_hd__dfxtp_4)
   0.20    0.20 ^ _417026_/Q (sky130_fd_sc_hd__dfxtp_4)
   0.06    0.26 ^ _222932_/X (sky130_fd_sc_hd__a21o_4)
   0.00    0.26 ^ _417026_/D (sky130_fd_sc_hd__dfxtp_4)
           0.26   data arrival time

   0.00    0.00   clock clk (rise edge)
   0.00    0.00   clock network delay (ideal)
   0.00    0.00   clock reconvergence pessimism
           0.00 ^ _417026_/CLK (sky130_fd_sc_hd__dfxtp_4)
  -0.02   -0.02   library hold time
          -0.02   data required time
---------------------------------------------------------
          -0.02   data required time
          -0.26   data arrival time
---------------------------------------------------------
           0.27   slack (MET)


Startpoint: addr[0] (input port clocked by clk)
Endpoint: _414445_ (rising edge-triggered flip-flop clocked by clk)
Path Group: clk
Path Type: max

  Delay    Time   Description
---------------------------------------------------------
   0.00    0.00   clock clk (rise edge)
   0.00    0.00   clock network delay (ideal)
   2.00    2.00 v input external delay
   0.01    2.01 v addr[0] (in)
   0.23    2.23 v _196000_/X (sky130_fd_sc_hd__buf_2)
   0.25    2.48 v _199174_/X (sky130_fd_sc_hd__buf_2)
   0.25    2.73 v _199175_/X (sky130_fd_sc_hd__buf_2)
   0.25    2.98 v _199176_/X (sky130_fd_sc_hd__buf_2)
   0.25    3.23 v _199177_/X (sky130_fd_sc_hd__buf_2)
   0.29    3.53 v _199178_/X (sky130_fd_sc_hd__buf_2)
   0.39    3.91 v _199179_/X (sky130_fd_sc_hd__buf_2)
   0.55    4.46 ^ _200592_/Y (sky130_fd_sc_hd__nor4_4)
   0.33    4.79 ^ _200598_/X (sky130_fd_sc_hd__buf_2)
   0.30    5.09 ^ _227483_/X (sky130_fd_sc_hd__buf_2)
   0.46    5.55 ^ _303819_/X (sky130_fd_sc_hd__buf_2)
   0.26    5.81 v _306767_/Y (sky130_fd_sc_hd__nand3_4)
   0.36    6.17 v _306768_/X (sky130_fd_sc_hd__buf_2)
   0.39    6.56 v _306781_/X (sky130_fd_sc_hd__a21o_4)
   0.00    6.56 v _414445_/D (sky130_fd_sc_hd__dfxtp_4)
           6.56   data arrival time

  10.00   10.00   clock clk (rise edge)
   0.00   10.00   clock network delay (ideal)
   0.00   10.00   clock reconvergence pessimism
          10.00 ^ _414445_/CLK (sky130_fd_sc_hd__dfxtp_4)
  -0.28    9.72   library setup time
           9.72   data required time
---------------------------------------------------------
           9.72   data required time
          -6.56   data arrival time
---------------------------------------------------------
           3.16   slack (MET)


