
Cell sky130_fd_sc_hd__nand2_4 disconnected node: A
Cell sky130_fd_sc_hd__nand2_4 disconnected node: B
Cell sky130_fd_sc_hd__nand2_4 disconnected node: VGND
Cell sky130_fd_sc_hd__nand2_4 disconnected node: VPWR
Cell sky130_fd_sc_hd__nand2_4 disconnected node: Y
Warning: Equate pins:  cell sky130_fd_sc_hd__nand2_4 has no definition, treated as a black box.

Subcircuit pins:
Circuit 1: sky130_fd_sc_hd__nand2_4        |Circuit 2: sky130_fd_sc_hd__nand2_4        
-------------------------------------------|-------------------------------------------
A                                          |A                                          
B                                          |B                                          
VGND                                       |VGND                                       
VPWR                                       |VPWR                                       
Y                                          |Y                                          
---------------------------------------------------------------------------------------
Cell pin lists are equivalent.
Device classes sky130_fd_sc_hd__nand2_4 and sky130_fd_sc_hd__nand2_4 are equivalent.

Cell sky130_fd_sc_hd__inv_2 disconnected node: A
Cell sky130_fd_sc_hd__inv_2 disconnected node: VGND
Cell sky130_fd_sc_hd__inv_2 disconnected node: VPWR
Cell sky130_fd_sc_hd__inv_2 disconnected node: Y
Warning: Equate pins:  cell sky130_fd_sc_hd__inv_2 has no definition, treated as a black box.

Subcircuit pins:
Circuit 1: sky130_fd_sc_hd__inv_2          |Circuit 2: sky130_fd_sc_hd__inv_2          
-------------------------------------------|-------------------------------------------
A                                          |A                                          
VGND                                       |VGND                                       
VPWR                                       |VPWR                                       
Y                                          |Y                                          
---------------------------------------------------------------------------------------
Cell pin lists are equivalent.
Device classes sky130_fd_sc_hd__inv_2 and sky130_fd_sc_hd__inv_2 are equivalent.

Cell sky130_fd_sc_hd__nand3_4 disconnected node: A
Cell sky130_fd_sc_hd__nand3_4 disconnected node: B
Cell sky130_fd_sc_hd__nand3_4 disconnected node: C
Cell sky130_fd_sc_hd__nand3_4 disconnected node: VGND
Cell sky130_fd_sc_hd__nand3_4 disconnected node: VPWR
Cell sky130_fd_sc_hd__nand3_4 disconnected node: Y
Warning: Equate pins:  cell sky130_fd_sc_hd__nand3_4 has no definition, treated as a black box.

Subcircuit pins:
Circuit 1: sky130_fd_sc_hd__nand3_4        |Circuit 2: sky130_fd_sc_hd__nand3_4        
-------------------------------------------|-------------------------------------------
A                                          |A                                          
B                                          |B                                          
C                                          |C                                          
VGND                                       |VGND                                       
VPWR                                       |VPWR                                       
Y                                          |Y                                          
---------------------------------------------------------------------------------------
Cell pin lists are equivalent.
Device classes sky130_fd_sc_hd__nand3_4 and sky130_fd_sc_hd__nand3_4 are equivalent.

Cell sky130_fd_sc_hd__a211o_4 disconnected node: A1
Cell sky130_fd_sc_hd__a211o_4 disconnected node: A2
Cell sky130_fd_sc_hd__a211o_4 disconnected node: B1
Cell sky130_fd_sc_hd__a211o_4 disconnected node: C1
Cell sky130_fd_sc_hd__a211o_4 disconnected node: VGND
Cell sky130_fd_sc_hd__a211o_4 disconnected node: VPWR
Cell sky130_fd_sc_hd__a211o_4 disconnected node: X
Warning: Equate pins:  cell sky130_fd_sc_hd__a211o_4 has no definition, treated as a black box.

Subcircuit pins:
Circuit 1: sky130_fd_sc_hd__a211o_4        |Circuit 2: sky130_fd_sc_hd__a211o_4        
-------------------------------------------|-------------------------------------------
A1                                         |A1                                         
A2                                         |A2                                         
B1                                         |B1                                         
C1                                         |C1                                         
VGND                                       |VGND                                       
VPWR                                       |VPWR                                       
X                                          |X                                          
---------------------------------------------------------------------------------------
Cell pin lists are equivalent.
Device classes sky130_fd_sc_hd__a211o_4 and sky130_fd_sc_hd__a211o_4 are equivalent.

Cell sky130_fd_sc_hd__a2111o_4 disconnected node: A1
Cell sky130_fd_sc_hd__a2111o_4 disconnected node: A2
Cell sky130_fd_sc_hd__a2111o_4 disconnected node: B1
Cell sky130_fd_sc_hd__a2111o_4 disconnected node: C1
Cell sky130_fd_sc_hd__a2111o_4 disconnected node: D1
Cell sky130_fd_sc_hd__a2111o_4 disconnected node: VGND
Cell sky130_fd_sc_hd__a2111o_4 disconnected node: VPWR
Cell sky130_fd_sc_hd__a2111o_4 disconnected node: X
Warning: Equate pins:  cell sky130_fd_sc_hd__a2111o_4 has no definition, treated as a black box.

Subcircuit pins:
Circuit 1: sky130_fd_sc_hd__a2111o_4       |Circuit 2: sky130_fd_sc_hd__a2111o_4       
-------------------------------------------|-------------------------------------------
A1                                         |A1                                         
A2                                         |A2                                         
B1                                         |B1                                         
C1                                         |C1                                         
D1                                         |D1                                         
VGND                                       |VGND                                       
VPWR                                       |VPWR                                       
X                                          |X                                          
---------------------------------------------------------------------------------------
Cell pin lists are equivalent.
Device classes sky130_fd_sc_hd__a2111o_4 and sky130_fd_sc_hd__a2111o_4 are equivalent.

Cell sky130_fd_sc_hd__a21boi_4 disconnected node: A1
Cell sky130_fd_sc_hd__a21boi_4 disconnected node: A2
Cell sky130_fd_sc_hd__a21boi_4 disconnected node: B1_N
Cell sky130_fd_sc_hd__a21boi_4 disconnected node: VGND
Cell sky130_fd_sc_hd__a21boi_4 disconnected node: VPWR
Cell sky130_fd_sc_hd__a21boi_4 disconnected node: Y
Warning: Equate pins:  cell sky130_fd_sc_hd__a21boi_4 has no definition, treated as a black box.

Subcircuit pins:
Circuit 1: sky130_fd_sc_hd__a21boi_4       |Circuit 2: sky130_fd_sc_hd__a21boi_4       
-------------------------------------------|-------------------------------------------
A1                                         |A1                                         
A2                                         |A2                                         
B1_N                                       |B1_N                                       
VGND                                       |VGND                                       
VPWR                                       |VPWR                                       
Y                                          |Y                                          
---------------------------------------------------------------------------------------
Cell pin lists are equivalent.
Device classes sky130_fd_sc_hd__a21boi_4 and sky130_fd_sc_hd__a21boi_4 are equivalent.

Cell sky130_fd_sc_hd__tapvpwrvgnd_1 disconnected node: VGND
Cell sky130_fd_sc_hd__tapvpwrvgnd_1 disconnected node: VPWR
Warning: Equate pins:  cell sky130_fd_sc_hd__tapvpwrvgnd_1 has no definition, treated as a black box.

Subcircuit pins:
Circuit 1: sky130_fd_sc_hd__tapvpwrvgnd_1  |Circuit 2: sky130_fd_sc_hd__tapvpwrvgnd_1  
-------------------------------------------|-------------------------------------------
VGND                                       |VGND                                       
VPWR                                       |VPWR                                       
---------------------------------------------------------------------------------------
Cell pin lists are equivalent.
Device classes sky130_fd_sc_hd__tapvpwrvgnd_1 and sky130_fd_sc_hd__tapvpwrvgnd_1 are equivalent.

Cell sky130_fd_sc_hd__nor2_4 disconnected node: A
Cell sky130_fd_sc_hd__nor2_4 disconnected node: B
Cell sky130_fd_sc_hd__nor2_4 disconnected node: VGND
Cell sky130_fd_sc_hd__nor2_4 disconnected node: VPWR
Cell sky130_fd_sc_hd__nor2_4 disconnected node: Y
Warning: Equate pins:  cell sky130_fd_sc_hd__nor2_4 has no definition, treated as a black box.

Subcircuit pins:
Circuit 1: sky130_fd_sc_hd__nor2_4         |Circuit 2: sky130_fd_sc_hd__nor2_4         
-------------------------------------------|-------------------------------------------
A                                          |A                                          
B                                          |B                                          
VGND                                       |VGND                                       
VPWR                                       |VPWR                                       
Y                                          |Y                                          
---------------------------------------------------------------------------------------
Cell pin lists are equivalent.
Device classes sky130_fd_sc_hd__nor2_4 and sky130_fd_sc_hd__nor2_4 are equivalent.

Cell sky130_fd_sc_hd__and4_4 disconnected node: A
Cell sky130_fd_sc_hd__and4_4 disconnected node: B
Cell sky130_fd_sc_hd__and4_4 disconnected node: C
Cell sky130_fd_sc_hd__and4_4 disconnected node: D
Cell sky130_fd_sc_hd__and4_4 disconnected node: VGND
Cell sky130_fd_sc_hd__and4_4 disconnected node: VPWR
Cell sky130_fd_sc_hd__and4_4 disconnected node: X
Warning: Equate pins:  cell sky130_fd_sc_hd__and4_4 has no definition, treated as a black box.

Subcircuit pins:
Circuit 1: sky130_fd_sc_hd__and4_4         |Circuit 2: sky130_fd_sc_hd__and4_4         
-------------------------------------------|-------------------------------------------
A                                          |A                                          
B                                          |B                                          
C                                          |C                                          
D                                          |D                                          
VGND                                       |VGND                                       
VPWR                                       |VPWR                                       
X                                          |X                                          
---------------------------------------------------------------------------------------
Cell pin lists are equivalent.
Device classes sky130_fd_sc_hd__and4_4 and sky130_fd_sc_hd__and4_4 are equivalent.

Cell sky130_fd_sc_hd__buf_2 disconnected node: A
Cell sky130_fd_sc_hd__buf_2 disconnected node: VGND
Cell sky130_fd_sc_hd__buf_2 disconnected node: VPWR
Cell sky130_fd_sc_hd__buf_2 disconnected node: X
Warning: Equate pins:  cell sky130_fd_sc_hd__buf_2 has no definition, treated as a black box.

Subcircuit pins:
Circuit 1: sky130_fd_sc_hd__buf_2          |Circuit 2: sky130_fd_sc_hd__buf_2          
-------------------------------------------|-------------------------------------------
A                                          |A                                          
VGND                                       |VGND                                       
VPWR                                       |VPWR                                       
X                                          |X                                          
---------------------------------------------------------------------------------------
Cell pin lists are equivalent.
Device classes sky130_fd_sc_hd__buf_2 and sky130_fd_sc_hd__buf_2 are equivalent.

Cell sky130_fd_sc_hd__and2_4 disconnected node: A
Cell sky130_fd_sc_hd__and2_4 disconnected node: B
Cell sky130_fd_sc_hd__and2_4 disconnected node: VGND
Cell sky130_fd_sc_hd__and2_4 disconnected node: VPWR
Cell sky130_fd_sc_hd__and2_4 disconnected node: X
Warning: Equate pins:  cell sky130_fd_sc_hd__and2_4 has no definition, treated as a black box.

Subcircuit pins:
Circuit 1: sky130_fd_sc_hd__and2_4         |Circuit 2: sky130_fd_sc_hd__and2_4         
-------------------------------------------|-------------------------------------------
A                                          |A                                          
B                                          |B                                          
VGND                                       |VGND                                       
VPWR                                       |VPWR                                       
X                                          |X                                          
---------------------------------------------------------------------------------------
Cell pin lists are equivalent.
Device classes sky130_fd_sc_hd__and2_4 and sky130_fd_sc_hd__and2_4 are equivalent.

Cell sky130_fd_sc_hd__a2bb2o_4 disconnected node: A1_N
Cell sky130_fd_sc_hd__a2bb2o_4 disconnected node: A2_N
Cell sky130_fd_sc_hd__a2bb2o_4 disconnected node: B1
Cell sky130_fd_sc_hd__a2bb2o_4 disconnected node: B2
Cell sky130_fd_sc_hd__a2bb2o_4 disconnected node: VGND
Cell sky130_fd_sc_hd__a2bb2o_4 disconnected node: VPWR
Cell sky130_fd_sc_hd__a2bb2o_4 disconnected node: X
Warning: Equate pins:  cell sky130_fd_sc_hd__a2bb2o_4 has no definition, treated as a black box.

Subcircuit pins:
Circuit 1: sky130_fd_sc_hd__a2bb2o_4       |Circuit 2: sky130_fd_sc_hd__a2bb2o_4       
-------------------------------------------|-------------------------------------------
A1_N                                       |A1_N                                       
A2_N                                       |A2_N                                       
B1                                         |B1                                         
B2                                         |B2                                         
VGND                                       |VGND                                       
VPWR                                       |VPWR                                       
X                                          |X                                          
---------------------------------------------------------------------------------------
Cell pin lists are equivalent.
Device classes sky130_fd_sc_hd__a2bb2o_4 and sky130_fd_sc_hd__a2bb2o_4 are equivalent.

Cell sky130_fd_sc_hd__a21o_4 disconnected node: A1
Cell sky130_fd_sc_hd__a21o_4 disconnected node: A2
Cell sky130_fd_sc_hd__a21o_4 disconnected node: B1
Cell sky130_fd_sc_hd__a21o_4 disconnected node: VGND
Cell sky130_fd_sc_hd__a21o_4 disconnected node: VPWR
Cell sky130_fd_sc_hd__a21o_4 disconnected node: X
Warning: Equate pins:  cell sky130_fd_sc_hd__a21o_4 has no definition, treated as a black box.

Subcircuit pins:
Circuit 1: sky130_fd_sc_hd__a21o_4         |Circuit 2: sky130_fd_sc_hd__a21o_4         
-------------------------------------------|-------------------------------------------
A1                                         |A1                                         
A2                                         |A2                                         
B1                                         |B1                                         
VGND                                       |VGND                                       
VPWR                                       |VPWR                                       
X                                          |X                                          
---------------------------------------------------------------------------------------
Cell pin lists are equivalent.
Device classes sky130_fd_sc_hd__a21o_4 and sky130_fd_sc_hd__a21o_4 are equivalent.

Cell sky130_fd_sc_hd__o21a_4 disconnected node: A1
Cell sky130_fd_sc_hd__o21a_4 disconnected node: A2
Cell sky130_fd_sc_hd__o21a_4 disconnected node: B1
Cell sky130_fd_sc_hd__o21a_4 disconnected node: VGND
Cell sky130_fd_sc_hd__o21a_4 disconnected node: VPWR
Cell sky130_fd_sc_hd__o21a_4 disconnected node: X
Warning: Equate pins:  cell sky130_fd_sc_hd__o21a_4 has no definition, treated as a black box.

Subcircuit pins:
Circuit 1: sky130_fd_sc_hd__o21a_4         |Circuit 2: sky130_fd_sc_hd__o21a_4         
-------------------------------------------|-------------------------------------------
A1                                         |A1                                         
A2                                         |A2                                         
B1                                         |B1                                         
VGND                                       |VGND                                       
VPWR                                       |VPWR                                       
X                                          |X                                          
---------------------------------------------------------------------------------------
Cell pin lists are equivalent.
Device classes sky130_fd_sc_hd__o21a_4 and sky130_fd_sc_hd__o21a_4 are equivalent.

Cell sky130_fd_sc_hd__o21ai_4 disconnected node: A1
Cell sky130_fd_sc_hd__o21ai_4 disconnected node: A2
Cell sky130_fd_sc_hd__o21ai_4 disconnected node: B1
Cell sky130_fd_sc_hd__o21ai_4 disconnected node: VGND
Cell sky130_fd_sc_hd__o21ai_4 disconnected node: VPWR
Cell sky130_fd_sc_hd__o21ai_4 disconnected node: Y
Warning: Equate pins:  cell sky130_fd_sc_hd__o21ai_4 has no definition, treated as a black box.

Subcircuit pins:
Circuit 1: sky130_fd_sc_hd__o21ai_4        |Circuit 2: sky130_fd_sc_hd__o21ai_4        
-------------------------------------------|-------------------------------------------
A1                                         |A1                                         
A2                                         |A2                                         
B1                                         |B1                                         
VGND                                       |VGND                                       
VPWR                                       |VPWR                                       
Y                                          |Y                                          
---------------------------------------------------------------------------------------
Cell pin lists are equivalent.
Device classes sky130_fd_sc_hd__o21ai_4 and sky130_fd_sc_hd__o21ai_4 are equivalent.

Cell sky130_fd_sc_hd__a21oi_4 disconnected node: A1
Cell sky130_fd_sc_hd__a21oi_4 disconnected node: A2
Cell sky130_fd_sc_hd__a21oi_4 disconnected node: B1
Cell sky130_fd_sc_hd__a21oi_4 disconnected node: VGND
Cell sky130_fd_sc_hd__a21oi_4 disconnected node: VPWR
Cell sky130_fd_sc_hd__a21oi_4 disconnected node: Y
Warning: Equate pins:  cell sky130_fd_sc_hd__a21oi_4 has no definition, treated as a black box.

Subcircuit pins:
Circuit 1: sky130_fd_sc_hd__a21oi_4        |Circuit 2: sky130_fd_sc_hd__a21oi_4        
-------------------------------------------|-------------------------------------------
A1                                         |A1                                         
A2                                         |A2                                         
B1                                         |B1                                         
VGND                                       |VGND                                       
VPWR                                       |VPWR                                       
Y                                          |Y                                          
---------------------------------------------------------------------------------------
Cell pin lists are equivalent.
Device classes sky130_fd_sc_hd__a21oi_4 and sky130_fd_sc_hd__a21oi_4 are equivalent.

Cell sky130_fd_sc_hd__nor4_4 disconnected node: A
Cell sky130_fd_sc_hd__nor4_4 disconnected node: B
Cell sky130_fd_sc_hd__nor4_4 disconnected node: C
Cell sky130_fd_sc_hd__nor4_4 disconnected node: D
Cell sky130_fd_sc_hd__nor4_4 disconnected node: VGND
Cell sky130_fd_sc_hd__nor4_4 disconnected node: VPWR
Cell sky130_fd_sc_hd__nor4_4 disconnected node: Y
Warning: Equate pins:  cell sky130_fd_sc_hd__nor4_4 has no definition, treated as a black box.

Subcircuit pins:
Circuit 1: sky130_fd_sc_hd__nor4_4         |Circuit 2: sky130_fd_sc_hd__nor4_4         
-------------------------------------------|-------------------------------------------
A                                          |A                                          
B                                          |B                                          
C                                          |C                                          
D                                          |D                                          
VGND                                       |VGND                                       
VPWR                                       |VPWR                                       
Y                                          |Y                                          
---------------------------------------------------------------------------------------
Cell pin lists are equivalent.
Device classes sky130_fd_sc_hd__nor4_4 and sky130_fd_sc_hd__nor4_4 are equivalent.

Cell sky130_fd_sc_hd__nor3_4 disconnected node: A
Cell sky130_fd_sc_hd__nor3_4 disconnected node: B
Cell sky130_fd_sc_hd__nor3_4 disconnected node: C
Cell sky130_fd_sc_hd__nor3_4 disconnected node: VGND
Cell sky130_fd_sc_hd__nor3_4 disconnected node: VPWR
Cell sky130_fd_sc_hd__nor3_4 disconnected node: Y
Warning: Equate pins:  cell sky130_fd_sc_hd__nor3_4 has no definition, treated as a black box.

Subcircuit pins:
Circuit 1: sky130_fd_sc_hd__nor3_4         |Circuit 2: sky130_fd_sc_hd__nor3_4         
-------------------------------------------|-------------------------------------------
A                                          |A                                          
B                                          |B                                          
C                                          |C                                          
VGND                                       |VGND                                       
VPWR                                       |VPWR                                       
Y                                          |Y                                          
---------------------------------------------------------------------------------------
Cell pin lists are equivalent.
Device classes sky130_fd_sc_hd__nor3_4 and sky130_fd_sc_hd__nor3_4 are equivalent.

Cell sky130_fd_sc_hd__dfrtp_4 disconnected node: CLK
Cell sky130_fd_sc_hd__dfrtp_4 disconnected node: D
Cell sky130_fd_sc_hd__dfrtp_4 disconnected node: RESET_B
Cell sky130_fd_sc_hd__dfrtp_4 disconnected node: VGND
Cell sky130_fd_sc_hd__dfrtp_4 disconnected node: VPWR
Cell sky130_fd_sc_hd__dfrtp_4 disconnected node: Q
Warning: Equate pins:  cell sky130_fd_sc_hd__dfrtp_4 has no definition, treated as a black box.

Subcircuit pins:
Circuit 1: sky130_fd_sc_hd__dfrtp_4        |Circuit 2: sky130_fd_sc_hd__dfrtp_4        
-------------------------------------------|-------------------------------------------
CLK                                        |CLK                                        
D                                          |D                                          
RESET_B                                    |RESET_B                                    
VGND                                       |VGND                                       
VPWR                                       |VPWR                                       
Q                                          |Q                                          
---------------------------------------------------------------------------------------
Cell pin lists are equivalent.
Device classes sky130_fd_sc_hd__dfrtp_4 and sky130_fd_sc_hd__dfrtp_4 are equivalent.

Cell sky130_fd_sc_hd__xnor2_4 disconnected node: A
Cell sky130_fd_sc_hd__xnor2_4 disconnected node: B
Cell sky130_fd_sc_hd__xnor2_4 disconnected node: VGND
Cell sky130_fd_sc_hd__xnor2_4 disconnected node: VPWR
Cell sky130_fd_sc_hd__xnor2_4 disconnected node: Y
Warning: Equate pins:  cell sky130_fd_sc_hd__xnor2_4 has no definition, treated as a black box.

Subcircuit pins:
Circuit 1: sky130_fd_sc_hd__xnor2_4        |Circuit 2: sky130_fd_sc_hd__xnor2_4        
-------------------------------------------|-------------------------------------------
A                                          |A                                          
B                                          |B                                          
VGND                                       |VGND                                       
VPWR                                       |VPWR                                       
Y                                          |Y                                          
---------------------------------------------------------------------------------------
Cell pin lists are equivalent.
Device classes sky130_fd_sc_hd__xnor2_4 and sky130_fd_sc_hd__xnor2_4 are equivalent.

Cell sky130_fd_sc_hd__xor2_4 disconnected node: A
Cell sky130_fd_sc_hd__xor2_4 disconnected node: B
Cell sky130_fd_sc_hd__xor2_4 disconnected node: VGND
Cell sky130_fd_sc_hd__xor2_4 disconnected node: VPWR
Cell sky130_fd_sc_hd__xor2_4 disconnected node: X
Warning: Equate pins:  cell sky130_fd_sc_hd__xor2_4 has no definition, treated as a black box.

Subcircuit pins:
Circuit 1: sky130_fd_sc_hd__xor2_4         |Circuit 2: sky130_fd_sc_hd__xor2_4         
-------------------------------------------|-------------------------------------------
A                                          |A                                          
B                                          |B                                          
VGND                                       |VGND                                       
VPWR                                       |VPWR                                       
X                                          |X                                          
---------------------------------------------------------------------------------------
Cell pin lists are equivalent.
Device classes sky130_fd_sc_hd__xor2_4 and sky130_fd_sc_hd__xor2_4 are equivalent.

Cell sky130_fd_sc_hd__nand4_4 disconnected node: A
Cell sky130_fd_sc_hd__nand4_4 disconnected node: B
Cell sky130_fd_sc_hd__nand4_4 disconnected node: C
Cell sky130_fd_sc_hd__nand4_4 disconnected node: D
Cell sky130_fd_sc_hd__nand4_4 disconnected node: VGND
Cell sky130_fd_sc_hd__nand4_4 disconnected node: VPWR
Cell sky130_fd_sc_hd__nand4_4 disconnected node: Y
Warning: Equate pins:  cell sky130_fd_sc_hd__nand4_4 has no definition, treated as a black box.

Subcircuit pins:
Circuit 1: sky130_fd_sc_hd__nand4_4        |Circuit 2: sky130_fd_sc_hd__nand4_4        
-------------------------------------------|-------------------------------------------
A                                          |A                                          
B                                          |B                                          
C                                          |C                                          
D                                          |D                                          
VGND                                       |VGND                                       
VPWR                                       |VPWR                                       
Y                                          |Y                                          
---------------------------------------------------------------------------------------
Cell pin lists are equivalent.
Device classes sky130_fd_sc_hd__nand4_4 and sky130_fd_sc_hd__nand4_4 are equivalent.

Cell sky130_fd_sc_hd__clkbuf_1 disconnected node: A
Cell sky130_fd_sc_hd__clkbuf_1 disconnected node: VGND
Cell sky130_fd_sc_hd__clkbuf_1 disconnected node: VPWR
Cell sky130_fd_sc_hd__clkbuf_1 disconnected node: X
Warning: Equate pins:  cell sky130_fd_sc_hd__clkbuf_1 has no definition, treated as a black box.

Subcircuit pins:
Circuit 1: sky130_fd_sc_hd__clkbuf_1       |Circuit 2: sky130_fd_sc_hd__clkbuf_1       
-------------------------------------------|-------------------------------------------
A                                          |A                                          
VGND                                       |VGND                                       
VPWR                                       |VPWR                                       
X                                          |X                                          
---------------------------------------------------------------------------------------
Cell pin lists are equivalent.
Device classes sky130_fd_sc_hd__clkbuf_1 and sky130_fd_sc_hd__clkbuf_1 are equivalent.

Cell sky130_fd_sc_hd__dfxtp_4 disconnected node: CLK
Cell sky130_fd_sc_hd__dfxtp_4 disconnected node: D
Cell sky130_fd_sc_hd__dfxtp_4 disconnected node: VGND
Cell sky130_fd_sc_hd__dfxtp_4 disconnected node: VPWR
Cell sky130_fd_sc_hd__dfxtp_4 disconnected node: Q
Warning: Equate pins:  cell sky130_fd_sc_hd__dfxtp_4 has no definition, treated as a black box.

Subcircuit pins:
Circuit 1: sky130_fd_sc_hd__dfxtp_4        |Circuit 2: sky130_fd_sc_hd__dfxtp_4        
-------------------------------------------|-------------------------------------------
CLK                                        |CLK                                        
D                                          |D                                          
VGND                                       |VGND                                       
VPWR                                       |VPWR                                       
Q                                          |Q                                          
---------------------------------------------------------------------------------------
Cell pin lists are equivalent.
Device classes sky130_fd_sc_hd__dfxtp_4 and sky130_fd_sc_hd__dfxtp_4 are equivalent.

Cell sky130_fd_sc_hd__a41oi_4 disconnected node: A1
Cell sky130_fd_sc_hd__a41oi_4 disconnected node: A2
Cell sky130_fd_sc_hd__a41oi_4 disconnected node: A3
Cell sky130_fd_sc_hd__a41oi_4 disconnected node: A4
Cell sky130_fd_sc_hd__a41oi_4 disconnected node: B1
Cell sky130_fd_sc_hd__a41oi_4 disconnected node: VGND
Cell sky130_fd_sc_hd__a41oi_4 disconnected node: VPWR
Cell sky130_fd_sc_hd__a41oi_4 disconnected node: Y
Warning: Equate pins:  cell sky130_fd_sc_hd__a41oi_4 has no definition, treated as a black box.

Subcircuit pins:
Circuit 1: sky130_fd_sc_hd__a41oi_4        |Circuit 2: sky130_fd_sc_hd__a41oi_4        
-------------------------------------------|-------------------------------------------
A1                                         |A1                                         
A2                                         |A2                                         
A3                                         |A3                                         
A4                                         |A4                                         
B1                                         |B1                                         
VGND                                       |VGND                                       
VPWR                                       |VPWR                                       
Y                                          |Y                                          
---------------------------------------------------------------------------------------
Cell pin lists are equivalent.
Device classes sky130_fd_sc_hd__a41oi_4 and sky130_fd_sc_hd__a41oi_4 are equivalent.

Cell sky130_fd_sc_hd__or2_4 disconnected node: A
Cell sky130_fd_sc_hd__or2_4 disconnected node: B
Cell sky130_fd_sc_hd__or2_4 disconnected node: VGND
Cell sky130_fd_sc_hd__or2_4 disconnected node: VPWR
Cell sky130_fd_sc_hd__or2_4 disconnected node: X
Warning: Equate pins:  cell sky130_fd_sc_hd__or2_4 has no definition, treated as a black box.

Subcircuit pins:
Circuit 1: sky130_fd_sc_hd__or2_4          |Circuit 2: sky130_fd_sc_hd__or2_4          
-------------------------------------------|-------------------------------------------
A                                          |A                                          
B                                          |B                                          
VGND                                       |VGND                                       
VPWR                                       |VPWR                                       
X                                          |X                                          
---------------------------------------------------------------------------------------
Cell pin lists are equivalent.
Device classes sky130_fd_sc_hd__or2_4 and sky130_fd_sc_hd__or2_4 are equivalent.

Cell sky130_fd_sc_hd__a41o_4 disconnected node: A1
Cell sky130_fd_sc_hd__a41o_4 disconnected node: A2
Cell sky130_fd_sc_hd__a41o_4 disconnected node: A3
Cell sky130_fd_sc_hd__a41o_4 disconnected node: A4
Cell sky130_fd_sc_hd__a41o_4 disconnected node: B1
Cell sky130_fd_sc_hd__a41o_4 disconnected node: VGND
Cell sky130_fd_sc_hd__a41o_4 disconnected node: VPWR
Cell sky130_fd_sc_hd__a41o_4 disconnected node: X
Warning: Equate pins:  cell sky130_fd_sc_hd__a41o_4 has no definition, treated as a black box.

Subcircuit pins:
Circuit 1: sky130_fd_sc_hd__a41o_4         |Circuit 2: sky130_fd_sc_hd__a41o_4         
-------------------------------------------|-------------------------------------------
A1                                         |A1                                         
A2                                         |A2                                         
A3                                         |A3                                         
A4                                         |A4                                         
B1                                         |B1                                         
VGND                                       |VGND                                       
VPWR                                       |VPWR                                       
X                                          |X                                          
---------------------------------------------------------------------------------------
Cell pin lists are equivalent.
Device classes sky130_fd_sc_hd__a41o_4 and sky130_fd_sc_hd__a41o_4 are equivalent.

Cell sky130_fd_sc_hd__o22a_4 disconnected node: A1
Cell sky130_fd_sc_hd__o22a_4 disconnected node: A2
Cell sky130_fd_sc_hd__o22a_4 disconnected node: B1
Cell sky130_fd_sc_hd__o22a_4 disconnected node: B2
Cell sky130_fd_sc_hd__o22a_4 disconnected node: VGND
Cell sky130_fd_sc_hd__o22a_4 disconnected node: VPWR
Cell sky130_fd_sc_hd__o22a_4 disconnected node: X
Warning: Equate pins:  cell sky130_fd_sc_hd__o22a_4 has no definition, treated as a black box.

Subcircuit pins:
Circuit 1: sky130_fd_sc_hd__o22a_4         |Circuit 2: sky130_fd_sc_hd__o22a_4         
-------------------------------------------|-------------------------------------------
A1                                         |A1                                         
A2                                         |A2                                         
B1                                         |B1                                         
B2                                         |B2                                         
VGND                                       |VGND                                       
VPWR                                       |VPWR                                       
X                                          |X                                          
---------------------------------------------------------------------------------------
Cell pin lists are equivalent.
Device classes sky130_fd_sc_hd__o22a_4 and sky130_fd_sc_hd__o22a_4 are equivalent.

Cell sky130_fd_sc_hd__o41ai_4 disconnected node: A1
Cell sky130_fd_sc_hd__o41ai_4 disconnected node: A2
Cell sky130_fd_sc_hd__o41ai_4 disconnected node: A3
Cell sky130_fd_sc_hd__o41ai_4 disconnected node: A4
Cell sky130_fd_sc_hd__o41ai_4 disconnected node: B1
Cell sky130_fd_sc_hd__o41ai_4 disconnected node: VGND
Cell sky130_fd_sc_hd__o41ai_4 disconnected node: VPWR
Cell sky130_fd_sc_hd__o41ai_4 disconnected node: Y
Warning: Equate pins:  cell sky130_fd_sc_hd__o41ai_4 has no definition, treated as a black box.

Subcircuit pins:
Circuit 1: sky130_fd_sc_hd__o41ai_4        |Circuit 2: sky130_fd_sc_hd__o41ai_4        
-------------------------------------------|-------------------------------------------
A1                                         |A1                                         
A2                                         |A2                                         
A3                                         |A3                                         
A4                                         |A4                                         
B1                                         |B1                                         
VGND                                       |VGND                                       
VPWR                                       |VPWR                                       
Y                                          |Y                                          
---------------------------------------------------------------------------------------
Cell pin lists are equivalent.
Device classes sky130_fd_sc_hd__o41ai_4 and sky130_fd_sc_hd__o41ai_4 are equivalent.

Cell sky130_fd_sc_hd__a32o_4 disconnected node: A1
Cell sky130_fd_sc_hd__a32o_4 disconnected node: A2
Cell sky130_fd_sc_hd__a32o_4 disconnected node: A3
Cell sky130_fd_sc_hd__a32o_4 disconnected node: B1
Cell sky130_fd_sc_hd__a32o_4 disconnected node: B2
Cell sky130_fd_sc_hd__a32o_4 disconnected node: VGND
Cell sky130_fd_sc_hd__a32o_4 disconnected node: VPWR
Cell sky130_fd_sc_hd__a32o_4 disconnected node: X
Warning: Equate pins:  cell sky130_fd_sc_hd__a32o_4 has no definition, treated as a black box.

Subcircuit pins:
Circuit 1: sky130_fd_sc_hd__a32o_4         |Circuit 2: sky130_fd_sc_hd__a32o_4         
-------------------------------------------|-------------------------------------------
A1                                         |A1                                         
A2                                         |A2                                         
A3                                         |A3                                         
B1                                         |B1                                         
B2                                         |B2                                         
VGND                                       |VGND                                       
VPWR                                       |VPWR                                       
X                                          |X                                          
---------------------------------------------------------------------------------------
Cell pin lists are equivalent.
Device classes sky130_fd_sc_hd__a32o_4 and sky130_fd_sc_hd__a32o_4 are equivalent.

Cell sky130_fd_sc_hd__diode_2 disconnected node: DIODE
Cell sky130_fd_sc_hd__diode_2 disconnected node: VGND
Cell sky130_fd_sc_hd__diode_2 disconnected node: VPWR
Warning: Equate pins:  cell sky130_fd_sc_hd__diode_2 has no definition, treated as a black box.

Subcircuit pins:
Circuit 1: sky130_fd_sc_hd__diode_2        |Circuit 2: sky130_fd_sc_hd__diode_2        
-------------------------------------------|-------------------------------------------
DIODE                                      |DIODE                                      
VGND                                       |VGND                                       
VPWR                                       |VPWR                                       
---------------------------------------------------------------------------------------
Cell pin lists are equivalent.
Device classes sky130_fd_sc_hd__diode_2 and sky130_fd_sc_hd__diode_2 are equivalent.

Cell sky130_fd_sc_hd__a32oi_4 disconnected node: A1
Cell sky130_fd_sc_hd__a32oi_4 disconnected node: A2
Cell sky130_fd_sc_hd__a32oi_4 disconnected node: A3
Cell sky130_fd_sc_hd__a32oi_4 disconnected node: B1
Cell sky130_fd_sc_hd__a32oi_4 disconnected node: B2
Cell sky130_fd_sc_hd__a32oi_4 disconnected node: VGND
Cell sky130_fd_sc_hd__a32oi_4 disconnected node: VPWR
Cell sky130_fd_sc_hd__a32oi_4 disconnected node: Y
Warning: Equate pins:  cell sky130_fd_sc_hd__a32oi_4 has no definition, treated as a black box.

Subcircuit pins:
Circuit 1: sky130_fd_sc_hd__a32oi_4        |Circuit 2: sky130_fd_sc_hd__a32oi_4        
-------------------------------------------|-------------------------------------------
A1                                         |A1                                         
A2                                         |A2                                         
A3                                         |A3                                         
B1                                         |B1                                         
B2                                         |B2                                         
VGND                                       |VGND                                       
VPWR                                       |VPWR                                       
Y                                          |Y                                          
---------------------------------------------------------------------------------------
Cell pin lists are equivalent.
Device classes sky130_fd_sc_hd__a32oi_4 and sky130_fd_sc_hd__a32oi_4 are equivalent.

Cell sky130_fd_sc_hd__o32ai_4 disconnected node: A1
Cell sky130_fd_sc_hd__o32ai_4 disconnected node: A2
Cell sky130_fd_sc_hd__o32ai_4 disconnected node: A3
Cell sky130_fd_sc_hd__o32ai_4 disconnected node: B1
Cell sky130_fd_sc_hd__o32ai_4 disconnected node: B2
Cell sky130_fd_sc_hd__o32ai_4 disconnected node: VGND
Cell sky130_fd_sc_hd__o32ai_4 disconnected node: VPWR
Cell sky130_fd_sc_hd__o32ai_4 disconnected node: Y
Warning: Equate pins:  cell sky130_fd_sc_hd__o32ai_4 has no definition, treated as a black box.

Subcircuit pins:
Circuit 1: sky130_fd_sc_hd__o32ai_4        |Circuit 2: sky130_fd_sc_hd__o32ai_4        
-------------------------------------------|-------------------------------------------
A1                                         |A1                                         
A2                                         |A2                                         
A3                                         |A3                                         
B1                                         |B1                                         
B2                                         |B2                                         
VGND                                       |VGND                                       
VPWR                                       |VPWR                                       
Y                                          |Y                                          
---------------------------------------------------------------------------------------
Cell pin lists are equivalent.
Device classes sky130_fd_sc_hd__o32ai_4 and sky130_fd_sc_hd__o32ai_4 are equivalent.

Cell sky130_fd_sc_hd__and3_4 disconnected node: A
Cell sky130_fd_sc_hd__and3_4 disconnected node: B
Cell sky130_fd_sc_hd__and3_4 disconnected node: C
Cell sky130_fd_sc_hd__and3_4 disconnected node: VGND
Cell sky130_fd_sc_hd__and3_4 disconnected node: VPWR
Cell sky130_fd_sc_hd__and3_4 disconnected node: X
Warning: Equate pins:  cell sky130_fd_sc_hd__and3_4 has no definition, treated as a black box.

Subcircuit pins:
Circuit 1: sky130_fd_sc_hd__and3_4         |Circuit 2: sky130_fd_sc_hd__and3_4         
-------------------------------------------|-------------------------------------------
A                                          |A                                          
B                                          |B                                          
C                                          |C                                          
VGND                                       |VGND                                       
VPWR                                       |VPWR                                       
X                                          |X                                          
---------------------------------------------------------------------------------------
Cell pin lists are equivalent.
Device classes sky130_fd_sc_hd__and3_4 and sky130_fd_sc_hd__and3_4 are equivalent.

Cell sky130_fd_sc_hd__a22oi_4 disconnected node: A1
Cell sky130_fd_sc_hd__a22oi_4 disconnected node: A2
Cell sky130_fd_sc_hd__a22oi_4 disconnected node: B1
Cell sky130_fd_sc_hd__a22oi_4 disconnected node: B2
Cell sky130_fd_sc_hd__a22oi_4 disconnected node: VGND
Cell sky130_fd_sc_hd__a22oi_4 disconnected node: VPWR
Cell sky130_fd_sc_hd__a22oi_4 disconnected node: Y
Warning: Equate pins:  cell sky130_fd_sc_hd__a22oi_4 has no definition, treated as a black box.

Subcircuit pins:
Circuit 1: sky130_fd_sc_hd__a22oi_4        |Circuit 2: sky130_fd_sc_hd__a22oi_4        
-------------------------------------------|-------------------------------------------
A1                                         |A1                                         
A2                                         |A2                                         
B1                                         |B1                                         
B2                                         |B2                                         
VGND                                       |VGND                                       
VPWR                                       |VPWR                                       
Y                                          |Y                                          
---------------------------------------------------------------------------------------
Cell pin lists are equivalent.
Device classes sky130_fd_sc_hd__a22oi_4 and sky130_fd_sc_hd__a22oi_4 are equivalent.

Cell sky130_fd_sc_hd__a21bo_4 disconnected node: A1
Cell sky130_fd_sc_hd__a21bo_4 disconnected node: A2
Cell sky130_fd_sc_hd__a21bo_4 disconnected node: B1_N
Cell sky130_fd_sc_hd__a21bo_4 disconnected node: VGND
Cell sky130_fd_sc_hd__a21bo_4 disconnected node: VPWR
Cell sky130_fd_sc_hd__a21bo_4 disconnected node: X
Warning: Equate pins:  cell sky130_fd_sc_hd__a21bo_4 has no definition, treated as a black box.

Subcircuit pins:
Circuit 1: sky130_fd_sc_hd__a21bo_4        |Circuit 2: sky130_fd_sc_hd__a21bo_4        
-------------------------------------------|-------------------------------------------
A1                                         |A1                                         
A2                                         |A2                                         
B1_N                                       |B1_N                                       
VGND                                       |VGND                                       
VPWR                                       |VPWR                                       
X                                          |X                                          
---------------------------------------------------------------------------------------
Cell pin lists are equivalent.
Device classes sky130_fd_sc_hd__a21bo_4 and sky130_fd_sc_hd__a21bo_4 are equivalent.

Cell sky130_fd_sc_hd__a2111oi_4 disconnected node: A1
Cell sky130_fd_sc_hd__a2111oi_4 disconnected node: A2
Cell sky130_fd_sc_hd__a2111oi_4 disconnected node: B1
Cell sky130_fd_sc_hd__a2111oi_4 disconnected node: C1
Cell sky130_fd_sc_hd__a2111oi_4 disconnected node: D1
Cell sky130_fd_sc_hd__a2111oi_4 disconnected node: VGND
Cell sky130_fd_sc_hd__a2111oi_4 disconnected node: VPWR
Cell sky130_fd_sc_hd__a2111oi_4 disconnected node: Y
Warning: Equate pins:  cell sky130_fd_sc_hd__a2111oi_4 has no definition, treated as a black box.

Subcircuit pins:
Circuit 1: sky130_fd_sc_hd__a2111oi_4      |Circuit 2: sky130_fd_sc_hd__a2111oi_4      
-------------------------------------------|-------------------------------------------
A1                                         |A1                                         
A2                                         |A2                                         
B1                                         |B1                                         
C1                                         |C1                                         
D1                                         |D1                                         
VGND                                       |VGND                                       
VPWR                                       |VPWR                                       
Y                                          |Y                                          
---------------------------------------------------------------------------------------
Cell pin lists are equivalent.
Device classes sky130_fd_sc_hd__a2111oi_4 and sky130_fd_sc_hd__a2111oi_4 are equivalent.

Cell sky130_fd_sc_hd__o41a_4 disconnected node: A1
Cell sky130_fd_sc_hd__o41a_4 disconnected node: A2
Cell sky130_fd_sc_hd__o41a_4 disconnected node: A3
Cell sky130_fd_sc_hd__o41a_4 disconnected node: A4
Cell sky130_fd_sc_hd__o41a_4 disconnected node: B1
Cell sky130_fd_sc_hd__o41a_4 disconnected node: VGND
Cell sky130_fd_sc_hd__o41a_4 disconnected node: VPWR
Cell sky130_fd_sc_hd__o41a_4 disconnected node: X
Warning: Equate pins:  cell sky130_fd_sc_hd__o41a_4 has no definition, treated as a black box.

Subcircuit pins:
Circuit 1: sky130_fd_sc_hd__o41a_4         |Circuit 2: sky130_fd_sc_hd__o41a_4         
-------------------------------------------|-------------------------------------------
A1                                         |A1                                         
A2                                         |A2                                         
A3                                         |A3                                         
A4                                         |A4                                         
B1                                         |B1                                         
VGND                                       |VGND                                       
VPWR                                       |VPWR                                       
X                                          |X                                          
---------------------------------------------------------------------------------------
Cell pin lists are equivalent.
Device classes sky130_fd_sc_hd__o41a_4 and sky130_fd_sc_hd__o41a_4 are equivalent.

Cell sky130_fd_sc_hd__clkbuf_16 disconnected node: A
Cell sky130_fd_sc_hd__clkbuf_16 disconnected node: VGND
Cell sky130_fd_sc_hd__clkbuf_16 disconnected node: VPWR
Cell sky130_fd_sc_hd__clkbuf_16 disconnected node: X
Warning: Equate pins:  cell sky130_fd_sc_hd__clkbuf_16 has no definition, treated as a black box.

Subcircuit pins:
Circuit 1: sky130_fd_sc_hd__clkbuf_16      |Circuit 2: sky130_fd_sc_hd__clkbuf_16      
-------------------------------------------|-------------------------------------------
A                                          |A                                          
VGND                                       |VGND                                       
VPWR                                       |VPWR                                       
X                                          |X                                          
---------------------------------------------------------------------------------------
Cell pin lists are equivalent.
Device classes sky130_fd_sc_hd__clkbuf_16 and sky130_fd_sc_hd__clkbuf_16 are equivalent.

Cell sky130_fd_sc_hd__o32a_4 disconnected node: A1
Cell sky130_fd_sc_hd__o32a_4 disconnected node: A2
Cell sky130_fd_sc_hd__o32a_4 disconnected node: A3
Cell sky130_fd_sc_hd__o32a_4 disconnected node: B1
Cell sky130_fd_sc_hd__o32a_4 disconnected node: B2
Cell sky130_fd_sc_hd__o32a_4 disconnected node: VGND
Cell sky130_fd_sc_hd__o32a_4 disconnected node: VPWR
Cell sky130_fd_sc_hd__o32a_4 disconnected node: X
Warning: Equate pins:  cell sky130_fd_sc_hd__o32a_4 has no definition, treated as a black box.

Subcircuit pins:
Circuit 1: sky130_fd_sc_hd__o32a_4         |Circuit 2: sky130_fd_sc_hd__o32a_4         
-------------------------------------------|-------------------------------------------
A1                                         |A1                                         
A2                                         |A2                                         
A3                                         |A3                                         
B1                                         |B1                                         
B2                                         |B2                                         
VGND                                       |VGND                                       
VPWR                                       |VPWR                                       
X                                          |X                                          
---------------------------------------------------------------------------------------
Cell pin lists are equivalent.
Device classes sky130_fd_sc_hd__o32a_4 and sky130_fd_sc_hd__o32a_4 are equivalent.

Cell sky130_fd_sc_hd__or3_4 disconnected node: A
Cell sky130_fd_sc_hd__or3_4 disconnected node: B
Cell sky130_fd_sc_hd__or3_4 disconnected node: C
Cell sky130_fd_sc_hd__or3_4 disconnected node: VGND
Cell sky130_fd_sc_hd__or3_4 disconnected node: VPWR
Cell sky130_fd_sc_hd__or3_4 disconnected node: X
Warning: Equate pins:  cell sky130_fd_sc_hd__or3_4 has no definition, treated as a black box.

Subcircuit pins:
Circuit 1: sky130_fd_sc_hd__or3_4          |Circuit 2: sky130_fd_sc_hd__or3_4          
-------------------------------------------|-------------------------------------------
A                                          |A                                          
B                                          |B                                          
C                                          |C                                          
VGND                                       |VGND                                       
VPWR                                       |VPWR                                       
X                                          |X                                          
---------------------------------------------------------------------------------------
Cell pin lists are equivalent.
Device classes sky130_fd_sc_hd__or3_4 and sky130_fd_sc_hd__or3_4 are equivalent.

Cell sky130_fd_sc_hd__a2bb2oi_4 disconnected node: A1_N
Cell sky130_fd_sc_hd__a2bb2oi_4 disconnected node: A2_N
Cell sky130_fd_sc_hd__a2bb2oi_4 disconnected node: B1
Cell sky130_fd_sc_hd__a2bb2oi_4 disconnected node: B2
Cell sky130_fd_sc_hd__a2bb2oi_4 disconnected node: VGND
Cell sky130_fd_sc_hd__a2bb2oi_4 disconnected node: VPWR
Cell sky130_fd_sc_hd__a2bb2oi_4 disconnected node: Y
Warning: Equate pins:  cell sky130_fd_sc_hd__a2bb2oi_4 has no definition, treated as a black box.

Subcircuit pins:
Circuit 1: sky130_fd_sc_hd__a2bb2oi_4      |Circuit 2: sky130_fd_sc_hd__a2bb2oi_4      
-------------------------------------------|-------------------------------------------
A1_N                                       |A1_N                                       
A2_N                                       |A2_N                                       
B1                                         |B1                                         
B2                                         |B2                                         
VGND                                       |VGND                                       
VPWR                                       |VPWR                                       
Y                                          |Y                                          
---------------------------------------------------------------------------------------
Cell pin lists are equivalent.
Device classes sky130_fd_sc_hd__a2bb2oi_4 and sky130_fd_sc_hd__a2bb2oi_4 are equivalent.

Cell sky130_fd_sc_hd__conb_1 disconnected node: VGND
Cell sky130_fd_sc_hd__conb_1 disconnected node: VPWR
Cell sky130_fd_sc_hd__conb_1 disconnected node: HI
Cell sky130_fd_sc_hd__conb_1 disconnected node: LO
Warning: Equate pins:  cell sky130_fd_sc_hd__conb_1 has no definition, treated as a black box.

Subcircuit pins:
Circuit 1: sky130_fd_sc_hd__conb_1         |Circuit 2: sky130_fd_sc_hd__conb_1         
-------------------------------------------|-------------------------------------------
VGND                                       |VGND                                       
VPWR                                       |VPWR                                       
HI                                         |HI                                         
---------------------------------------------------------------------------------------
Cell pin lists are equivalent.
Device classes sky130_fd_sc_hd__conb_1 and sky130_fd_sc_hd__conb_1 are equivalent.

Cell sky130_fd_sc_hd__or4_4 disconnected node: A
Cell sky130_fd_sc_hd__or4_4 disconnected node: B
Cell sky130_fd_sc_hd__or4_4 disconnected node: C
Cell sky130_fd_sc_hd__or4_4 disconnected node: D
Cell sky130_fd_sc_hd__or4_4 disconnected node: VGND
Cell sky130_fd_sc_hd__or4_4 disconnected node: VPWR
Cell sky130_fd_sc_hd__or4_4 disconnected node: X
Warning: Equate pins:  cell sky130_fd_sc_hd__or4_4 has no definition, treated as a black box.

Subcircuit pins:
Circuit 1: sky130_fd_sc_hd__or4_4          |Circuit 2: sky130_fd_sc_hd__or4_4          
-------------------------------------------|-------------------------------------------
A                                          |A                                          
B                                          |B                                          
C                                          |C                                          
D                                          |D                                          
VGND                                       |VGND                                       
VPWR                                       |VPWR                                       
X                                          |X                                          
---------------------------------------------------------------------------------------
Cell pin lists are equivalent.
Device classes sky130_fd_sc_hd__or4_4 and sky130_fd_sc_hd__or4_4 are equivalent.

Cell sky130_fd_sc_hd__dfstp_4 disconnected node: CLK
Cell sky130_fd_sc_hd__dfstp_4 disconnected node: D
Cell sky130_fd_sc_hd__dfstp_4 disconnected node: SET_B
Cell sky130_fd_sc_hd__dfstp_4 disconnected node: VGND
Cell sky130_fd_sc_hd__dfstp_4 disconnected node: VPWR
Cell sky130_fd_sc_hd__dfstp_4 disconnected node: Q
Warning: Equate pins:  cell sky130_fd_sc_hd__dfstp_4 has no definition, treated as a black box.

Subcircuit pins:
Circuit 1: sky130_fd_sc_hd__dfstp_4        |Circuit 2: sky130_fd_sc_hd__dfstp_4        
-------------------------------------------|-------------------------------------------
CLK                                        |CLK                                        
D                                          |D                                          
SET_B                                      |SET_B                                      
VGND                                       |VGND                                       
VPWR                                       |VPWR                                       
Q                                          |Q                                          
---------------------------------------------------------------------------------------
Cell pin lists are equivalent.
Device classes sky130_fd_sc_hd__dfstp_4 and sky130_fd_sc_hd__dfstp_4 are equivalent.

Cell sky130_fd_sc_hd__dlclkp_1 disconnected node: CLK
Cell sky130_fd_sc_hd__dlclkp_1 disconnected node: GATE
Cell sky130_fd_sc_hd__dlclkp_1 disconnected node: VGND
Cell sky130_fd_sc_hd__dlclkp_1 disconnected node: VPWR
Cell sky130_fd_sc_hd__dlclkp_1 disconnected node: GCLK
Warning: Equate pins:  cell sky130_fd_sc_hd__dlclkp_1 has no definition, treated as a black box.

Subcircuit pins:
Circuit 1: sky130_fd_sc_hd__dlclkp_1       |Circuit 2: sky130_fd_sc_hd__dlclkp_1       
-------------------------------------------|-------------------------------------------
CLK                                        |CLK                                        
GATE                                       |GATE                                       
VGND                                       |VGND                                       
VPWR                                       |VPWR                                       
GCLK                                       |GCLK                                       
---------------------------------------------------------------------------------------
Cell pin lists are equivalent.
Device classes sky130_fd_sc_hd__dlclkp_1 and sky130_fd_sc_hd__dlclkp_1 are equivalent.

Cell ibex_wrapper disconnected node: HSIZE[2]
Cell ibex_wrapper disconnected node: HTRANS[0]

Subcircuit summary:
Circuit 1: ibex_wrapper                    |Circuit 2: ibex_wrapper                    
-------------------------------------------|-------------------------------------------
sky130_fd_sc_hd__nand2_4 (3430)            |sky130_fd_sc_hd__nand2_4 (3430)            
sky130_fd_sc_hd__inv_2 (1747)              |sky130_fd_sc_hd__inv_2 (1747)              
sky130_fd_sc_hd__nand3_4 (2688)            |sky130_fd_sc_hd__nand3_4 (2688)            
sky130_fd_sc_hd__a211o_4 (690)             |sky130_fd_sc_hd__a211o_4 (690)             
sky130_fd_sc_hd__a2111o_4 (59)             |sky130_fd_sc_hd__a2111o_4 (59)             
sky130_fd_sc_hd__a21boi_4 (354)            |sky130_fd_sc_hd__a21boi_4 (354)            
sky130_fd_sc_hd__tapvpwrvgnd_1 (17210)     |sky130_fd_sc_hd__tapvpwrvgnd_1 (17210)     
sky130_fd_sc_hd__nor2_4 (1011)             |sky130_fd_sc_hd__nor2_4 (1011)             
sky130_fd_sc_hd__and4_4 (280)              |sky130_fd_sc_hd__and4_4 (280)              
sky130_fd_sc_hd__buf_2 (4605)              |sky130_fd_sc_hd__buf_2 (4605)              
sky130_fd_sc_hd__and2_4 (1052)             |sky130_fd_sc_hd__and2_4 (1052)             
sky130_fd_sc_hd__a2bb2o_4 (80)             |sky130_fd_sc_hd__a2bb2o_4 (80)             
sky130_fd_sc_hd__a21o_4 (1823)             |sky130_fd_sc_hd__a21o_4 (1823)             
sky130_fd_sc_hd__o21a_4 (607)              |sky130_fd_sc_hd__o21a_4 (607)              
sky130_fd_sc_hd__o21ai_4 (1104)            |sky130_fd_sc_hd__o21ai_4 (1104)            
sky130_fd_sc_hd__a21oi_4 (922)             |sky130_fd_sc_hd__a21oi_4 (922)             
sky130_fd_sc_hd__nor4_4 (103)              |sky130_fd_sc_hd__nor4_4 (103)              
sky130_fd_sc_hd__nor3_4 (195)              |sky130_fd_sc_hd__nor3_4 (195)              
sky130_fd_sc_hd__dfrtp_4 (1658)            |sky130_fd_sc_hd__dfrtp_4 (1658)            
sky130_fd_sc_hd__xnor2_4 (124)             |sky130_fd_sc_hd__xnor2_4 (124)             
sky130_fd_sc_hd__xor2_4 (210)              |sky130_fd_sc_hd__xor2_4 (210)              
sky130_fd_sc_hd__nand4_4 (593)             |sky130_fd_sc_hd__nand4_4 (593)             
sky130_fd_sc_hd__clkbuf_1 (260)            |sky130_fd_sc_hd__clkbuf_1 (260)            
sky130_fd_sc_hd__dfxtp_4 (268)             |sky130_fd_sc_hd__dfxtp_4 (268)             
sky130_fd_sc_hd__a41oi_4 (122)             |sky130_fd_sc_hd__a41oi_4 (122)             
sky130_fd_sc_hd__or2_4 (140)               |sky130_fd_sc_hd__or2_4 (140)               
sky130_fd_sc_hd__a41o_4 (79)               |sky130_fd_sc_hd__a41o_4 (79)               
sky130_fd_sc_hd__o22a_4 (37)               |sky130_fd_sc_hd__o22a_4 (37)               
sky130_fd_sc_hd__o41ai_4 (31)              |sky130_fd_sc_hd__o41ai_4 (31)              
sky130_fd_sc_hd__a32o_4 (51)               |sky130_fd_sc_hd__a32o_4 (51)               
sky130_fd_sc_hd__diode_2 (198)             |sky130_fd_sc_hd__diode_2 (198)             
sky130_fd_sc_hd__a32oi_4 (26)              |sky130_fd_sc_hd__a32oi_4 (26)              
sky130_fd_sc_hd__o32ai_4 (57)              |sky130_fd_sc_hd__o32ai_4 (57)              
sky130_fd_sc_hd__and3_4 (133)              |sky130_fd_sc_hd__and3_4 (133)              
sky130_fd_sc_hd__a22oi_4 (133)             |sky130_fd_sc_hd__a22oi_4 (133)             
sky130_fd_sc_hd__a21bo_4 (132)             |sky130_fd_sc_hd__a21bo_4 (132)             
sky130_fd_sc_hd__a2111oi_4 (35)            |sky130_fd_sc_hd__a2111oi_4 (35)            
sky130_fd_sc_hd__o41a_4 (46)               |sky130_fd_sc_hd__o41a_4 (46)               
sky130_fd_sc_hd__clkbuf_16 (10)            |sky130_fd_sc_hd__clkbuf_16 (10)            
sky130_fd_sc_hd__o32a_4 (11)               |sky130_fd_sc_hd__o32a_4 (11)               
sky130_fd_sc_hd__or3_4 (20)                |sky130_fd_sc_hd__or3_4 (20)                
sky130_fd_sc_hd__a2bb2oi_4 (4)             |sky130_fd_sc_hd__a2bb2oi_4 (4)             
sky130_fd_sc_hd__conb_1 (3)                |sky130_fd_sc_hd__conb_1 (3)                
sky130_fd_sc_hd__or4_4 (4)                 |sky130_fd_sc_hd__or4_4 (4)                 
sky130_fd_sc_hd__dfstp_4 (10)              |sky130_fd_sc_hd__dfstp_4 (10)              
sky130_fd_sc_hd__dlclkp_1 (1)              |sky130_fd_sc_hd__dlclkp_1 (1)              
Number of devices: 42356                   |Number of devices: 42356                   
Number of nets: 25010                      |Number of nets: 25010                      
---------------------------------------------------------------------------------------
Resolving automorphisms by property value.
Resolving automorphisms by pin name.
Netlists match with 39 symmetries.
Circuits match correctly.

Subcircuit pins:
Circuit 1: ibex_wrapper                    |Circuit 2: ibex_wrapper                    
-------------------------------------------|-------------------------------------------
HRESETn                                    |HRESETn                                    
HRDATA[13]                                 |HRDATA[13]                                 
HRDATA[19]                                 |HRDATA[19]                                 
HRDATA[18]                                 |HRDATA[18]                                 
HRDATA[16]                                 |HRDATA[16]                                 
HRDATA[31]                                 |HRDATA[31]                                 
HRDATA[22]                                 |HRDATA[22]                                 
SYSTICKCLKDIV[7]                           |SYSTICKCLKDIV[7]                           
SYSTICKCLKDIV[4]                           |SYSTICKCLKDIV[4]                           
SYSTICKCLKDIV[1]                           |SYSTICKCLKDIV[1]                           
SYSTICKCLKDIV[6]                           |SYSTICKCLKDIV[6]                           
SYSTICKCLKDIV[5]                           |SYSTICKCLKDIV[5]                           
HADDR[0]                                   |HADDR[0]                                   
HADDR[1]                                   |HADDR[1]                                   
HADDR[4]                                   |HADDR[4]                                   
HADDR[8]                                   |HADDR[8]                                   
HADDR[11]                                  |HADDR[11]                                  
HADDR[6]                                   |HADDR[6]                                   
HADDR[7]                                   |HADDR[7]                                   
HADDR[14]                                  |HADDR[14]                                  
HADDR[16]                                  |HADDR[16]                                  
HADDR[2]                                   |HADDR[2]                                   
HADDR[10]                                  |HADDR[10]                                  
HADDR[19]                                  |HADDR[19]                                  
HADDR[20]                                  |HADDR[20]                                  
HADDR[21]                                  |HADDR[21]                                  
HADDR[15]                                  |HADDR[15]                                  
HADDR[22]                                  |HADDR[22]                                  
HADDR[26]                                  |HADDR[26]                                  
HADDR[18]                                  |HADDR[18]                                  
HADDR[9]                                   |HADDR[9]                                   
HADDR[12]                                  |HADDR[12]                                  
HADDR[13]                                  |HADDR[13]                                  
HADDR[28]                                  |HADDR[28]                                  
HADDR[23]                                  |HADDR[23]                                  
HADDR[24]                                  |HADDR[24]                                  
HADDR[17]                                  |HADDR[17]                                  
HADDR[25]                                  |HADDR[25]                                  
HADDR[27]                                  |HADDR[27]                                  
HADDR[29]                                  |HADDR[29]                                  
HADDR[30]                                  |HADDR[30]                                  
HSIZE[0]                                   |HSIZE[0]                                   
HSIZE[1]                                   |HSIZE[1]                                   
HWDATA[0]                                  |HWDATA[0]                                  
HWDATA[1]                                  |HWDATA[1]                                  
HWDATA[6]                                  |HWDATA[6]                                  
HWDATA[4]                                  |HWDATA[4]                                  
HWDATA[2]                                  |HWDATA[2]                                  
HWDATA[3]                                  |HWDATA[3]                                  
HWDATA[7]                                  |HWDATA[7]                                  
HWDATA[5]                                  |HWDATA[5]                                  
HWDATA[9]                                  |HWDATA[9]                                  
HWDATA[8]                                  |HWDATA[8]                                  
HWDATA[10]                                 |HWDATA[10]                                 
HWDATA[11]                                 |HWDATA[11]                                 
HWDATA[15]                                 |HWDATA[15]                                 
HWDATA[12]                                 |HWDATA[12]                                 
HWDATA[13]                                 |HWDATA[13]                                 
HWDATA[14]                                 |HWDATA[14]                                 
HWDATA[22]                                 |HWDATA[22]                                 
HWDATA[20]                                 |HWDATA[20]                                 
HWDATA[23]                                 |HWDATA[23]                                 
HWDATA[18]                                 |HWDATA[18]                                 
HADDR[3]                                   |HADDR[3]                                   
HADDR[5]                                   |HADDR[5]                                   
HWDATA[21]                                 |HWDATA[21]                                 
HWDATA[24]                                 |HWDATA[24]                                 
HWDATA[25]                                 |HWDATA[25]                                 
HWDATA[16]                                 |HWDATA[16]                                 
HWDATA[17]                                 |HWDATA[17]                                 
HADDR[31]                                  |HADDR[31]                                  
HWDATA[19]                                 |HWDATA[19]                                 
HWDATA[28]                                 |HWDATA[28]                                 
HWDATA[26]                                 |HWDATA[26]                                 
HWDATA[31]                                 |HWDATA[31]                                 
HWDATA[27]                                 |HWDATA[27]                                 
HWDATA[29]                                 |HWDATA[29]                                 
HWDATA[30]                                 |HWDATA[30]                                 
HWRITE                                     |HWRITE                                     
IRQ[10]                                    |IRQ[10]                                    
IRQ[7]                                     |IRQ[7]                                     
IRQ[6]                                     |IRQ[6]                                     
IRQ[1]                                     |IRQ[1]                                     
IRQ[13]                                    |IRQ[13]                                    
NMI                                        |NMI                                        
HRDATA[10]                                 |HRDATA[10]                                 
HRDATA[11]                                 |HRDATA[11]                                 
HRDATA[7]                                  |HRDATA[7]                                  
HRDATA[4]                                  |HRDATA[4]                                  
HRDATA[5]                                  |HRDATA[5]                                  
HRDATA[2]                                  |HRDATA[2]                                  
HCLK                                       |HCLK                                       
IRQ[0]                                     |IRQ[0]                                     
IRQ[9]                                     |IRQ[9]                                     
IRQ[8]                                     |IRQ[8]                                     
IRQ[5]                                     |IRQ[5]                                     
IRQ[4]                                     |IRQ[4]                                     
IRQ[12]                                    |IRQ[12]                                    
IRQ[14]                                    |IRQ[14]                                    
IRQ[2]                                     |IRQ[2]                                     
IRQ[3]                                     |IRQ[3]                                     
HRDATA[14]                                 |HRDATA[14]                                 
HRDATA[12]                                 |HRDATA[12]                                 
HRDATA[9]                                  |HRDATA[9]                                  
SYSTICKCLKDIV[2]                           |SYSTICKCLKDIV[2]                           
SYSTICKCLKDIV[3]                           |SYSTICKCLKDIV[3]                           
SYSTICKCLKDIV[0]                           |SYSTICKCLKDIV[0]                           
HTRANS[1]                                  |HTRANS[1]                                  
HRDATA[15]                                 |HRDATA[15]                                 
EXT_IRQ                                    |EXT_IRQ                                    
HRDATA[24]                                 |HRDATA[24]                                 
HRDATA[3]                                  |HRDATA[3]                                  
HRDATA[23]                                 |HRDATA[23]                                 
HRDATA[8]                                  |HRDATA[8]                                  
IRQ[11]                                    |IRQ[11]                                    
HRDATA[1]                                  |HRDATA[1]                                  
HRDATA[0]                                  |HRDATA[0]                                  
HRDATA[21]                                 |HRDATA[21]                                 
HRDATA[20]                                 |HRDATA[20]                                 
HRDATA[27]                                 |HRDATA[27]                                 
HRDATA[26]                                 |HRDATA[26]                                 
HRDATA[17]                                 |HRDATA[17]                                 
HREADY                                     |HREADY                                     
HRDATA[6]                                  |HRDATA[6]                                  
HRDATA[30]                                 |HRDATA[30]                                 
HRDATA[25]                                 |HRDATA[25]                                 
HRDATA[29]                                 |HRDATA[29]                                 
HRDATA[28]                                 |HRDATA[28]                                 
VGND                                       |VGND                                       
VPWR                                       |VPWR                                       
HSIZE[2]                                   |HSIZE[2]                                   
HTRANS[0]                                  |HTRANS[0]                                  
---------------------------------------------------------------------------------------
Cell pin lists are equivalent.
Device classes ibex_wrapper and ibex_wrapper are equivalent.
Circuits match uniquely.
