OpenROAD 0.9.0 d03ebfc244
This program is licensed under the BSD-3 license. See the LICENSE file for details. 
Components of this program may be licensed under more restrictive licenses which must be honored.
Error: cannot open '/.openroad'.
Notice 0: Reading LEF file:  /project/openlane/user_project_wrapper/runs/user_project_wrapper/tmp/merged_unpadded.lef
Notice 0: error: undefined layer (nwell) referenced
Notice 0: error: undefined layer (pwell) referenced
Notice 0:     Created 11 technology layers
Notice 0:     Created 25 technology vias
Notice 0:     Created 438 library cells
Notice 0: Finished LEF file:  /project/openlane/user_project_wrapper/runs/user_project_wrapper/tmp/merged_unpadded.lef
Notice 0: 
Reading DEF file: /project/openlane/user_project_wrapper/runs/user_project_wrapper/tmp/floorplan/pdn.def
Notice 0: Design: user_project_wrapper
Notice 0: 		Created 100000 Insts
Notice 0: 		Created 200000 Insts
Notice 0: 		Created 300000 Insts
Notice 0: 		Created 400000 Insts
Notice 0: 		Created 100000 Nets
Notice 0: 		Created 200000 Nets
Notice 0: 		Created 300000 Nets
Notice 0:     Created 642 pins.
Notice 0:     Created 453979 components and 1947772 component-terminals.
Notice 0:     Created 6 special nets and 0 connections.
Notice 0:     Created 318506 nets and 1039629 connections.
Notice 0: Finished DEF file: /project/openlane/user_project_wrapper/runs/user_project_wrapper/tmp/floorplan/pdn.def
[INFO] [PDNG-0016] Power Delivery Network Generator: Generating PDN
[INFO] [PDNG-0016]   config: /pdks/sky130A/libs.tech/openlane/common_pdn.tcl
[INFO] [PDNG-0008] Design Name is user_project_wrapper
[INFO] [PDNG-0009] Reading technology data
[INFO] [PDNG-0011] ****** INFO ******
Type: stdcell, grid
    Core Rings
      Layer: met4 -  width: 3.000  spacing: 1.700  core_offset: 42.200 
      Layer: met5 -  width: 3.000  spacing: 1.700  core_offset: 42.200 
    Stdcell Rails
    Straps
      Layer: met4 -  width: 3.000  pitch: 180.000  offset: 54.000 
      Layer: met5 -  width: 3.000  pitch: 180.000  offset: 54.000 
    Connect: {met4 met5}
Type: macro, macro_1
    Macro orientation: R0 R180 MX MY R90 R270 MXR90 MYR90
    Straps
    Connect: {met4_PIN_ver met5}
[INFO] [PDNG-0012] **** END INFO ****
[INFO] [PDNG-0013] Inserting stdcell grid - grid
[INFO] [PDNG-0015] Writing to database
