Notice 0: Reading LEF file:  /project/openlane/user_project_wrapper/runs/user_project_wrapper/tmp/merged.lef
Notice 0: error: undefined layer (nwell) referenced
Notice 0: error: undefined layer (pwell) referenced
Notice 0:     Created 11 technology layers
Notice 0:     Created 25 technology vias
Notice 0:     Created 438 library cells
Notice 0: Finished LEF file:  /project/openlane/user_project_wrapper/runs/user_project_wrapper/tmp/merged.lef
Notice 0: 
Reading DEF file: /project/openlane/user_project_wrapper/runs/user_project_wrapper/tmp/floorplan/verilog2def_openroad.def
Notice 0: Design: user_project_wrapper
Notice 0: 		Created 100000 Insts
Notice 0: 		Created 200000 Insts
Notice 0: 		Created 300000 Insts
Notice 0: 		Created 100000 Nets
Notice 0: 		Created 200000 Nets
Notice 0: 		Created 300000 Nets
Notice 0:     Created 636 pins.
Notice 0:     Created 318107 components and 1676028 component-terminals.
Notice 0:     Created 318506 nets and 1039629 connections.
Notice 0: Finished DEF file: /project/openlane/user_project_wrapper/runs/user_project_wrapper/tmp/floorplan/verilog2def_openroad.def
Top-level design name: user_project_wrapper
Block boundaries: 0 0 2920000 3520000
Writing /project/openlane/user_project_wrapper/runs/user_project_wrapper/tmp/floorplan/ioPlacer.def
