Startpoint: _595377_ (rising edge-triggered flip-flop)
Endpoint: io_out[32] (output port clocked by user_clock2)
Path Group: user_clock2
Path Type: min

  Delay    Time   Description
---------------------------------------------------------
   0.00    0.00 ^ _595377_/CLK (sky130_fd_sc_hd__dfrtp_4)
  -1.18   -1.18 v _595377_/Q (sky130_fd_sc_hd__dfrtp_4)
   0.00   -1.18 v io_out[32] (out)
          -1.18   data arrival time

   0.00    0.00   clock user_clock2 (rise edge)
   0.00    0.00   clock network delay (ideal)
   0.00    0.00   clock reconvergence pessimism
  -2.00   -2.00   output external delay
          -2.00   data required time
---------------------------------------------------------
          -2.00   data required time
           1.18   data arrival time
---------------------------------------------------------
           0.82   slack (MET)


Startpoint: wb_clk_i (input port clocked by user_clock2)
Endpoint: io_out[4] (output port clocked by user_clock2)
Path Group: user_clock2
Path Type: max

  Delay    Time   Description
---------------------------------------------------------
   0.00    0.00   clock user_clock2 (rise edge)
   0.00    0.00   clock network delay (ideal)
   2.00    2.00 ^ input external delay
 110.00  112.00 ^ wb_clk_i (in)
  23.57  135.57 ^ _278490_/X (sky130_fd_sc_hd__buf_2)
   0.33  135.90 v _554927_/Y (sky130_fd_sc_hd__nand2_4)
   0.27  136.17 ^ _554928_/Y (sky130_fd_sc_hd__inv_2)
   0.00  136.17 ^ io_out[4] (out)
         136.17   data arrival time

  10.00   10.00   clock user_clock2 (rise edge)
   0.00   10.00   clock network delay (ideal)
   0.00   10.00   clock reconvergence pessimism
  -2.00    8.00   output external delay
           8.00   data required time
---------------------------------------------------------
           8.00   data required time
        -136.17   data arrival time
---------------------------------------------------------
        -128.17   slack (VIOLATED)


