Fri Dec 18 21:23:27 UTC 2020 - Executing "/openLANE_flow/scripts/mergeLef.py -i /pdks/sky130A/libs.ref/sky130_fd_sc_hd/techlef/sky130_fd_sc_hd.tlef {/pdks/sky130A/libs.ref/sky130_fd_sc_hd/lef/sky130_fd_sc_hd.lef /pdks/sky130A/libs.ref/sky130_fd_sc_hd/lef/sky130_ef_sc_hd__fakediode_2.lef} -o /openLANE_flow/designs/soc_mem/runs/18-12_21-23/tmp/merged_unpadded.lef |& tee >&@stdout"

Fri Dec 18 21:23:27 UTC 2020 - Executing "/openLANE_flow/scripts/libtrim.pl /pdks/sky130A/libs.ref/sky130_fd_sc_hd/lib/sky130_fd_sc_hd__tt_025C_1v80.lib /pdks/sky130A/libs.tech/openlane/sky130_fd_sc_hd/no_synth.cells > /openLANE_flow/designs/soc_mem/runs/18-12_21-23/tmp/trimmed.lib"

Fri Dec 18 21:23:28 UTC 2020 - Executing "sed -E {s/^([[:space:]]+)pg_pin(.*)/\1pin\2\n\1    direction : "inout";/g} /pdks/sky130A/libs.ref/sky130_fd_sc_hd/lib/sky130_fd_sc_hd__tt_025C_1v80.lib > /openLANE_flow/designs/soc_mem/runs/18-12_21-23/tmp/sky130_fd_sc_hd__tt_025C_1v80.no_pg.lib"

Fri Dec 18 21:23:28 UTC 2020 - Executing "yosys -c /openLANE_flow/scripts/synth.tcl -l /openLANE_flow/designs/soc_mem/runs/18-12_21-23/logs/synthesis/yosys.log |& tee >&@stdout"

Fri Dec 18 21:26:24 UTC 2020 - Executing "sed -i -e {s/\(set ::env(CURRENT_NETLIST)\).*/\1 \/openLANE_flow\/designs\/soc_mem\/runs\/18-12_21-23\/results\/synthesis\/openstriVe_soc_mem.synthesis.v/} /openLANE_flow/designs/soc_mem/runs/18-12_21-23/config.tcl"

Fri Dec 18 21:26:24 UTC 2020 - Executing "sed -i -e {s/\(set ::env(PREV_NETLIST)\).*/\1 0/} /openLANE_flow/designs/soc_mem/runs/18-12_21-23/config.tcl"

Fri Dec 18 21:26:24 UTC 2020 - Executing "sed -i /defparam/d /openLANE_flow/designs/soc_mem/runs/18-12_21-23/results/synthesis/openstriVe_soc_mem.synthesis.v"

Fri Dec 18 21:26:26 UTC 2020 - Executing "sta /openLANE_flow/scripts/sta.tcl |& tee >&@stdout /openLANE_flow/designs/soc_mem/runs/18-12_21-23/logs/synthesis/opensta.log"

Fri Dec 18 21:26:34 UTC 2020 - Executing "sed -E {s/^([[:space:]]+)pg_pin(.*)/\1pin\2\n\1    direction : "inout";/g} /pdks/sky130A/libs.ref/sky130_fd_sc_hd/lib/sky130_fd_sc_hd__tt_025C_1v80.lib > /openLANE_flow/designs/soc_mem/runs/18-12_21-23/tmp/sky130_fd_sc_hd__tt_025C_1v80.no_pg.lib"

Fri Dec 18 21:26:34 UTC 2020 - Executing "yosys -c /openLANE_flow/scripts/synth.tcl -l /openLANE_flow/designs/soc_mem/runs/18-12_21-23/logs/synthesis/yosys.log |& tee >&@stdout"

Fri Dec 18 21:29:19 UTC 2020 - Executing "sed -i /defparam/d /openLANE_flow/designs/soc_mem/runs/18-12_21-23/results/synthesis/openstriVe_soc_mem.synthesis.v"

Fri Dec 18 21:29:21 UTC 2020 - Executing "openroad -exit /openLANE_flow/scripts/openroad/or_floorplan.tcl |& tee >&@stdout /openLANE_flow/designs/soc_mem/runs/18-12_21-23/logs/floorplan/verilog2def.openroad.log"

Fri Dec 18 21:29:26 UTC 2020 - Executing "openroad -exit /openLANE_flow/scripts/openroad/or_ioplacer.tcl |& tee >&@stdout /openLANE_flow/designs/soc_mem/runs/18-12_21-23/logs/floorplan/ioPlacer.log"

Fri Dec 18 21:29:30 UTC 2020 - Executing "openroad -exit /openLANE_flow/scripts/openroad/or_tapcell.tcl |& tee >&@stdout /openLANE_flow/designs/soc_mem/runs/18-12_21-23/logs/floorplan/tapcell.log"

Fri Dec 18 21:29:48 UTC 2020 - Executing "openroad -exit /openLANE_flow/scripts/new_pdn.tcl |& tee >&@stdout /openLANE_flow/designs/soc_mem/runs/18-12_21-23/logs/floorplan/pdn.log"

Fri Dec 18 21:30:15 UTC 2020 - Executing "openroad -exit /openLANE_flow/scripts/openroad/or_replace.tcl |& tee >&@stdout /openLANE_flow/designs/soc_mem/runs/18-12_21-23/logs/placement/replace.log"

Fri Dec 18 21:32:49 UTC 2020 - Executing "/openLANE_flow/scripts/libtrim.pl /pdks/sky130A/libs.ref/sky130_fd_sc_hd/lib/sky130_fd_sc_hd__ss_100C_1v60.lib /pdks/sky130A/libs.tech/openlane/sky130_fd_sc_hd/no_synth.cells > /openLANE_flow/designs/soc_mem/runs/18-12_21-23/tmp/opt.lib"

Fri Dec 18 21:32:49 UTC 2020 - Executing "Psn /openLANE_flow/scripts/openPhySyn.tcl |& tee >&@stdout /openLANE_flow/designs/soc_mem/runs/18-12_21-23/logs/placement/openphysyn.log"

Fri Dec 18 21:34:23 UTC 2020 - Executing "openroad -exit /openLANE_flow/scripts/openroad/or_write_verilog.tcl |& tee >&@stdout /openLANE_flow/designs/soc_mem/runs/18-12_21-23/logs/write_verilog.log"

Fri Dec 18 21:34:28 UTC 2020 - Executing "sed -i -e {s/\(set ::env(CURRENT_NETLIST)\).*/\1 \/openLANE_flow\/designs\/soc_mem\/runs\/18-12_21-23\/results\/synthesis\/openstriVe_soc_mem.synthesis_optimized.v/} /openLANE_flow/designs/soc_mem/runs/18-12_21-23/config.tcl"

Fri Dec 18 21:34:28 UTC 2020 - Executing "sed -i -e {s/\(set ::env(PREV_NETLIST)\).*/\1 \/openLANE_flow\/designs\/soc_mem\/runs\/18-12_21-23\/results\/synthesis\/openstriVe_soc_mem.synthesis.v/} /openLANE_flow/designs/soc_mem/runs/18-12_21-23/config.tcl"

Fri Dec 18 21:34:28 UTC 2020 - Executing "sta /openLANE_flow/scripts/sta.tcl |& tee >&@stdout /openLANE_flow/designs/soc_mem/runs/18-12_21-23/logs/synthesis/opensta_post_openphysyn.log"

Fri Dec 18 21:34:36 UTC 2020 - Executing "openroad -exit /openLANE_flow/scripts/openroad/or_opendp.tcl |& tee >&@stdout /openLANE_flow/designs/soc_mem/runs/18-12_21-23/logs/placement/opendp.log"

Fri Dec 18 21:34:43 UTC 2020 - Executing "openroad -exit /openLANE_flow/scripts/openroad/or_cts.tcl |& tee >&@stdout /openLANE_flow/designs/soc_mem/runs/18-12_21-23/logs/cts/cts.log"

Fri Dec 18 21:35:57 UTC 2020 - Executing "openroad -exit /openLANE_flow/scripts/openroad/or_write_verilog.tcl |& tee >&@stdout /openLANE_flow/designs/soc_mem/runs/18-12_21-23/logs/write_verilog.log"

Fri Dec 18 21:36:02 UTC 2020 - Executing "sed -i -e {s/\(set ::env(CURRENT_NETLIST)\).*/\1 \/openLANE_flow\/designs\/soc_mem\/runs\/18-12_21-23\/results\/synthesis\/openstriVe_soc_mem.synthesis_cts.v/} /openLANE_flow/designs/soc_mem/runs/18-12_21-23/config.tcl"

Fri Dec 18 21:36:02 UTC 2020 - Executing "sed -i -e {s/\(set ::env(PREV_NETLIST)\).*/\1 \/openLANE_flow\/designs\/soc_mem\/runs\/18-12_21-23\/results\/synthesis\/openstriVe_soc_mem.synthesis_optimized.v/} /openLANE_flow/designs/soc_mem/runs/18-12_21-23/config.tcl"

Fri Dec 18 21:36:02 UTC 2020 - Executing "openroad -exit /openLANE_flow/scripts/openroad/or_route.tcl |& tee >&@stdout /openLANE_flow/designs/soc_mem/runs/18-12_21-23/logs/routing/fastroute.log"

Fri Dec 18 21:37:32 UTC 2020 - Executing "python3 /openLANE_flow/scripts/replace_prefix_from_def_instances.py -op ANTENNA -np INSDIODE2 -d /openLANE_flow/designs/soc_mem/runs/18-12_21-23/tmp/routing/fastroute.def"

Fri Dec 18 21:55:14 UTC 2020 - Executing "openroad -exit /openLANE_flow/scripts/openroad/or_route.tcl |& tee >&@stdout /openLANE_flow/designs/soc_mem/runs/18-12_21-23/logs/routing/fastroute_2.log"

Fri Dec 18 21:57:37 UTC 2020 - Executing "openroad -exit /openLANE_flow/scripts/openroad/or_route.tcl |& tee >&@stdout /openLANE_flow/designs/soc_mem/runs/18-12_21-23/logs/routing/fastroute_post_antenna.log"

Fri Dec 18 21:58:35 UTC 2020 - Executing "openroad -exit /openLANE_flow/scripts/openroad/or_fill.tcl |& tee >&@stdout /openLANE_flow/designs/soc_mem/runs/18-12_21-23/logs/routing/addspacers.log"

Fri Dec 18 21:58:43 UTC 2020 - Executing "openroad -exit /openLANE_flow/scripts/openroad/or_write_verilog.tcl |& tee >&@stdout /openLANE_flow/designs/soc_mem/runs/18-12_21-23/logs/write_verilog.log"

Fri Dec 18 21:58:52 UTC 2020 - Executing "sed -i -e {s/\(set ::env(CURRENT_NETLIST)\).*/\1 \/openLANE_flow\/designs\/soc_mem\/runs\/18-12_21-23\/results\/synthesis\/openstriVe_soc_mem.synthesis_preroute.v/} /openLANE_flow/designs/soc_mem/runs/18-12_21-23/config.tcl"

Fri Dec 18 21:58:52 UTC 2020 - Executing "sed -i -e {s/\(set ::env(PREV_NETLIST)\).*/\1 \/openLANE_flow\/designs\/soc_mem\/runs\/18-12_21-23\/results\/synthesis\/openstriVe_soc_mem.synthesis_cts.v/} /openLANE_flow/designs/soc_mem/runs/18-12_21-23/config.tcl"

Fri Dec 18 21:58:52 UTC 2020 - Executing "envsubst < /openLANE_flow/scripts/tritonRoute.param > /openLANE_flow/designs/soc_mem/runs/18-12_21-23/tmp/routing/tritonRoute.param"

Fri Dec 18 21:58:52 UTC 2020 - Executing "TritonRoute /openLANE_flow/designs/soc_mem/runs/18-12_21-23/tmp/routing/tritonRoute.param |& tee >&@stdout /openLANE_flow/designs/soc_mem/runs/18-12_21-23/logs/routing/tritonRoute.log"

